2023-12-09 13:17:45.990 [main] org.example.back.Login:27 INFO  org.example.back.Login - Logging, please provide username and password: 
2023-12-09 13:17:45.991 [main] org.example.back.Login:30 INFO  org.example.back.Login - Enter username
2023-12-09 13:17:45.991 [main] org.example.back.Login:34 INFO  org.example.back.Login - Enter password
2023-12-09 13:17:46.053 [main] org.example.back.JsonProcessing:132 WARN  org.example.back.JsonProcessing - Username is not found: Bohdan
2023-12-09 13:17:46.054 [main] org.example.back.JsonProcessing:133 WARN  org.example.back.JsonProcessing - Method returned null value when ended
2023-12-09 13:17:46.054 [main] org.example.back.Login:47 INFO  org.example.back.Login - User Bohdan not logged in, proceeding to registration
2023-12-09 13:17:46.056 [main] org.example.login.LoanUser:23 INFO  org.example.login.LoanUser - Creating LoanUser instance with user input.
2023-12-09 13:17:46.056 [main] org.example.login.LoanUser:35 INFO  org.example.login.LoanUser - Reading user input for LoanUser.
2023-12-09 13:17:46.057 [main] org.example.login.LoanUser:38 INFO  org.example.login.LoanUser - Prompting user for name.
2023-12-09 13:19:38.193 [main] org.example.back.Login:27 INFO  org.example.back.Login - Logging, please provide username and password: 
2023-12-09 13:19:38.194 [main] org.example.back.Login:30 INFO  org.example.back.Login - Enter username
2023-12-09 13:19:38.196 [main] org.example.back.Login:34 INFO  org.example.back.Login - Enter password
2023-12-09 13:20:09.159 [main] org.example.back.Login:27 INFO  org.example.back.Login - Logging, please provide username and password: 
2023-12-09 13:20:09.159 [main] org.example.back.Login:30 INFO  org.example.back.Login - Enter username
2023-12-09 13:20:09.160 [main] org.example.back.Login:34 INFO  org.example.back.Login - Enter password
2023-12-09 13:20:09.219 [main] org.example.back.JsonProcessing:132 WARN  org.example.back.JsonProcessing - Username is not found: Bohdan
2023-12-09 13:20:09.219 [main] org.example.back.JsonProcessing:133 WARN  org.example.back.JsonProcessing - Method returned null value when ended
2023-12-09 13:20:09.220 [main] org.example.back.Login:47 INFO  org.example.back.Login - User Bohdan not logged in, proceeding to registration
2023-12-09 13:20:09.222 [main] org.example.login.LoanUser:23 INFO  org.example.login.LoanUser - Creating LoanUser instance with user input.
2023-12-09 13:20:09.222 [main] org.example.login.LoanUser:35 INFO  org.example.login.LoanUser - Reading user input for LoanUser.
2023-12-09 13:20:09.223 [main] org.example.login.LoanUser:38 INFO  org.example.login.LoanUser - Prompting user for name.
2023-12-09 13:20:43.362 [main] org.example.back.Login:27 INFO  org.example.back.Login - Logging, please provide username and password: 
2023-12-09 13:20:43.363 [main] org.example.back.Login:30 INFO  org.example.back.Login - Enter username
2023-12-09 13:20:43.364 [main] org.example.back.Login:34 INFO  org.example.back.Login - Enter password
2023-12-09 13:20:59.185 [main] org.example.back.Login:27 INFO  org.example.back.Login - Logging, please provide username and password: 
2023-12-09 13:21:04.772 [main] org.example.back.Login:30 INFO  org.example.back.Login - Enter username
2023-12-09 13:21:32.153 [main] org.example.back.Login:34 INFO  org.example.back.Login - Enter password
2023-12-09 13:21:42.749 [main] org.example.back.JsonProcessing:132 WARN  org.example.back.JsonProcessing - Username is not found: Bohdan
2023-12-09 13:21:42.749 [main] org.example.back.JsonProcessing:133 WARN  org.example.back.JsonProcessing - Method returned null value when ended
2023-12-09 13:21:52.697 [main] org.example.back.Login:47 INFO  org.example.back.Login - User Bohdan not logged in, proceeding to registration
2023-12-09 13:21:53.391 [main] org.example.login.LoanUser:23 INFO  org.example.login.LoanUser - Creating LoanUser instance with user input.
2023-12-09 13:21:53.392 [main] org.example.login.LoanUser:35 INFO  org.example.login.LoanUser - Reading user input for LoanUser.
2023-12-09 13:21:53.393 [main] org.example.login.LoanUser:38 INFO  org.example.login.LoanUser - Prompting user for name.
2023-12-09 13:24:30.323 [main] org.example.back.Login:27 INFO  org.example.back.Login - Logging, please provide username and password: 
2023-12-09 13:24:30.325 [main] org.example.back.Login:30 INFO  org.example.back.Login - Enter username
2023-12-09 13:24:30.326 [main] org.example.back.Login:34 INFO  org.example.back.Login - Enter password
2023-12-09 13:24:43.012 [main] org.example.back.JsonProcessing:63 INFO  org.example.back.JsonProcessing - All data from src/main/resources/dataForLoginTest/users.json was saved to userList
2023-12-09 13:24:43.017 [main] org.example.back.JsonProcessing:77 INFO  org.example.back.JsonProcessing - All data from src/main/resources/dataForLoginTest/banks.json was read to bankList
2023-12-09 13:24:52.550 [main] org.example.back.Login:28 INFO  org.example.back.Login - Logging, please provide username and password: 
2023-12-09 13:24:53.408 [main] org.example.back.Login:31 INFO  org.example.back.Login - Enter username
2023-12-09 13:24:54.285 [main] org.example.back.Login:35 INFO  org.example.back.Login - Enter password
2023-12-09 13:24:58.659 [main] org.example.back.JsonProcessing:122 INFO  org.example.back.JsonProcessing - User Bohdan logged in successfully
2023-12-09 13:25:00.593 [main] org.example.back.Login:45 INFO  org.example.back.Login - User Bohdan successfully logged in
2023-12-09 13:27:59.713 [main] org.example.back.JsonProcessing:63 INFO  org.example.back.JsonProcessing - All data from src/main/resources/dataForLoginTest/users.json was saved to userList
2023-12-09 13:27:59.720 [main] org.example.back.JsonProcessing:77 INFO  org.example.back.JsonProcessing - All data from src/main/resources/dataForLoginTest/banks.json was read to bankList
2023-12-09 13:27:59.721 [main] org.example.back.Login:28 INFO  org.example.back.Login - Logging, please provide username and password: 
2023-12-09 13:27:59.721 [main] org.example.back.Login:31 INFO  org.example.back.Login - Enter username
2023-12-09 13:27:59.722 [main] org.example.back.Login:35 INFO  org.example.back.Login - Enter password
2023-12-09 13:27:59.753 [main] org.example.back.JsonProcessing:122 INFO  org.example.back.JsonProcessing - User Bohdan logged in successfully
2023-12-09 13:27:59.753 [main] org.example.back.Login:45 INFO  org.example.back.Login - User Bohdan successfully logged in
2023-12-09 13:29:47.341 [main] org.example.back.JsonProcessing:63 INFO  org.example.back.JsonProcessing - All data from src/main/resources/dataForLoginTest/users.json was saved to userList
2023-12-09 13:29:47.347 [main] org.example.back.JsonProcessing:77 INFO  org.example.back.JsonProcessing - All data from src/main/resources/dataForLoginTest/banks.json was read to bankList
2023-12-09 13:29:47.347 [main] org.example.back.Login:28 INFO  org.example.back.Login - Logging, please provide username and password: 
2023-12-09 13:29:47.348 [main] org.example.back.Login:31 INFO  org.example.back.Login - Enter username
2023-12-09 13:29:47.348 [main] org.example.back.Login:35 INFO  org.example.back.Login - Enter password
2023-12-09 13:29:47.379 [main] org.example.back.JsonProcessing:122 INFO  org.example.back.JsonProcessing - User Bohdan logged in successfully
2023-12-09 13:29:47.379 [main] org.example.back.Login:45 INFO  org.example.back.Login - User Bohdan successfully logged in
2023-12-09 13:30:26.445 [main] org.example.back.JsonProcessing:63 INFO  org.example.back.JsonProcessing - All data from src/main/resources/dataForLoginTest/users.json was saved to userList
2023-12-09 13:30:26.451 [main] org.example.back.JsonProcessing:77 INFO  org.example.back.JsonProcessing - All data from src/main/resources/dataForLoginTest/banks.json was read to bankList
2023-12-09 13:30:26.451 [main] org.example.back.Login:28 INFO  org.example.back.Login - Logging, please provide username and password: 
2023-12-09 13:30:26.452 [main] org.example.back.Login:31 INFO  org.example.back.Login - Enter username
2023-12-09 13:30:26.453 [main] org.example.back.Login:35 INFO  org.example.back.Login - Enter password
2023-12-09 13:30:26.484 [main] org.example.back.JsonProcessing:122 INFO  org.example.back.JsonProcessing - User Bohdan logged in successfully
2023-12-09 13:30:26.485 [main] org.example.back.Login:45 INFO  org.example.back.Login - User Bohdan successfully logged in
2023-12-09 13:33:49.561 [main] org.example.back.JsonProcessing:63 INFO  org.example.back.JsonProcessing - All data from src/main/resources/dataForLoginTest/users.json was saved to userList
2023-12-09 13:33:49.566 [main] org.example.back.JsonProcessing:77 INFO  org.example.back.JsonProcessing - All data from src/main/resources/dataForLoginTest/banks.json was read to bankList
2023-12-09 13:33:49.567 [main] org.example.back.Login:28 INFO  org.example.back.Login - Logging, please provide username and password: 
2023-12-09 13:33:49.567 [main] org.example.back.Login:31 INFO  org.example.back.Login - Enter username
2023-12-09 13:33:49.568 [main] org.example.back.Login:35 INFO  org.example.back.Login - Enter password
2023-12-09 13:33:49.590 [main] org.example.back.JsonProcessing:132 WARN  org.example.back.JsonProcessing - Username is not found: BadUsername
2023-12-09 13:33:49.590 [main] org.example.back.JsonProcessing:133 WARN  org.example.back.JsonProcessing - Method returned null value when ended
2023-12-09 13:33:49.590 [main] org.example.back.Login:48 INFO  org.example.back.Login - User BadUsername not logged in, proceeding to registration
2023-12-09 13:33:49.591 [main] org.example.login.LoanUser:23 INFO  org.example.login.LoanUser - Creating LoanUser instance with user input.
2023-12-09 13:33:49.591 [main] org.example.login.LoanUser:35 INFO  org.example.login.LoanUser - Reading user input for LoanUser.
2023-12-09 13:33:49.591 [main] org.example.login.LoanUser:38 INFO  org.example.login.LoanUser - Prompting user for name.
2023-12-09 13:34:01.679 [main] org.example.back.JsonProcessing:63 INFO  org.example.back.JsonProcessing - All data from src/main/resources/dataForLoginTest/users.json was saved to userList
2023-12-09 13:34:01.685 [main] org.example.back.JsonProcessing:77 INFO  org.example.back.JsonProcessing - All data from src/main/resources/dataForLoginTest/banks.json was read to bankList
2023-12-09 13:34:01.686 [main] org.example.back.Login:28 INFO  org.example.back.Login - Logging, please provide username and password: 
2023-12-09 13:34:01.686 [main] org.example.back.Login:31 INFO  org.example.back.Login - Enter username
2023-12-09 13:34:01.686 [main] org.example.back.Login:35 INFO  org.example.back.Login - Enter password
2023-12-09 13:34:01.717 [main] org.example.back.JsonProcessing:126 WARN  org.example.back.JsonProcessing - Password is incorrect for user: Bohdan
2023-12-09 13:34:01.717 [main] org.example.back.JsonProcessing:127 WARN  org.example.back.JsonProcessing - Method returned null value when ended
2023-12-09 13:34:01.718 [main] org.example.back.Login:48 INFO  org.example.back.Login - User Bohdan not logged in, proceeding to registration
2023-12-09 13:34:01.718 [main] org.example.login.LoanUser:23 INFO  org.example.login.LoanUser - Creating LoanUser instance with user input.
2023-12-09 13:34:01.719 [main] org.example.login.LoanUser:35 INFO  org.example.login.LoanUser - Reading user input for LoanUser.
2023-12-09 13:34:01.719 [main] org.example.login.LoanUser:38 INFO  org.example.login.LoanUser - Prompting user for name.
2023-12-09 13:34:28.296 [main] org.example.back.JsonProcessing:63 INFO  org.example.back.JsonProcessing - All data from src/main/resources/dataForLoginTest/users.json was saved to userList
2023-12-09 13:34:28.302 [main] org.example.back.JsonProcessing:77 INFO  org.example.back.JsonProcessing - All data from src/main/resources/dataForLoginTest/banks.json was read to bankList
2023-12-09 13:34:28.303 [main] org.example.back.Login:28 INFO  org.example.back.Login - Logging, please provide username and password: 
2023-12-09 13:34:28.303 [main] org.example.back.Login:31 INFO  org.example.back.Login - Enter username
2023-12-09 13:34:28.304 [main] org.example.back.Login:35 INFO  org.example.back.Login - Enter password
2023-12-09 13:34:28.334 [main] org.example.back.JsonProcessing:126 WARN  org.example.back.JsonProcessing - Password is incorrect for user: Bohdan
2023-12-09 13:34:28.334 [main] org.example.back.JsonProcessing:127 WARN  org.example.back.JsonProcessing - Method returned null value when ended
2023-12-09 13:34:28.335 [main] org.example.back.Login:48 INFO  org.example.back.Login - User Bohdan not logged in, proceeding to registration
2023-12-09 13:34:28.335 [main] org.example.login.LoanUser:23 INFO  org.example.login.LoanUser - Creating LoanUser instance with user input.
2023-12-09 13:34:28.336 [main] org.example.login.LoanUser:35 INFO  org.example.login.LoanUser - Reading user input for LoanUser.
2023-12-09 13:34:28.336 [main] org.example.login.LoanUser:38 INFO  org.example.login.LoanUser - Prompting user for name.
2023-12-09 13:35:23.690 [main] org.example.back.JsonProcessing:63 INFO  org.example.back.JsonProcessing - All data from src/main/resources/dataForLoginTest/users.json was saved to userList
2023-12-09 13:35:23.697 [main] org.example.back.JsonProcessing:77 INFO  org.example.back.JsonProcessing - All data from src/main/resources/dataForLoginTest/banks.json was read to bankList
2023-12-09 13:35:27.388 [main] org.example.back.Login:28 INFO  org.example.back.Login - Logging, please provide username and password: 
2023-12-09 13:35:28.888 [main] org.example.back.Login:31 INFO  org.example.back.Login - Enter username
2023-12-09 13:35:30.743 [main] org.example.back.Login:35 INFO  org.example.back.Login - Enter password
2023-12-09 13:35:46.581 [main] org.example.back.JsonProcessing:126 WARN  org.example.back.JsonProcessing - Password is incorrect for user: Bohdan
2023-12-09 13:35:46.582 [main] org.example.back.JsonProcessing:127 WARN  org.example.back.JsonProcessing - Method returned null value when ended
2023-12-09 13:36:15.147 [main] org.example.back.Login:48 INFO  org.example.back.Login - User Bohdan not logged in, proceeding to registration
2023-12-09 13:36:16.009 [main] org.example.login.LoanUser:23 INFO  org.example.login.LoanUser - Creating LoanUser instance with user input.
2023-12-09 13:36:16.010 [main] org.example.login.LoanUser:35 INFO  org.example.login.LoanUser - Reading user input for LoanUser.
2023-12-09 13:36:16.012 [main] org.example.login.LoanUser:38 INFO  org.example.login.LoanUser - Prompting user for name.
2023-12-09 13:41:07.369 [main] org.example.back.JsonProcessing:63 INFO  org.example.back.JsonProcessing - All data from src/main/resources/dataForLoginTest/users.json was saved to userList
2023-12-09 13:41:07.375 [main] org.example.back.JsonProcessing:77 INFO  org.example.back.JsonProcessing - All data from src/main/resources/dataForLoginTest/banks.json was read to bankList
2023-12-09 13:41:07.376 [main] org.example.back.Login:28 INFO  org.example.back.Login - Logging, please provide username and password: 
2023-12-09 13:41:07.376 [main] org.example.back.Login:31 INFO  org.example.back.Login - Enter username
2023-12-09 13:41:07.377 [main] org.example.back.Login:35 INFO  org.example.back.Login - Enter password
2023-12-09 13:41:07.408 [main] org.example.back.JsonProcessing:126 WARN  org.example.back.JsonProcessing - Password is incorrect for user: Bohdan
2023-12-09 13:41:07.409 [main] org.example.back.JsonProcessing:127 WARN  org.example.back.JsonProcessing - Method returned null value when ended
2023-12-09 13:41:07.410 [main] org.example.back.Login:48 INFO  org.example.back.Login - User Bohdan not logged in, proceeding to registration
2023-12-09 13:42:53.909 [main] org.example.back.JsonProcessing:63 INFO  org.example.back.JsonProcessing - All data from src/main/resources/dataForLoginTest/users.json was saved to userList
2023-12-09 13:42:53.915 [main] org.example.back.JsonProcessing:77 INFO  org.example.back.JsonProcessing - All data from src/main/resources/dataForLoginTest/banks.json was read to bankList
2023-12-09 13:42:53.916 [main] org.example.back.Login:28 INFO  org.example.back.Login - Logging, please provide username and password: 
2023-12-09 13:42:53.916 [main] org.example.back.Login:31 INFO  org.example.back.Login - Enter username
2023-12-09 13:42:53.917 [main] org.example.back.Login:35 INFO  org.example.back.Login - Enter password
2023-12-09 13:42:53.946 [main] org.example.back.JsonProcessing:126 WARN  org.example.back.JsonProcessing - Password is incorrect for user: Bohdan
2023-12-09 13:42:53.947 [main] org.example.back.JsonProcessing:127 WARN  org.example.back.JsonProcessing - Method returned null value when ended
2023-12-09 13:42:53.947 [main] org.example.back.Login:48 INFO  org.example.back.Login - User Bohdan not logged in, proceeding to registration
2023-12-09 13:44:11.272 [main] org.example.back.JsonProcessing:63 INFO  org.example.back.JsonProcessing - All data from src/main/resources/dataForLoginTest/users.json was saved to userList
2023-12-09 13:44:11.278 [main] org.example.back.JsonProcessing:77 INFO  org.example.back.JsonProcessing - All data from src/main/resources/dataForLoginTest/banks.json was read to bankList
2023-12-09 13:44:11.279 [main] org.example.back.Login:28 INFO  org.example.back.Login - Logging, please provide username and password: 
2023-12-09 13:44:11.279 [main] org.example.back.Login:31 INFO  org.example.back.Login - Enter username
2023-12-09 13:44:11.281 [main] org.example.back.Login:35 INFO  org.example.back.Login - Enter password
2023-12-09 13:44:11.313 [main] org.example.back.JsonProcessing:126 WARN  org.example.back.JsonProcessing - Password is incorrect for user: Bohdan
2023-12-09 13:44:11.314 [main] org.example.back.JsonProcessing:127 WARN  org.example.back.JsonProcessing - Method returned null value when ended
2023-12-09 13:44:11.314 [main] org.example.back.Login:48 INFO  org.example.back.Login - User Bohdan not logged in, proceeding to registration
2023-12-09 13:45:02.415 [main] org.example.back.JsonProcessing:63 INFO  org.example.back.JsonProcessing - All data from src/main/resources/dataForLoginTest/users.json was saved to userList
2023-12-09 13:45:02.421 [main] org.example.back.JsonProcessing:77 INFO  org.example.back.JsonProcessing - All data from src/main/resources/dataForLoginTest/banks.json was read to bankList
2023-12-09 13:45:02.421 [main] org.example.back.Login:28 INFO  org.example.back.Login - Logging, please provide username and password: 
2023-12-09 13:45:02.422 [main] org.example.back.Login:31 INFO  org.example.back.Login - Enter username
2023-12-09 13:45:02.422 [main] org.example.back.Login:35 INFO  org.example.back.Login - Enter password
2023-12-09 13:45:02.452 [main] org.example.back.JsonProcessing:126 WARN  org.example.back.JsonProcessing - Password is incorrect for user: Bohdan
2023-12-09 13:45:02.453 [main] org.example.back.JsonProcessing:127 WARN  org.example.back.JsonProcessing - Method returned null value when ended
2023-12-09 13:45:02.453 [main] org.example.back.Login:48 INFO  org.example.back.Login - User Bohdan not logged in, proceeding to registration
2023-12-09 13:45:27.279 [main] org.example.back.JsonProcessing:63 INFO  org.example.back.JsonProcessing - All data from src/main/resources/dataForLoginTest/users.json was saved to userList
2023-12-09 13:45:27.284 [main] org.example.back.JsonProcessing:77 INFO  org.example.back.JsonProcessing - All data from src/main/resources/dataForLoginTest/banks.json was read to bankList
2023-12-09 13:45:27.284 [main] org.example.back.Login:28 INFO  org.example.back.Login - Logging, please provide username and password: 
2023-12-09 13:45:27.284 [main] org.example.back.Login:31 INFO  org.example.back.Login - Enter username
2023-12-09 13:45:27.285 [main] org.example.back.Login:35 INFO  org.example.back.Login - Enter password
2023-12-09 13:45:27.315 [main] org.example.back.JsonProcessing:126 WARN  org.example.back.JsonProcessing - Password is incorrect for user: Bohdan
2023-12-09 13:45:27.315 [main] org.example.back.JsonProcessing:127 WARN  org.example.back.JsonProcessing - Method returned null value when ended
2023-12-09 13:45:27.315 [main] org.example.back.Login:48 INFO  org.example.back.Login - User Bohdan not logged in, proceeding to registration
2023-12-09 13:45:47.791 [main] org.example.back.JsonProcessing:63 INFO  org.example.back.JsonProcessing - All data from src/main/resources/dataForLoginTest/users.json was saved to userList
2023-12-09 13:45:47.795 [main] org.example.back.JsonProcessing:77 INFO  org.example.back.JsonProcessing - All data from src/main/resources/dataForLoginTest/banks.json was read to bankList
2023-12-09 13:45:47.796 [main] org.example.back.Login:28 INFO  org.example.back.Login - Logging, please provide username and password: 
2023-12-09 13:45:47.796 [main] org.example.back.Login:31 INFO  org.example.back.Login - Enter username
2023-12-09 13:45:47.797 [main] org.example.back.Login:35 INFO  org.example.back.Login - Enter password
2023-12-09 13:45:47.819 [main] org.example.back.JsonProcessing:126 WARN  org.example.back.JsonProcessing - Password is incorrect for user: Bohdan
2023-12-09 13:45:47.819 [main] org.example.back.JsonProcessing:127 WARN  org.example.back.JsonProcessing - Method returned null value when ended
2023-12-09 13:45:47.820 [main] org.example.back.Login:48 INFO  org.example.back.Login - User Bohdan not logged in, proceeding to registration
2023-12-09 13:46:18.916 [main] org.example.back.JsonProcessing:63 INFO  org.example.back.JsonProcessing - All data from src/main/resources/dataForLoginTest/users.json was saved to userList
2023-12-09 13:46:18.920 [main] org.example.back.JsonProcessing:77 INFO  org.example.back.JsonProcessing - All data from src/main/resources/dataForLoginTest/banks.json was read to bankList
2023-12-09 13:46:18.921 [main] org.example.back.Login:28 INFO  org.example.back.Login - Logging, please provide username and password: 
2023-12-09 13:46:18.921 [main] org.example.back.Login:31 INFO  org.example.back.Login - Enter username
2023-12-09 13:46:18.922 [main] org.example.back.Login:35 INFO  org.example.back.Login - Enter password
2023-12-09 13:46:18.948 [main] org.example.back.JsonProcessing:126 WARN  org.example.back.JsonProcessing - Password is incorrect for user: Bohdan
2023-12-09 13:46:18.949 [main] org.example.back.JsonProcessing:127 WARN  org.example.back.JsonProcessing - Method returned null value when ended
2023-12-09 13:46:18.949 [main] org.example.back.Login:48 INFO  org.example.back.Login - User Bohdan not logged in, proceeding to registration
2023-12-09 13:47:00.539 [main] org.example.back.JsonProcessing:63 INFO  org.example.back.JsonProcessing - All data from src/main/resources/dataForLoginTest/users.json was saved to userList
2023-12-09 13:47:00.543 [main] org.example.back.JsonProcessing:77 INFO  org.example.back.JsonProcessing - All data from src/main/resources/dataForLoginTest/banks.json was read to bankList
2023-12-09 13:47:00.544 [main] org.example.back.Login:28 INFO  org.example.back.Login - Logging, please provide username and password: 
2023-12-09 13:47:00.544 [main] org.example.back.Login:31 INFO  org.example.back.Login - Enter username
2023-12-09 13:47:00.545 [main] org.example.back.Login:35 INFO  org.example.back.Login - Enter password
2023-12-09 13:47:00.570 [main] org.example.back.JsonProcessing:126 WARN  org.example.back.JsonProcessing - Password is incorrect for user: Bohdan
2023-12-09 13:47:00.571 [main] org.example.back.JsonProcessing:127 WARN  org.example.back.JsonProcessing - Method returned null value when ended
2023-12-09 13:47:00.571 [main] org.example.back.Login:48 INFO  org.example.back.Login - User Bohdan not logged in, proceeding to registration
2023-12-09 13:47:55.270 [main] org.example.back.JsonProcessing:63 INFO  org.example.back.JsonProcessing - All data from src/main/resources/dataForLoginTest/users.json was saved to userList
2023-12-09 13:47:55.274 [main] org.example.back.JsonProcessing:77 INFO  org.example.back.JsonProcessing - All data from src/main/resources/dataForLoginTest/banks.json was read to bankList
2023-12-09 13:47:55.275 [main] org.example.back.Login:28 INFO  org.example.back.Login - Logging, please provide username and password: 
2023-12-09 13:47:55.275 [main] org.example.back.Login:31 INFO  org.example.back.Login - Enter username
2023-12-09 13:47:55.276 [main] org.example.back.Login:35 INFO  org.example.back.Login - Enter password
2023-12-09 13:47:55.308 [main] org.example.back.JsonProcessing:126 WARN  org.example.back.JsonProcessing - Password is incorrect for user: Bohdan
2023-12-09 13:47:55.308 [main] org.example.back.JsonProcessing:127 WARN  org.example.back.JsonProcessing - Method returned null value when ended
2023-12-09 13:47:55.308 [main] org.example.back.Login:48 INFO  org.example.back.Login - User Bohdan not logged in, proceeding to registration
2023-12-09 13:48:28.667 [main] org.example.back.JsonProcessing:63 INFO  org.example.back.JsonProcessing - All data from src/main/resources/dataForLoginTest/users.json was saved to userList
2023-12-09 13:48:28.672 [main] org.example.back.JsonProcessing:77 INFO  org.example.back.JsonProcessing - All data from src/main/resources/dataForLoginTest/banks.json was read to bankList
2023-12-09 13:48:28.672 [main] org.example.back.Login:28 INFO  org.example.back.Login - Logging, please provide username and password: 
2023-12-09 13:48:28.672 [main] org.example.back.Login:31 INFO  org.example.back.Login - Enter username
2023-12-09 13:48:28.673 [main] org.example.back.Login:35 INFO  org.example.back.Login - Enter password
2023-12-09 13:48:28.692 [main] org.example.back.JsonProcessing:126 WARN  org.example.back.JsonProcessing - Password is incorrect for user: Bohdan
2023-12-09 13:48:28.693 [main] org.example.back.JsonProcessing:127 WARN  org.example.back.JsonProcessing - Method returned null value when ended
2023-12-09 13:48:28.693 [main] org.example.back.Login:48 INFO  org.example.back.Login - User Bohdan not logged in, proceeding to registration
2023-12-09 13:52:36.414 [main] org.example.back.JsonProcessing:63 INFO  org.example.back.JsonProcessing - All data from src/main/resources/dataForLoginTest/users.json was saved to userList
2023-12-09 13:52:36.419 [main] org.example.back.JsonProcessing:77 INFO  org.example.back.JsonProcessing - All data from src/main/resources/dataForLoginTest/banks.json was read to bankList
2023-12-09 13:52:36.420 [main] org.example.back.Login:28 INFO  org.example.back.Login - Logging, please provide username and password: 
2023-12-09 13:52:36.420 [main] org.example.back.Login:31 INFO  org.example.back.Login - Enter username
2023-12-09 13:52:36.421 [main] org.example.back.Login:35 INFO  org.example.back.Login - Enter password
2023-12-09 13:52:36.449 [main] org.example.back.JsonProcessing:126 WARN  org.example.back.JsonProcessing - Password is incorrect for user: Bohdan
2023-12-09 13:52:36.449 [main] org.example.back.JsonProcessing:127 WARN  org.example.back.JsonProcessing - Method returned null value when ended
2023-12-09 13:52:36.449 [main] org.example.back.Login:48 INFO  org.example.back.Login - User Bohdan not logged in, proceeding to registration
2023-12-09 13:53:27.905 [main] org.example.back.JsonProcessing:63 INFO  org.example.back.JsonProcessing - All data from src/main/resources/dataForLoginTest/users.json was saved to userList
2023-12-09 13:53:27.909 [main] org.example.back.JsonProcessing:77 INFO  org.example.back.JsonProcessing - All data from src/main/resources/dataForLoginTest/banks.json was read to bankList
2023-12-09 13:53:27.909 [main] org.example.back.Login:28 INFO  org.example.back.Login - Logging, please provide username and password: 
2023-12-09 13:53:27.909 [main] org.example.back.Login:31 INFO  org.example.back.Login - Enter username
2023-12-09 13:53:27.910 [main] org.example.back.Login:35 INFO  org.example.back.Login - Enter password
2023-12-09 13:53:27.932 [main] org.example.back.JsonProcessing:132 WARN  org.example.back.JsonProcessing - Username is not found: BadLoginName
2023-12-09 13:53:27.932 [main] org.example.back.JsonProcessing:133 WARN  org.example.back.JsonProcessing - Method returned null value when ended
2023-12-09 13:53:27.932 [main] org.example.back.Login:48 INFO  org.example.back.Login - User BadLoginName not logged in, proceeding to registration
2023-12-09 13:53:43.392 [main] org.example.back.JsonProcessing:63 INFO  org.example.back.JsonProcessing - All data from src/main/resources/dataForLoginTest/users.json was saved to userList
2023-12-09 13:53:43.396 [main] org.example.back.JsonProcessing:77 INFO  org.example.back.JsonProcessing - All data from src/main/resources/dataForLoginTest/banks.json was read to bankList
2023-12-09 13:53:43.396 [main] org.example.back.Login:28 INFO  org.example.back.Login - Logging, please provide username and password: 
2023-12-09 13:53:43.397 [main] org.example.back.Login:31 INFO  org.example.back.Login - Enter username
2023-12-09 13:53:43.397 [main] org.example.back.Login:35 INFO  org.example.back.Login - Enter password
2023-12-09 13:53:43.420 [main] org.example.back.JsonProcessing:132 WARN  org.example.back.JsonProcessing - Username is not found: BadLoginName
2023-12-09 13:53:43.420 [main] org.example.back.JsonProcessing:133 WARN  org.example.back.JsonProcessing - Method returned null value when ended
2023-12-09 13:53:43.420 [main] org.example.back.Login:48 INFO  org.example.back.Login - User BadLoginName not logged in, proceeding to registration
2023-12-09 13:54:11.260 [main] org.example.back.JsonProcessing:63 INFO  org.example.back.JsonProcessing - All data from src/main/resources/dataForLoginTest/users.json was saved to userList
2023-12-09 13:54:11.264 [main] org.example.back.JsonProcessing:77 INFO  org.example.back.JsonProcessing - All data from src/main/resources/dataForLoginTest/banks.json was read to bankList
2023-12-09 13:54:11.265 [main] org.example.back.Login:28 INFO  org.example.back.Login - Logging, please provide username and password: 
2023-12-09 13:54:11.265 [main] org.example.back.Login:31 INFO  org.example.back.Login - Enter username
2023-12-09 13:54:11.265 [main] org.example.back.Login:35 INFO  org.example.back.Login - Enter password
2023-12-09 13:54:11.288 [main] org.example.back.JsonProcessing:126 WARN  org.example.back.JsonProcessing - Password is incorrect for user: Bohdan
2023-12-09 13:54:11.288 [main] org.example.back.JsonProcessing:127 WARN  org.example.back.JsonProcessing - Method returned null value when ended
2023-12-09 13:54:11.289 [main] org.example.back.Login:48 INFO  org.example.back.Login - User Bohdan not logged in, proceeding to registration
2023-12-09 13:54:11.299 [main] org.example.back.JsonProcessing:63 INFO  org.example.back.JsonProcessing - All data from src/main/resources/dataForLoginTest/users.json was saved to userList
2023-12-09 13:54:11.300 [main] org.example.back.JsonProcessing:77 INFO  org.example.back.JsonProcessing - All data from src/main/resources/dataForLoginTest/banks.json was read to bankList
2023-12-09 13:54:11.301 [main] org.example.back.Login:28 INFO  org.example.back.Login - Logging, please provide username and password: 
2023-12-09 13:54:11.301 [main] org.example.back.Login:31 INFO  org.example.back.Login - Enter username
2023-12-09 13:54:11.301 [main] org.example.back.Login:35 INFO  org.example.back.Login - Enter password
2023-12-09 13:54:11.301 [main] org.example.back.JsonProcessing:132 WARN  org.example.back.JsonProcessing - Username is not found: BadLoginName
2023-12-09 13:54:11.301 [main] org.example.back.JsonProcessing:133 WARN  org.example.back.JsonProcessing - Method returned null value when ended
2023-12-09 13:54:11.302 [main] org.example.back.Login:48 INFO  org.example.back.Login - User BadLoginName not logged in, proceeding to registration
2023-12-09 13:54:11.304 [main] org.example.back.JsonProcessing:63 INFO  org.example.back.JsonProcessing - All data from src/main/resources/dataForLoginTest/users.json was saved to userList
2023-12-09 13:54:11.305 [main] org.example.back.JsonProcessing:77 INFO  org.example.back.JsonProcessing - All data from src/main/resources/dataForLoginTest/banks.json was read to bankList
2023-12-09 13:54:11.305 [main] org.example.back.Login:28 INFO  org.example.back.Login - Logging, please provide username and password: 
2023-12-09 13:54:11.305 [main] org.example.back.Login:31 INFO  org.example.back.Login - Enter username
2023-12-09 13:54:11.306 [main] org.example.back.Login:35 INFO  org.example.back.Login - Enter password
2023-12-09 13:54:11.307 [main] org.example.back.JsonProcessing:122 INFO  org.example.back.JsonProcessing - User Bohdan logged in successfully
2023-12-09 13:54:11.307 [main] org.example.back.Login:45 INFO  org.example.back.Login - User Bohdan successfully logged in
2023-12-09 13:54:57.170 [main] org.example.back.JsonProcessing:63 INFO  org.example.back.JsonProcessing - All data from src/main/resources/dataForLoginTest/users.json was saved to userList
2023-12-09 13:54:57.174 [main] org.example.back.JsonProcessing:77 INFO  org.example.back.JsonProcessing - All data from src/main/resources/dataForLoginTest/banks.json was read to bankList
2023-12-09 13:54:57.175 [main] org.example.back.Login:28 INFO  org.example.back.Login - Logging, please provide username and password: 
2023-12-09 13:54:57.175 [main] org.example.back.Login:31 INFO  org.example.back.Login - Enter username
2023-12-09 13:54:57.176 [main] org.example.back.Login:35 INFO  org.example.back.Login - Enter password
2023-12-09 13:54:57.205 [main] org.example.back.JsonProcessing:126 WARN  org.example.back.JsonProcessing - Password is incorrect for user: Bohdan
2023-12-09 13:54:57.205 [main] org.example.back.JsonProcessing:127 WARN  org.example.back.JsonProcessing - Method returned null value when ended
2023-12-09 13:54:57.205 [main] org.example.back.Login:48 INFO  org.example.back.Login - User Bohdan not logged in, proceeding to registration
2023-12-09 13:54:57.222 [main] org.example.back.JsonProcessing:63 INFO  org.example.back.JsonProcessing - All data from src/main/resources/dataForLoginTest/users.json was saved to userList
2023-12-09 13:54:57.223 [main] org.example.back.JsonProcessing:77 INFO  org.example.back.JsonProcessing - All data from src/main/resources/dataForLoginTest/banks.json was read to bankList
2023-12-09 13:54:57.223 [main] org.example.back.Login:28 INFO  org.example.back.Login - Logging, please provide username and password: 
2023-12-09 13:54:57.223 [main] org.example.back.Login:31 INFO  org.example.back.Login - Enter username
2023-12-09 13:54:57.223 [main] org.example.back.Login:35 INFO  org.example.back.Login - Enter password
2023-12-09 13:54:57.224 [main] org.example.back.JsonProcessing:132 WARN  org.example.back.JsonProcessing - Username is not found: BadLoginName
2023-12-09 13:54:57.224 [main] org.example.back.JsonProcessing:133 WARN  org.example.back.JsonProcessing - Method returned null value when ended
2023-12-09 13:54:57.224 [main] org.example.back.Login:48 INFO  org.example.back.Login - User BadLoginName not logged in, proceeding to registration
2023-12-09 13:54:57.227 [main] org.example.back.JsonProcessing:63 INFO  org.example.back.JsonProcessing - All data from src/main/resources/dataForLoginTest/users.json was saved to userList
2023-12-09 13:54:57.228 [main] org.example.back.JsonProcessing:77 INFO  org.example.back.JsonProcessing - All data from src/main/resources/dataForLoginTest/banks.json was read to bankList
2023-12-09 13:54:57.228 [main] org.example.back.Login:28 INFO  org.example.back.Login - Logging, please provide username and password: 
2023-12-09 13:54:57.228 [main] org.example.back.Login:31 INFO  org.example.back.Login - Enter username
2023-12-09 13:54:57.229 [main] org.example.back.Login:35 INFO  org.example.back.Login - Enter password
2023-12-09 13:54:57.229 [main] org.example.back.JsonProcessing:122 INFO  org.example.back.JsonProcessing - User Bohdan logged in successfully
2023-12-09 13:54:57.229 [main] org.example.back.Login:45 INFO  org.example.back.Login - User Bohdan successfully logged in
2023-12-09 13:54:57.235 [main] org.example.money.Loan:22 INFO  org.example.money.Loan - Creating Loan instance: Loan A -- This is a loan for a car -- 12 months -- 6 pays -- 5.5%
2023-12-09 13:54:57.235 [main] org.example.money.Loan:22 INFO  org.example.money.Loan - Creating Loan instance: Loan B -- Home improvement loan -- 6 months -- 6 pays -- 4.8%
2023-12-09 13:54:57.235 [main] org.example.money.Loan:22 INFO  org.example.money.Loan - Creating Loan instance: Loan C -- Education loan -- 36 months -- 2 pays -- 6.2%
2023-12-09 13:54:57.236 [main] org.example.money.Loan:22 INFO  org.example.money.Loan - Creating Loan instance: Loan X -- Personal loan -- 24 months -- 8 pays -- 4.0%
2023-12-09 13:54:57.236 [main] org.example.money.Loan:22 INFO  org.example.money.Loan - Creating Loan instance: Loan Y -- Home mortgage -- 12 months -- 4 pays -- 5.2%
2023-12-09 13:54:57.236 [main] org.example.money.Loan:22 INFO  org.example.money.Loan - Creating Loan instance: Loan Z -- Small business loan -- 6 months -- 3 pays -- 3.8%
2023-12-09 13:54:57.239 [main] org.example.pattern.FindBestLoan:21 INFO  org.example.pattern.FindBestLoan - Creating FindBestLoan instance.
2023-12-09 13:54:57.239 [main] org.example.pattern.FindBestLoan:34 INFO  org.example.pattern.FindBestLoan - Executing FindBestLoan command.
2023-12-09 13:54:57.244 [main] org.example.pattern.FindBestLoan:41 INFO  org.example.pattern.FindBestLoan - Checking loan: Bank=Monobank, Loan=Loan A This is a loan for a car -- 5.5%, Interval=12
2023-12-09 13:54:57.244 [main] org.example.money.Loan:42 INFO  org.example.money.Loan - Calculating bank profit for Loan: Loan A -- This is a loan for a car -- 12 months -- 6 pays -- 5.5%
2023-12-09 13:54:57.245 [main] org.example.money.Loan:64 INFO  org.example.money.Loan - Bank profit calculated: 3.3
2023-12-09 13:54:57.245 [main] org.example.management.Top:26 INFO  org.example.management.Top - Inserting or ignoring entry in Top.
2023-12-09 13:54:57.245 [main] org.example.management.Top:46 INFO  org.example.management.Top - Entry inserted or ignored: Bank=Monobank, Loan=Loan A This is a loan for a car -- 5.5%, BankProfit=3.3
2023-12-09 13:54:57.245 [main] org.example.pattern.FindBestLoan:41 INFO  org.example.pattern.FindBestLoan - Checking loan: Bank=Monobank, Loan=Loan B Home improvement loan -- 4.8%, Interval=6
2023-12-09 13:54:57.246 [main] org.example.money.Loan:42 INFO  org.example.money.Loan - Calculating bank profit for Loan: Loan B -- Home improvement loan -- 6 months -- 6 pays -- 4.8%
2023-12-09 13:54:57.246 [main] org.example.money.Loan:64 INFO  org.example.money.Loan - Bank profit calculated: 1.68
2023-12-09 13:54:57.246 [main] org.example.management.Top:26 INFO  org.example.management.Top - Inserting or ignoring entry in Top.
2023-12-09 13:54:57.246 [main] org.example.management.Top:46 INFO  org.example.management.Top - Entry inserted or ignored: Bank=Monobank, Loan=Loan B Home improvement loan -- 4.8%, BankProfit=1.68
2023-12-09 13:54:57.246 [main] org.example.pattern.FindBestLoan:41 INFO  org.example.pattern.FindBestLoan - Checking loan: Bank=Monobank, Loan=Loan C Education loan -- 6.2%, Interval=36
2023-12-09 13:54:57.246 [main] org.example.money.Loan:42 INFO  org.example.money.Loan - Calculating bank profit for Loan: Loan C -- Education loan -- 36 months -- 2 pays -- 6.2%
2023-12-09 13:54:57.246 [main] org.example.money.Loan:64 INFO  org.example.money.Loan - Bank profit calculated: 11.47
2023-12-09 13:54:57.246 [main] org.example.management.Top:26 INFO  org.example.management.Top - Inserting or ignoring entry in Top.
2023-12-09 13:54:57.246 [main] org.example.management.Top:46 INFO  org.example.management.Top - Entry inserted or ignored: Bank=Monobank, Loan=Loan C Education loan -- 6.2%, BankProfit=11.47
2023-12-09 13:54:57.247 [main] org.example.pattern.FindBestLoan:41 INFO  org.example.pattern.FindBestLoan - Checking loan: Bank=Bank XYZ, Loan=Loan X Personal loan -- 4.0%, Interval=24
2023-12-09 13:54:57.247 [main] org.example.money.Loan:42 INFO  org.example.money.Loan - Calculating bank profit for Loan: Loan X -- Personal loan -- 24 months -- 8 pays -- 4.0%
2023-12-09 13:54:57.247 [main] org.example.money.Loan:64 INFO  org.example.money.Loan - Bank profit calculated: 4.6
2023-12-09 13:54:57.247 [main] org.example.management.Top:26 INFO  org.example.management.Top - Inserting or ignoring entry in Top.
2023-12-09 13:54:57.247 [main] org.example.management.Top:46 INFO  org.example.management.Top - Entry inserted or ignored: Bank=Bank XYZ, Loan=Loan X Personal loan -- 4.0%, BankProfit=4.6
2023-12-09 13:54:57.247 [main] org.example.pattern.FindBestLoan:41 INFO  org.example.pattern.FindBestLoan - Checking loan: Bank=Bank XYZ, Loan=Loan Y Home mortgage -- 5.2%, Interval=12
2023-12-09 13:54:57.247 [main] org.example.money.Loan:42 INFO  org.example.money.Loan - Calculating bank profit for Loan: Loan Y -- Home mortgage -- 12 months -- 4 pays -- 5.2%
2023-12-09 13:54:57.247 [main] org.example.money.Loan:64 INFO  org.example.money.Loan - Bank profit calculated: 3.509999999999999
2023-12-09 13:54:57.247 [main] org.example.management.Top:26 INFO  org.example.management.Top - Inserting or ignoring entry in Top.
2023-12-09 13:54:57.248 [main] org.example.management.Top:46 INFO  org.example.management.Top - Entry inserted or ignored: Bank=Bank XYZ, Loan=Loan Y Home mortgage -- 5.2%, BankProfit=3.509999999999999
2023-12-09 13:54:57.248 [main] org.example.pattern.FindBestLoan:41 INFO  org.example.pattern.FindBestLoan - Checking loan: Bank=Bank XYZ, Loan=Loan Z Small business loan -- 3.8%, Interval=6
2023-12-09 13:54:57.248 [main] org.example.money.Loan:42 INFO  org.example.money.Loan - Calculating bank profit for Loan: Loan Z -- Small business loan -- 6 months -- 3 pays -- 3.8%
2023-12-09 13:54:57.248 [main] org.example.money.Loan:64 INFO  org.example.money.Loan - Bank profit calculated: 1.3933333333333333
2023-12-09 13:54:57.248 [main] org.example.management.Top:26 INFO  org.example.management.Top - Inserting or ignoring entry in Top.
2023-12-09 13:54:57.248 [main] org.example.management.Top:46 INFO  org.example.management.Top - Entry inserted or ignored: Bank=Bank XYZ, Loan=Loan Z Small business loan -- 3.8%, BankProfit=1.3933333333333333
2023-12-09 13:54:57.248 [main] org.example.management.Top:50 INFO  org.example.management.Top - Converting Top to String.
2023-12-09 13:54:57.260 [main] org.example.back.DateToString:15 INFO  org.example.back.DateToString - Date to string: invalid-date -- 3
2023-12-09 13:54:57.262 [main] org.example.back.DateToString:26 ERROR org.example.back.DateToString - Error converting date: Text 'invalid-date' could not be parsed at index 0
2023-12-09 13:54:59.303 [main] org.example.back.DateToString:15 INFO  org.example.back.DateToString - Date to string: 2022-01-15 -- 3
2023-12-09 13:54:59.304 [main] org.example.back.DateToString:22 INFO  org.example.back.DateToString - DateConvertion result: 2022-04-15
2023-12-09 13:54:59.312 [main] org.example.back.JsonProcessing:66 ERROR org.example.back.JsonProcessing - bad\path\to\nowhere (The system cannot find the path specified)
2023-12-09 13:55:00.572 [main] org.example.back.JsonProcessing:63 INFO  org.example.back.JsonProcessing - All data from D:\Java Programing\Lab8\target\classes\data\users.json was saved to userList
2023-12-09 13:55:00.575 [main] org.example.back.JsonProcessing:77 INFO  org.example.back.JsonProcessing - All data from D:\Java Programing\Lab8\target\classes\data\banks.json was read to bankList
2023-12-09 13:55:00.584 [main] org.example.back.JsonProcessing:63 INFO  org.example.back.JsonProcessing - All data from D:\Java Programing\Lab8\target\classes\data\users.json was saved to userList
2023-12-09 13:55:00.586 [main] org.example.back.JsonProcessing:77 INFO  org.example.back.JsonProcessing - All data from D:\Java Programing\Lab8\target\classes\data\banks.json was read to bankList
2023-12-09 13:57:53.539 [main] org.example.back.JsonProcessing:63 INFO  org.example.back.JsonProcessing - All data from src/main/resources/dataForLoginTest/users.json was saved to userList
2023-12-09 13:57:53.541 [main] org.example.back.JsonProcessing:77 INFO  org.example.back.JsonProcessing - All data from src/main/resources/dataForLoginTest/banks.json was read to bankList
2023-12-09 13:57:53.542 [main] org.example.back.Login:28 INFO  org.example.back.Login - Logging, please provide username and password: 
2023-12-09 13:57:53.542 [main] org.example.back.Login:31 INFO  org.example.back.Login - Enter username
2023-12-09 13:57:53.542 [main] org.example.back.Login:35 INFO  org.example.back.Login - Enter password
2023-12-09 13:57:53.571 [main] org.example.back.JsonProcessing:126 WARN  org.example.back.JsonProcessing - Password is incorrect for user: Bohdan
2023-12-09 13:57:53.571 [main] org.example.back.JsonProcessing:127 WARN  org.example.back.JsonProcessing - Method returned null value when ended
2023-12-09 13:57:53.572 [main] org.example.back.Login:48 INFO  org.example.back.Login - User Bohdan not logged in, proceeding to registration
2023-12-09 13:57:53.582 [main] org.example.back.JsonProcessing:63 INFO  org.example.back.JsonProcessing - All data from src/main/resources/dataForLoginTest/users.json was saved to userList
2023-12-09 13:57:53.583 [main] org.example.back.JsonProcessing:77 INFO  org.example.back.JsonProcessing - All data from src/main/resources/dataForLoginTest/banks.json was read to bankList
2023-12-09 13:57:53.583 [main] org.example.back.Login:28 INFO  org.example.back.Login - Logging, please provide username and password: 
2023-12-09 13:57:53.583 [main] org.example.back.Login:31 INFO  org.example.back.Login - Enter username
2023-12-09 13:57:53.584 [main] org.example.back.Login:35 INFO  org.example.back.Login - Enter password
2023-12-09 13:57:53.584 [main] org.example.back.JsonProcessing:132 WARN  org.example.back.JsonProcessing - Username is not found: BadLoginName
2023-12-09 13:57:53.584 [main] org.example.back.JsonProcessing:133 WARN  org.example.back.JsonProcessing - Method returned null value when ended
2023-12-09 13:57:53.584 [main] org.example.back.Login:48 INFO  org.example.back.Login - User BadLoginName not logged in, proceeding to registration
2023-12-09 13:57:53.587 [main] org.example.back.JsonProcessing:63 INFO  org.example.back.JsonProcessing - All data from src/main/resources/dataForLoginTest/users.json was saved to userList
2023-12-09 13:57:53.587 [main] org.example.back.JsonProcessing:77 INFO  org.example.back.JsonProcessing - All data from src/main/resources/dataForLoginTest/banks.json was read to bankList
2023-12-09 13:57:53.588 [main] org.example.back.Login:28 INFO  org.example.back.Login - Logging, please provide username and password: 
2023-12-09 13:57:53.588 [main] org.example.back.Login:31 INFO  org.example.back.Login - Enter username
2023-12-09 13:57:53.588 [main] org.example.back.Login:35 INFO  org.example.back.Login - Enter password
2023-12-09 13:57:53.589 [main] org.example.back.JsonProcessing:122 INFO  org.example.back.JsonProcessing - User Bohdan logged in successfully
2023-12-09 13:57:53.589 [main] org.example.back.Login:45 INFO  org.example.back.Login - User Bohdan successfully logged in
2023-12-09 13:57:53.593 [main] org.example.money.Loan:22 INFO  org.example.money.Loan - Creating Loan instance: Loan A -- This is a loan for a car -- 12 months -- 6 pays -- 5.5%
2023-12-09 13:57:53.593 [main] org.example.money.Loan:22 INFO  org.example.money.Loan - Creating Loan instance: Loan B -- Home improvement loan -- 6 months -- 6 pays -- 4.8%
2023-12-09 13:57:53.593 [main] org.example.money.Loan:22 INFO  org.example.money.Loan - Creating Loan instance: Loan C -- Education loan -- 36 months -- 2 pays -- 6.2%
2023-12-09 13:57:53.593 [main] org.example.money.Loan:22 INFO  org.example.money.Loan - Creating Loan instance: Loan X -- Personal loan -- 24 months -- 8 pays -- 4.0%
2023-12-09 13:57:53.593 [main] org.example.money.Loan:22 INFO  org.example.money.Loan - Creating Loan instance: Loan Y -- Home mortgage -- 12 months -- 4 pays -- 5.2%
2023-12-09 13:57:53.593 [main] org.example.money.Loan:22 INFO  org.example.money.Loan - Creating Loan instance: Loan Z -- Small business loan -- 6 months -- 3 pays -- 3.8%
2023-12-09 13:57:53.595 [main] org.example.pattern.FindBestLoan:21 INFO  org.example.pattern.FindBestLoan - Creating FindBestLoan instance.
2023-12-09 13:57:53.596 [main] org.example.pattern.FindBestLoan:34 INFO  org.example.pattern.FindBestLoan - Executing FindBestLoan command.
2023-12-09 13:57:53.599 [main] org.example.pattern.FindBestLoan:41 INFO  org.example.pattern.FindBestLoan - Checking loan: Bank=Monobank, Loan=Loan A This is a loan for a car -- 5.5%, Interval=12
2023-12-09 13:57:53.600 [main] org.example.money.Loan:42 INFO  org.example.money.Loan - Calculating bank profit for Loan: Loan A -- This is a loan for a car -- 12 months -- 6 pays -- 5.5%
2023-12-09 13:57:53.600 [main] org.example.money.Loan:64 INFO  org.example.money.Loan - Bank profit calculated: 3.3
2023-12-09 13:57:53.600 [main] org.example.management.Top:26 INFO  org.example.management.Top - Inserting or ignoring entry in Top.
2023-12-09 13:57:53.600 [main] org.example.management.Top:46 INFO  org.example.management.Top - Entry inserted or ignored: Bank=Monobank, Loan=Loan A This is a loan for a car -- 5.5%, BankProfit=3.3
2023-12-09 13:57:53.601 [main] org.example.pattern.FindBestLoan:41 INFO  org.example.pattern.FindBestLoan - Checking loan: Bank=Monobank, Loan=Loan B Home improvement loan -- 4.8%, Interval=6
2023-12-09 13:57:53.601 [main] org.example.money.Loan:42 INFO  org.example.money.Loan - Calculating bank profit for Loan: Loan B -- Home improvement loan -- 6 months -- 6 pays -- 4.8%
2023-12-09 13:57:53.601 [main] org.example.money.Loan:64 INFO  org.example.money.Loan - Bank profit calculated: 1.68
2023-12-09 13:57:53.601 [main] org.example.management.Top:26 INFO  org.example.management.Top - Inserting or ignoring entry in Top.
2023-12-09 13:57:53.601 [main] org.example.management.Top:46 INFO  org.example.management.Top - Entry inserted or ignored: Bank=Monobank, Loan=Loan B Home improvement loan -- 4.8%, BankProfit=1.68
2023-12-09 13:57:53.601 [main] org.example.pattern.FindBestLoan:41 INFO  org.example.pattern.FindBestLoan - Checking loan: Bank=Monobank, Loan=Loan C Education loan -- 6.2%, Interval=36
2023-12-09 13:57:53.601 [main] org.example.money.Loan:42 INFO  org.example.money.Loan - Calculating bank profit for Loan: Loan C -- Education loan -- 36 months -- 2 pays -- 6.2%
2023-12-09 13:57:53.601 [main] org.example.money.Loan:64 INFO  org.example.money.Loan - Bank profit calculated: 11.47
2023-12-09 13:57:53.601 [main] org.example.management.Top:26 INFO  org.example.management.Top - Inserting or ignoring entry in Top.
2023-12-09 13:57:53.602 [main] org.example.management.Top:46 INFO  org.example.management.Top - Entry inserted or ignored: Bank=Monobank, Loan=Loan C Education loan -- 6.2%, BankProfit=11.47
2023-12-09 13:57:53.602 [main] org.example.pattern.FindBestLoan:41 INFO  org.example.pattern.FindBestLoan - Checking loan: Bank=Bank XYZ, Loan=Loan X Personal loan -- 4.0%, Interval=24
2023-12-09 13:57:53.602 [main] org.example.money.Loan:42 INFO  org.example.money.Loan - Calculating bank profit for Loan: Loan X -- Personal loan -- 24 months -- 8 pays -- 4.0%
2023-12-09 13:57:53.602 [main] org.example.money.Loan:64 INFO  org.example.money.Loan - Bank profit calculated: 4.6
2023-12-09 13:57:53.602 [main] org.example.management.Top:26 INFO  org.example.management.Top - Inserting or ignoring entry in Top.
2023-12-09 13:57:53.602 [main] org.example.management.Top:46 INFO  org.example.management.Top - Entry inserted or ignored: Bank=Bank XYZ, Loan=Loan X Personal loan -- 4.0%, BankProfit=4.6
2023-12-09 13:57:53.602 [main] org.example.pattern.FindBestLoan:41 INFO  org.example.pattern.FindBestLoan - Checking loan: Bank=Bank XYZ, Loan=Loan Y Home mortgage -- 5.2%, Interval=12
2023-12-09 13:57:53.602 [main] org.example.money.Loan:42 INFO  org.example.money.Loan - Calculating bank profit for Loan: Loan Y -- Home mortgage -- 12 months -- 4 pays -- 5.2%
2023-12-09 13:57:53.602 [main] org.example.money.Loan:64 INFO  org.example.money.Loan - Bank profit calculated: 3.509999999999999
2023-12-09 13:57:53.602 [main] org.example.management.Top:26 INFO  org.example.management.Top - Inserting or ignoring entry in Top.
2023-12-09 13:57:53.603 [main] org.example.management.Top:46 INFO  org.example.management.Top - Entry inserted or ignored: Bank=Bank XYZ, Loan=Loan Y Home mortgage -- 5.2%, BankProfit=3.509999999999999
2023-12-09 13:57:53.603 [main] org.example.pattern.FindBestLoan:41 INFO  org.example.pattern.FindBestLoan - Checking loan: Bank=Bank XYZ, Loan=Loan Z Small business loan -- 3.8%, Interval=6
2023-12-09 13:57:53.603 [main] org.example.money.Loan:42 INFO  org.example.money.Loan - Calculating bank profit for Loan: Loan Z -- Small business loan -- 6 months -- 3 pays -- 3.8%
2023-12-09 13:57:53.603 [main] org.example.money.Loan:64 INFO  org.example.money.Loan - Bank profit calculated: 1.3933333333333333
2023-12-09 13:57:53.603 [main] org.example.management.Top:26 INFO  org.example.management.Top - Inserting or ignoring entry in Top.
2023-12-09 13:57:53.603 [main] org.example.management.Top:46 INFO  org.example.management.Top - Entry inserted or ignored: Bank=Bank XYZ, Loan=Loan Z Small business loan -- 3.8%, BankProfit=1.3933333333333333
2023-12-09 13:57:53.603 [main] org.example.management.Top:50 INFO  org.example.management.Top - Converting Top to String.
2023-12-09 13:57:54.004 [main] org.example.back.JsonProcessing:63 INFO  org.example.back.JsonProcessing - All data from D:\Java Programing\Lab8\target\classes\data\users.json was saved to userList
2023-12-09 13:57:54.004 [main] org.example.back.JsonProcessing:77 INFO  org.example.back.JsonProcessing - All data from D:\Java Programing\Lab8\target\classes\data\banks.json was read to bankList
2023-12-09 13:57:54.006 [main] org.example.back.JsonProcessing:63 INFO  org.example.back.JsonProcessing - All data from D:\Java Programing\Lab8\target\classes\data\users.json was saved to userList
2023-12-09 13:57:54.006 [main] org.example.back.JsonProcessing:77 INFO  org.example.back.JsonProcessing - All data from D:\Java Programing\Lab8\target\classes\data\banks.json was read to bankList
2023-12-09 13:57:54.007 [main] org.example.back.Login:28 INFO  org.example.back.Login - Logging, please provide username and password: 
2023-12-09 13:57:54.007 [main] org.example.back.Login:31 INFO  org.example.back.Login - Enter username
2023-12-09 13:57:54.007 [main] org.example.Main:35 ERROR org.example.Main - An error occurred during the app work
java.util.NoSuchElementException: No line found
	at java.base/java.util.Scanner.nextLine(Scanner.java:1660) ~[?:?]
	at org.example.back.Login.execute(Login.java:32) ~[classes/:?]
	at org.example.back.Login.<init>(Login.java:19) ~[classes/:?]
	at org.example.back.Menu.<init>(Menu.java:28) ~[classes/:?]
	at org.example.Main.main(Main.java:20) ~[classes/:?]
	at org.example.MainTest.lambda$testMainMethod$0(MainTest.java:22) ~[test-classes/:?]
	at org.junit.jupiter.api.AssertDoesNotThrow.assertDoesNotThrow(AssertDoesNotThrow.java:49) ~[junit-jupiter-api-5.9.2.jar:5.9.2]
	at org.junit.jupiter.api.AssertDoesNotThrow.assertDoesNotThrow(AssertDoesNotThrow.java:36) ~[junit-jupiter-api-5.9.2.jar:5.9.2]
	at org.junit.jupiter.api.Assertions.assertDoesNotThrow(Assertions.java:3136) ~[junit-jupiter-api-5.9.2.jar:5.9.2]
	at org.example.MainTest.testMainMethod(MainTest.java:22) ~[test-classes/:?]
	at java.base/jdk.internal.reflect.DirectMethodHandleAccessor.invoke(DirectMethodHandleAccessor.java:103) ~[?:?]
	at java.base/java.lang.reflect.Method.invoke(Method.java:580) ~[?:?]
	at org.junit.platform.commons.util.ReflectionUtils.invokeMethod(ReflectionUtils.java:727) ~[junit-platform-commons-1.9.2.jar:1.9.2]
	at org.junit.jupiter.engine.execution.MethodInvocation.proceed(MethodInvocation.java:60) ~[junit-jupiter-engine-5.9.2.jar:5.9.2]
	at org.junit.jupiter.engine.execution.InvocationInterceptorChain$ValidatingInvocation.proceed(InvocationInterceptorChain.java:131) ~[junit-jupiter-engine-5.9.2.jar:5.9.2]
	at org.junit.jupiter.engine.extension.TimeoutExtension.intercept(TimeoutExtension.java:156) ~[junit-jupiter-engine-5.9.2.jar:5.9.2]
	at org.junit.jupiter.engine.extension.TimeoutExtension.interceptTestableMethod(TimeoutExtension.java:147) ~[junit-jupiter-engine-5.9.2.jar:5.9.2]
	at org.junit.jupiter.engine.extension.TimeoutExtension.interceptTestMethod(TimeoutExtension.java:86) ~[junit-jupiter-engine-5.9.2.jar:5.9.2]
	at org.junit.jupiter.engine.execution.InterceptingExecutableInvoker$ReflectiveInterceptorCall.lambda$ofVoidMethod$0(InterceptingExecutableInvoker.java:103) ~[junit-jupiter-engine-5.9.2.jar:5.9.2]
	at org.junit.jupiter.engine.execution.InterceptingExecutableInvoker.lambda$invoke$0(InterceptingExecutableInvoker.java:93) ~[junit-jupiter-engine-5.9.2.jar:5.9.2]
	at org.junit.jupiter.engine.execution.InvocationInterceptorChain$InterceptedInvocation.proceed(InvocationInterceptorChain.java:106) ~[junit-jupiter-engine-5.9.2.jar:5.9.2]
	at org.junit.jupiter.engine.execution.InvocationInterceptorChain.proceed(InvocationInterceptorChain.java:64) ~[junit-jupiter-engine-5.9.2.jar:5.9.2]
	at org.junit.jupiter.engine.execution.InvocationInterceptorChain.chainAndInvoke(InvocationInterceptorChain.java:45) ~[junit-jupiter-engine-5.9.2.jar:5.9.2]
	at org.junit.jupiter.engine.execution.InvocationInterceptorChain.invoke(InvocationInterceptorChain.java:37) ~[junit-jupiter-engine-5.9.2.jar:5.9.2]
	at org.junit.jupiter.engine.execution.InterceptingExecutableInvoker.invoke(InterceptingExecutableInvoker.java:92) ~[junit-jupiter-engine-5.9.2.jar:5.9.2]
	at org.junit.jupiter.engine.execution.InterceptingExecutableInvoker.invoke(InterceptingExecutableInvoker.java:86) ~[junit-jupiter-engine-5.9.2.jar:5.9.2]
	at org.junit.jupiter.engine.descriptor.TestMethodTestDescriptor.lambda$invokeTestMethod$7(TestMethodTestDescriptor.java:217) ~[junit-jupiter-engine-5.9.2.jar:5.9.2]
	at org.junit.platform.engine.support.hierarchical.ThrowableCollector.execute(ThrowableCollector.java:73) ~[junit-platform-engine-1.9.2.jar:1.9.2]
	at org.junit.jupiter.engine.descriptor.TestMethodTestDescriptor.invokeTestMethod(TestMethodTestDescriptor.java:213) ~[junit-jupiter-engine-5.9.2.jar:5.9.2]
	at org.junit.jupiter.engine.descriptor.TestMethodTestDescriptor.execute(TestMethodTestDescriptor.java:138) ~[junit-jupiter-engine-5.9.2.jar:5.9.2]
	at org.junit.jupiter.engine.descriptor.TestMethodTestDescriptor.execute(TestMethodTestDescriptor.java:68) ~[junit-jupiter-engine-5.9.2.jar:5.9.2]
	at org.junit.platform.engine.support.hierarchical.NodeTestTask.lambda$executeRecursively$6(NodeTestTask.java:151) ~[junit-platform-engine-1.9.2.jar:1.9.2]
	at org.junit.platform.engine.support.hierarchical.ThrowableCollector.execute(ThrowableCollector.java:73) ~[junit-platform-engine-1.9.2.jar:1.9.2]
	at org.junit.platform.engine.support.hierarchical.NodeTestTask.lambda$executeRecursively$8(NodeTestTask.java:141) ~[junit-platform-engine-1.9.2.jar:1.9.2]
	at org.junit.platform.engine.support.hierarchical.Node.around(Node.java:137) ~[junit-platform-engine-1.9.2.jar:1.9.2]
	at org.junit.platform.engine.support.hierarchical.NodeTestTask.lambda$executeRecursively$9(NodeTestTask.java:139) ~[junit-platform-engine-1.9.2.jar:1.9.2]
	at org.junit.platform.engine.support.hierarchical.ThrowableCollector.execute(ThrowableCollector.java:73) ~[junit-platform-engine-1.9.2.jar:1.9.2]
	at org.junit.platform.engine.support.hierarchical.NodeTestTask.executeRecursively(NodeTestTask.java:138) ~[junit-platform-engine-1.9.2.jar:1.9.2]
	at org.junit.platform.engine.support.hierarchical.NodeTestTask.execute(NodeTestTask.java:95) ~[junit-platform-engine-1.9.2.jar:1.9.2]
	at java.base/java.util.ArrayList.forEach(ArrayList.java:1596) ~[?:?]
	at org.junit.platform.engine.support.hierarchical.SameThreadHierarchicalTestExecutorService.invokeAll(SameThreadHierarchicalTestExecutorService.java:41) ~[junit-platform-engine-1.9.2.jar:1.9.2]
	at org.junit.platform.engine.support.hierarchical.NodeTestTask.lambda$executeRecursively$6(NodeTestTask.java:155) ~[junit-platform-engine-1.9.2.jar:1.9.2]
	at org.junit.platform.engine.support.hierarchical.ThrowableCollector.execute(ThrowableCollector.java:73) ~[junit-platform-engine-1.9.2.jar:1.9.2]
	at org.junit.platform.engine.support.hierarchical.NodeTestTask.lambda$executeRecursively$8(NodeTestTask.java:141) ~[junit-platform-engine-1.9.2.jar:1.9.2]
	at org.junit.platform.engine.support.hierarchical.Node.around(Node.java:137) ~[junit-platform-engine-1.9.2.jar:1.9.2]
	at org.junit.platform.engine.support.hierarchical.NodeTestTask.lambda$executeRecursively$9(NodeTestTask.java:139) ~[junit-platform-engine-1.9.2.jar:1.9.2]
	at org.junit.platform.engine.support.hierarchical.ThrowableCollector.execute(ThrowableCollector.java:73) ~[junit-platform-engine-1.9.2.jar:1.9.2]
	at org.junit.platform.engine.support.hierarchical.NodeTestTask.executeRecursively(NodeTestTask.java:138) ~[junit-platform-engine-1.9.2.jar:1.9.2]
	at org.junit.platform.engine.support.hierarchical.NodeTestTask.execute(NodeTestTask.java:95) ~[junit-platform-engine-1.9.2.jar:1.9.2]
	at java.base/java.util.ArrayList.forEach(ArrayList.java:1596) ~[?:?]
	at org.junit.platform.engine.support.hierarchical.SameThreadHierarchicalTestExecutorService.invokeAll(SameThreadHierarchicalTestExecutorService.java:41) ~[junit-platform-engine-1.9.2.jar:1.9.2]
	at org.junit.platform.engine.support.hierarchical.NodeTestTask.lambda$executeRecursively$6(NodeTestTask.java:155) ~[junit-platform-engine-1.9.2.jar:1.9.2]
	at org.junit.platform.engine.support.hierarchical.ThrowableCollector.execute(ThrowableCollector.java:73) ~[junit-platform-engine-1.9.2.jar:1.9.2]
	at org.junit.platform.engine.support.hierarchical.NodeTestTask.lambda$executeRecursively$8(NodeTestTask.java:141) ~[junit-platform-engine-1.9.2.jar:1.9.2]
	at org.junit.platform.engine.support.hierarchical.Node.around(Node.java:137) ~[junit-platform-engine-1.9.2.jar:1.9.2]
	at org.junit.platform.engine.support.hierarchical.NodeTestTask.lambda$executeRecursively$9(NodeTestTask.java:139) ~[junit-platform-engine-1.9.2.jar:1.9.2]
	at org.junit.platform.engine.support.hierarchical.ThrowableCollector.execute(ThrowableCollector.java:73) ~[junit-platform-engine-1.9.2.jar:1.9.2]
	at org.junit.platform.engine.support.hierarchical.NodeTestTask.executeRecursively(NodeTestTask.java:138) ~[junit-platform-engine-1.9.2.jar:1.9.2]
	at org.junit.platform.engine.support.hierarchical.NodeTestTask.execute(NodeTestTask.java:95) ~[junit-platform-engine-1.9.2.jar:1.9.2]
	at org.junit.platform.engine.support.hierarchical.SameThreadHierarchicalTestExecutorService.submit(SameThreadHierarchicalTestExecutorService.java:35) ~[junit-platform-engine-1.9.2.jar:1.9.2]
	at org.junit.platform.engine.support.hierarchical.HierarchicalTestExecutor.execute(HierarchicalTestExecutor.java:57) ~[junit-platform-engine-1.9.2.jar:1.9.2]
	at org.junit.platform.engine.support.hierarchical.HierarchicalTestEngine.execute(HierarchicalTestEngine.java:54) ~[junit-platform-engine-1.9.2.jar:1.9.2]
	at org.junit.platform.launcher.core.EngineExecutionOrchestrator.execute(EngineExecutionOrchestrator.java:147) ~[junit-platform-launcher-1.9.2.jar:1.9.2]
	at org.junit.platform.launcher.core.EngineExecutionOrchestrator.execute(EngineExecutionOrchestrator.java:127) ~[junit-platform-launcher-1.9.2.jar:1.9.2]
	at org.junit.platform.launcher.core.EngineExecutionOrchestrator.execute(EngineExecutionOrchestrator.java:90) ~[junit-platform-launcher-1.9.2.jar:1.9.2]
	at org.junit.platform.launcher.core.EngineExecutionOrchestrator.lambda$execute$0(EngineExecutionOrchestrator.java:55) ~[junit-platform-launcher-1.9.2.jar:1.9.2]
	at org.junit.platform.launcher.core.EngineExecutionOrchestrator.withInterceptedStreams(EngineExecutionOrchestrator.java:102) [junit-platform-launcher-1.9.2.jar:1.9.2]
	at org.junit.platform.launcher.core.EngineExecutionOrchestrator.execute(EngineExecutionOrchestrator.java:54) [junit-platform-launcher-1.9.2.jar:1.9.2]
	at org.junit.platform.launcher.core.DefaultLauncher.execute(DefaultLauncher.java:114) [junit-platform-launcher-1.9.2.jar:1.9.2]
	at org.junit.platform.launcher.core.DefaultLauncher.execute(DefaultLauncher.java:86) [junit-platform-launcher-1.9.2.jar:1.9.2]
	at org.junit.platform.launcher.core.DefaultLauncherSession$DelegatingLauncher.execute(DefaultLauncherSession.java:86) [junit-platform-launcher-1.9.2.jar:1.9.2]
	at org.junit.platform.launcher.core.SessionPerRequestLauncher.execute(SessionPerRequestLauncher.java:53) [junit-platform-launcher-1.9.2.jar:1.9.2]
	at com.intellij.junit5.JUnit5IdeaTestRunner.startRunnerWithArgs(JUnit5IdeaTestRunner.java:57) [junit5-rt.jar:?]
	at com.intellij.rt.junit.IdeaTestRunner$Repeater$1.execute(IdeaTestRunner.java:38) [junit-rt.jar:?]
	at com.intellij.rt.execution.junit.TestsRepeater.repeat(TestsRepeater.java:11) [idea_rt.jar:?]
	at com.intellij.rt.junit.IdeaTestRunner$Repeater.startRunnerWithArgs(IdeaTestRunner.java:35) [junit-rt.jar:?]
	at com.intellij.rt.junit.JUnitStarter.prepareStreamsAndStart(JUnitStarter.java:232) [junit-rt.jar:?]
	at com.intellij.rt.junit.JUnitStarter.main(JUnitStarter.java:55) [junit-rt.jar:?]
2023-12-09 13:57:55.479 [main] org.example.back.DateToString:15 INFO  org.example.back.DateToString - Date to string: invalid-date -- 3
2023-12-09 13:57:55.480 [main] org.example.back.DateToString:26 ERROR org.example.back.DateToString - Error converting date: Text 'invalid-date' could not be parsed at index 0
2023-12-09 13:57:56.798 [main] org.example.back.DateToString:15 INFO  org.example.back.DateToString - Date to string: 2022-01-15 -- 3
2023-12-09 13:57:56.799 [main] org.example.back.DateToString:22 INFO  org.example.back.DateToString - DateConvertion result: 2022-04-15
2023-12-09 13:57:56.806 [main] org.example.back.JsonProcessing:66 ERROR org.example.back.JsonProcessing - bad\path\to\nowhere (The system cannot find the path specified)
2023-12-09 13:57:58.214 [main] org.example.back.JsonProcessing:63 INFO  org.example.back.JsonProcessing - All data from D:\Java Programing\Lab8\target\classes\data\users.json was saved to userList
2023-12-09 13:57:58.215 [main] org.example.back.JsonProcessing:77 INFO  org.example.back.JsonProcessing - All data from D:\Java Programing\Lab8\target\classes\data\banks.json was read to bankList
2023-12-09 13:57:58.219 [main] org.example.back.JsonProcessing:63 INFO  org.example.back.JsonProcessing - All data from D:\Java Programing\Lab8\target\classes\data\users.json was saved to userList
2023-12-09 13:57:58.220 [main] org.example.back.JsonProcessing:77 INFO  org.example.back.JsonProcessing - All data from D:\Java Programing\Lab8\target\classes\data\banks.json was read to bankList
2023-12-09 13:58:57.592 [main] org.example.back.JsonProcessing:63 INFO  org.example.back.JsonProcessing - All data from src/main/resources/dataForLoginTest/users.json was saved to userList
2023-12-09 13:58:57.596 [main] org.example.back.JsonProcessing:77 INFO  org.example.back.JsonProcessing - All data from src/main/resources/dataForLoginTest/banks.json was read to bankList
2023-12-09 13:58:57.596 [main] org.example.back.Login:28 INFO  org.example.back.Login - Logging, please provide username and password: 
2023-12-09 13:58:57.596 [main] org.example.back.Login:31 INFO  org.example.back.Login - Enter username
2023-12-09 13:58:57.597 [main] org.example.back.Login:35 INFO  org.example.back.Login - Enter password
2023-12-09 13:58:57.615 [main] org.example.back.JsonProcessing:126 WARN  org.example.back.JsonProcessing - Password is incorrect for user: Bohdan
2023-12-09 13:58:57.615 [main] org.example.back.JsonProcessing:127 WARN  org.example.back.JsonProcessing - Method returned null value when ended
2023-12-09 13:58:57.616 [main] org.example.back.Login:48 INFO  org.example.back.Login - User Bohdan not logged in, proceeding to registration
2023-12-09 13:58:57.633 [main] org.example.back.JsonProcessing:63 INFO  org.example.back.JsonProcessing - All data from src/main/resources/dataForLoginTest/users.json was saved to userList
2023-12-09 13:58:57.635 [main] org.example.back.JsonProcessing:77 INFO  org.example.back.JsonProcessing - All data from src/main/resources/dataForLoginTest/banks.json was read to bankList
2023-12-09 13:58:57.635 [main] org.example.back.Login:28 INFO  org.example.back.Login - Logging, please provide username and password: 
2023-12-09 13:58:57.635 [main] org.example.back.Login:31 INFO  org.example.back.Login - Enter username
2023-12-09 13:58:57.635 [main] org.example.back.Login:35 INFO  org.example.back.Login - Enter password
2023-12-09 13:58:57.636 [main] org.example.back.JsonProcessing:132 WARN  org.example.back.JsonProcessing - Username is not found: BadLoginName
2023-12-09 13:58:57.636 [main] org.example.back.JsonProcessing:133 WARN  org.example.back.JsonProcessing - Method returned null value when ended
2023-12-09 13:58:57.636 [main] org.example.back.Login:48 INFO  org.example.back.Login - User BadLoginName not logged in, proceeding to registration
2023-12-09 13:58:57.639 [main] org.example.back.JsonProcessing:63 INFO  org.example.back.JsonProcessing - All data from src/main/resources/dataForLoginTest/users.json was saved to userList
2023-12-09 13:58:57.640 [main] org.example.back.JsonProcessing:77 INFO  org.example.back.JsonProcessing - All data from src/main/resources/dataForLoginTest/banks.json was read to bankList
2023-12-09 13:58:57.640 [main] org.example.back.Login:28 INFO  org.example.back.Login - Logging, please provide username and password: 
2023-12-09 13:58:57.641 [main] org.example.back.Login:31 INFO  org.example.back.Login - Enter username
2023-12-09 13:58:57.641 [main] org.example.back.Login:35 INFO  org.example.back.Login - Enter password
2023-12-09 13:58:57.643 [main] org.example.back.JsonProcessing:122 INFO  org.example.back.JsonProcessing - User Bohdan logged in successfully
2023-12-09 13:58:57.643 [main] org.example.back.Login:45 INFO  org.example.back.Login - User Bohdan successfully logged in
2023-12-09 13:58:57.648 [main] org.example.money.Loan:22 INFO  org.example.money.Loan - Creating Loan instance: Loan A -- This is a loan for a car -- 12 months -- 6 pays -- 5.5%
2023-12-09 13:58:57.649 [main] org.example.money.Loan:22 INFO  org.example.money.Loan - Creating Loan instance: Loan B -- Home improvement loan -- 6 months -- 6 pays -- 4.8%
2023-12-09 13:58:57.649 [main] org.example.money.Loan:22 INFO  org.example.money.Loan - Creating Loan instance: Loan C -- Education loan -- 36 months -- 2 pays -- 6.2%
2023-12-09 13:58:57.649 [main] org.example.money.Loan:22 INFO  org.example.money.Loan - Creating Loan instance: Loan X -- Personal loan -- 24 months -- 8 pays -- 4.0%
2023-12-09 13:58:57.649 [main] org.example.money.Loan:22 INFO  org.example.money.Loan - Creating Loan instance: Loan Y -- Home mortgage -- 12 months -- 4 pays -- 5.2%
2023-12-09 13:58:57.649 [main] org.example.money.Loan:22 INFO  org.example.money.Loan - Creating Loan instance: Loan Z -- Small business loan -- 6 months -- 3 pays -- 3.8%
2023-12-09 13:58:57.652 [main] org.example.pattern.FindBestLoan:21 INFO  org.example.pattern.FindBestLoan - Creating FindBestLoan instance.
2023-12-09 13:58:57.653 [main] org.example.pattern.FindBestLoan:34 INFO  org.example.pattern.FindBestLoan - Executing FindBestLoan command.
2023-12-09 13:58:57.658 [main] org.example.pattern.FindBestLoan:41 INFO  org.example.pattern.FindBestLoan - Checking loan: Bank=Monobank, Loan=Loan A This is a loan for a car -- 5.5%, Interval=12
2023-12-09 13:58:57.658 [main] org.example.money.Loan:42 INFO  org.example.money.Loan - Calculating bank profit for Loan: Loan A -- This is a loan for a car -- 12 months -- 6 pays -- 5.5%
2023-12-09 13:58:57.659 [main] org.example.money.Loan:64 INFO  org.example.money.Loan - Bank profit calculated: 3.3
2023-12-09 13:58:57.659 [main] org.example.management.Top:26 INFO  org.example.management.Top - Inserting or ignoring entry in Top.
2023-12-09 13:58:57.659 [main] org.example.management.Top:46 INFO  org.example.management.Top - Entry inserted or ignored: Bank=Monobank, Loan=Loan A This is a loan for a car -- 5.5%, BankProfit=3.3
2023-12-09 13:58:57.659 [main] org.example.pattern.FindBestLoan:41 INFO  org.example.pattern.FindBestLoan - Checking loan: Bank=Monobank, Loan=Loan B Home improvement loan -- 4.8%, Interval=6
2023-12-09 13:58:57.659 [main] org.example.money.Loan:42 INFO  org.example.money.Loan - Calculating bank profit for Loan: Loan B -- Home improvement loan -- 6 months -- 6 pays -- 4.8%
2023-12-09 13:58:57.659 [main] org.example.money.Loan:64 INFO  org.example.money.Loan - Bank profit calculated: 1.68
2023-12-09 13:58:57.660 [main] org.example.management.Top:26 INFO  org.example.management.Top - Inserting or ignoring entry in Top.
2023-12-09 13:58:57.660 [main] org.example.management.Top:46 INFO  org.example.management.Top - Entry inserted or ignored: Bank=Monobank, Loan=Loan B Home improvement loan -- 4.8%, BankProfit=1.68
2023-12-09 13:58:57.660 [main] org.example.pattern.FindBestLoan:41 INFO  org.example.pattern.FindBestLoan - Checking loan: Bank=Monobank, Loan=Loan C Education loan -- 6.2%, Interval=36
2023-12-09 13:58:57.660 [main] org.example.money.Loan:42 INFO  org.example.money.Loan - Calculating bank profit for Loan: Loan C -- Education loan -- 36 months -- 2 pays -- 6.2%
2023-12-09 13:58:57.660 [main] org.example.money.Loan:64 INFO  org.example.money.Loan - Bank profit calculated: 11.47
2023-12-09 13:58:57.660 [main] org.example.management.Top:26 INFO  org.example.management.Top - Inserting or ignoring entry in Top.
2023-12-09 13:58:57.660 [main] org.example.management.Top:46 INFO  org.example.management.Top - Entry inserted or ignored: Bank=Monobank, Loan=Loan C Education loan -- 6.2%, BankProfit=11.47
2023-12-09 13:58:57.660 [main] org.example.pattern.FindBestLoan:41 INFO  org.example.pattern.FindBestLoan - Checking loan: Bank=Bank XYZ, Loan=Loan X Personal loan -- 4.0%, Interval=24
2023-12-09 13:58:57.660 [main] org.example.money.Loan:42 INFO  org.example.money.Loan - Calculating bank profit for Loan: Loan X -- Personal loan -- 24 months -- 8 pays -- 4.0%
2023-12-09 13:58:57.661 [main] org.example.money.Loan:64 INFO  org.example.money.Loan - Bank profit calculated: 4.6
2023-12-09 13:58:57.661 [main] org.example.management.Top:26 INFO  org.example.management.Top - Inserting or ignoring entry in Top.
2023-12-09 13:58:57.661 [main] org.example.management.Top:46 INFO  org.example.management.Top - Entry inserted or ignored: Bank=Bank XYZ, Loan=Loan X Personal loan -- 4.0%, BankProfit=4.6
2023-12-09 13:58:57.661 [main] org.example.pattern.FindBestLoan:41 INFO  org.example.pattern.FindBestLoan - Checking loan: Bank=Bank XYZ, Loan=Loan Y Home mortgage -- 5.2%, Interval=12
2023-12-09 13:58:57.661 [main] org.example.money.Loan:42 INFO  org.example.money.Loan - Calculating bank profit for Loan: Loan Y -- Home mortgage -- 12 months -- 4 pays -- 5.2%
2023-12-09 13:58:57.661 [main] org.example.money.Loan:64 INFO  org.example.money.Loan - Bank profit calculated: 3.509999999999999
2023-12-09 13:58:57.661 [main] org.example.management.Top:26 INFO  org.example.management.Top - Inserting or ignoring entry in Top.
2023-12-09 13:58:57.662 [main] org.example.management.Top:46 INFO  org.example.management.Top - Entry inserted or ignored: Bank=Bank XYZ, Loan=Loan Y Home mortgage -- 5.2%, BankProfit=3.509999999999999
2023-12-09 13:58:57.662 [main] org.example.pattern.FindBestLoan:41 INFO  org.example.pattern.FindBestLoan - Checking loan: Bank=Bank XYZ, Loan=Loan Z Small business loan -- 3.8%, Interval=6
2023-12-09 13:58:57.662 [main] org.example.money.Loan:42 INFO  org.example.money.Loan - Calculating bank profit for Loan: Loan Z -- Small business loan -- 6 months -- 3 pays -- 3.8%
2023-12-09 13:58:57.662 [main] org.example.money.Loan:64 INFO  org.example.money.Loan - Bank profit calculated: 1.3933333333333333
2023-12-09 13:58:57.662 [main] org.example.management.Top:26 INFO  org.example.management.Top - Inserting or ignoring entry in Top.
2023-12-09 13:58:57.662 [main] org.example.management.Top:46 INFO  org.example.management.Top - Entry inserted or ignored: Bank=Bank XYZ, Loan=Loan Z Small business loan -- 3.8%, BankProfit=1.3933333333333333
2023-12-09 13:58:57.662 [main] org.example.management.Top:50 INFO  org.example.management.Top - Converting Top to String.
2023-12-09 13:58:58.321 [main] org.example.back.JsonProcessing:63 INFO  org.example.back.JsonProcessing - All data from D:\Java Programing\Lab8\target\classes\data\users.json was saved to userList
2023-12-09 13:58:58.322 [main] org.example.back.JsonProcessing:77 INFO  org.example.back.JsonProcessing - All data from D:\Java Programing\Lab8\target\classes\data\banks.json was read to bankList
2023-12-09 13:58:58.323 [main] org.example.back.JsonProcessing:63 INFO  org.example.back.JsonProcessing - All data from D:\Java Programing\Lab8\target\classes\data\users.json was saved to userList
2023-12-09 13:58:58.324 [main] org.example.back.JsonProcessing:77 INFO  org.example.back.JsonProcessing - All data from D:\Java Programing\Lab8\target\classes\data\banks.json was read to bankList
2023-12-09 13:58:58.324 [main] org.example.back.Login:28 INFO  org.example.back.Login - Logging, please provide username and password: 
2023-12-09 13:58:58.325 [main] org.example.back.Login:31 INFO  org.example.back.Login - Enter username
2023-12-09 13:58:58.325 [main] org.example.Main:35 ERROR org.example.Main - An error occurred during the app work
java.util.NoSuchElementException: No line found
	at java.base/java.util.Scanner.nextLine(Scanner.java:1660) ~[?:?]
	at org.example.back.Login.execute(Login.java:32) ~[classes/:?]
	at org.example.back.Login.<init>(Login.java:19) ~[classes/:?]
	at org.example.back.Menu.<init>(Menu.java:28) ~[classes/:?]
	at org.example.Main.main(Main.java:20) ~[classes/:?]
	at org.example.MainTest.lambda$testMainMethod$0(MainTest.java:22) ~[test-classes/:?]
	at org.junit.jupiter.api.AssertDoesNotThrow.assertDoesNotThrow(AssertDoesNotThrow.java:49) ~[junit-jupiter-api-5.9.2.jar:5.9.2]
	at org.junit.jupiter.api.AssertDoesNotThrow.assertDoesNotThrow(AssertDoesNotThrow.java:36) ~[junit-jupiter-api-5.9.2.jar:5.9.2]
	at org.junit.jupiter.api.Assertions.assertDoesNotThrow(Assertions.java:3136) ~[junit-jupiter-api-5.9.2.jar:5.9.2]
	at org.example.MainTest.testMainMethod(MainTest.java:22) ~[test-classes/:?]
	at java.base/jdk.internal.reflect.DirectMethodHandleAccessor.invoke(DirectMethodHandleAccessor.java:103) ~[?:?]
	at java.base/java.lang.reflect.Method.invoke(Method.java:580) ~[?:?]
	at org.junit.platform.commons.util.ReflectionUtils.invokeMethod(ReflectionUtils.java:727) ~[junit-platform-commons-1.9.2.jar:1.9.2]
	at org.junit.jupiter.engine.execution.MethodInvocation.proceed(MethodInvocation.java:60) ~[junit-jupiter-engine-5.9.2.jar:5.9.2]
	at org.junit.jupiter.engine.execution.InvocationInterceptorChain$ValidatingInvocation.proceed(InvocationInterceptorChain.java:131) ~[junit-jupiter-engine-5.9.2.jar:5.9.2]
	at org.junit.jupiter.engine.extension.TimeoutExtension.intercept(TimeoutExtension.java:156) ~[junit-jupiter-engine-5.9.2.jar:5.9.2]
	at org.junit.jupiter.engine.extension.TimeoutExtension.interceptTestableMethod(TimeoutExtension.java:147) ~[junit-jupiter-engine-5.9.2.jar:5.9.2]
	at org.junit.jupiter.engine.extension.TimeoutExtension.interceptTestMethod(TimeoutExtension.java:86) ~[junit-jupiter-engine-5.9.2.jar:5.9.2]
	at org.junit.jupiter.engine.execution.InterceptingExecutableInvoker$ReflectiveInterceptorCall.lambda$ofVoidMethod$0(InterceptingExecutableInvoker.java:103) ~[junit-jupiter-engine-5.9.2.jar:5.9.2]
	at org.junit.jupiter.engine.execution.InterceptingExecutableInvoker.lambda$invoke$0(InterceptingExecutableInvoker.java:93) ~[junit-jupiter-engine-5.9.2.jar:5.9.2]
	at org.junit.jupiter.engine.execution.InvocationInterceptorChain$InterceptedInvocation.proceed(InvocationInterceptorChain.java:106) ~[junit-jupiter-engine-5.9.2.jar:5.9.2]
	at org.junit.jupiter.engine.execution.InvocationInterceptorChain.proceed(InvocationInterceptorChain.java:64) ~[junit-jupiter-engine-5.9.2.jar:5.9.2]
	at org.junit.jupiter.engine.execution.InvocationInterceptorChain.chainAndInvoke(InvocationInterceptorChain.java:45) ~[junit-jupiter-engine-5.9.2.jar:5.9.2]
	at org.junit.jupiter.engine.execution.InvocationInterceptorChain.invoke(InvocationInterceptorChain.java:37) ~[junit-jupiter-engine-5.9.2.jar:5.9.2]
	at org.junit.jupiter.engine.execution.InterceptingExecutableInvoker.invoke(InterceptingExecutableInvoker.java:92) ~[junit-jupiter-engine-5.9.2.jar:5.9.2]
	at org.junit.jupiter.engine.execution.InterceptingExecutableInvoker.invoke(InterceptingExecutableInvoker.java:86) ~[junit-jupiter-engine-5.9.2.jar:5.9.2]
	at org.junit.jupiter.engine.descriptor.TestMethodTestDescriptor.lambda$invokeTestMethod$7(TestMethodTestDescriptor.java:217) ~[junit-jupiter-engine-5.9.2.jar:5.9.2]
	at org.junit.platform.engine.support.hierarchical.ThrowableCollector.execute(ThrowableCollector.java:73) ~[junit-platform-engine-1.9.2.jar:1.9.2]
	at org.junit.jupiter.engine.descriptor.TestMethodTestDescriptor.invokeTestMethod(TestMethodTestDescriptor.java:213) ~[junit-jupiter-engine-5.9.2.jar:5.9.2]
	at org.junit.jupiter.engine.descriptor.TestMethodTestDescriptor.execute(TestMethodTestDescriptor.java:138) ~[junit-jupiter-engine-5.9.2.jar:5.9.2]
	at org.junit.jupiter.engine.descriptor.TestMethodTestDescriptor.execute(TestMethodTestDescriptor.java:68) ~[junit-jupiter-engine-5.9.2.jar:5.9.2]
	at org.junit.platform.engine.support.hierarchical.NodeTestTask.lambda$executeRecursively$6(NodeTestTask.java:151) ~[junit-platform-engine-1.9.2.jar:1.9.2]
	at org.junit.platform.engine.support.hierarchical.ThrowableCollector.execute(ThrowableCollector.java:73) ~[junit-platform-engine-1.9.2.jar:1.9.2]
	at org.junit.platform.engine.support.hierarchical.NodeTestTask.lambda$executeRecursively$8(NodeTestTask.java:141) ~[junit-platform-engine-1.9.2.jar:1.9.2]
	at org.junit.platform.engine.support.hierarchical.Node.around(Node.java:137) ~[junit-platform-engine-1.9.2.jar:1.9.2]
	at org.junit.platform.engine.support.hierarchical.NodeTestTask.lambda$executeRecursively$9(NodeTestTask.java:139) ~[junit-platform-engine-1.9.2.jar:1.9.2]
	at org.junit.platform.engine.support.hierarchical.ThrowableCollector.execute(ThrowableCollector.java:73) ~[junit-platform-engine-1.9.2.jar:1.9.2]
	at org.junit.platform.engine.support.hierarchical.NodeTestTask.executeRecursively(NodeTestTask.java:138) ~[junit-platform-engine-1.9.2.jar:1.9.2]
	at org.junit.platform.engine.support.hierarchical.NodeTestTask.execute(NodeTestTask.java:95) ~[junit-platform-engine-1.9.2.jar:1.9.2]
	at java.base/java.util.ArrayList.forEach(ArrayList.java:1596) ~[?:?]
	at org.junit.platform.engine.support.hierarchical.SameThreadHierarchicalTestExecutorService.invokeAll(SameThreadHierarchicalTestExecutorService.java:41) ~[junit-platform-engine-1.9.2.jar:1.9.2]
	at org.junit.platform.engine.support.hierarchical.NodeTestTask.lambda$executeRecursively$6(NodeTestTask.java:155) ~[junit-platform-engine-1.9.2.jar:1.9.2]
	at org.junit.platform.engine.support.hierarchical.ThrowableCollector.execute(ThrowableCollector.java:73) ~[junit-platform-engine-1.9.2.jar:1.9.2]
	at org.junit.platform.engine.support.hierarchical.NodeTestTask.lambda$executeRecursively$8(NodeTestTask.java:141) ~[junit-platform-engine-1.9.2.jar:1.9.2]
	at org.junit.platform.engine.support.hierarchical.Node.around(Node.java:137) ~[junit-platform-engine-1.9.2.jar:1.9.2]
	at org.junit.platform.engine.support.hierarchical.NodeTestTask.lambda$executeRecursively$9(NodeTestTask.java:139) ~[junit-platform-engine-1.9.2.jar:1.9.2]
	at org.junit.platform.engine.support.hierarchical.ThrowableCollector.execute(ThrowableCollector.java:73) ~[junit-platform-engine-1.9.2.jar:1.9.2]
	at org.junit.platform.engine.support.hierarchical.NodeTestTask.executeRecursively(NodeTestTask.java:138) ~[junit-platform-engine-1.9.2.jar:1.9.2]
	at org.junit.platform.engine.support.hierarchical.NodeTestTask.execute(NodeTestTask.java:95) ~[junit-platform-engine-1.9.2.jar:1.9.2]
	at java.base/java.util.ArrayList.forEach(ArrayList.java:1596) ~[?:?]
	at org.junit.platform.engine.support.hierarchical.SameThreadHierarchicalTestExecutorService.invokeAll(SameThreadHierarchicalTestExecutorService.java:41) ~[junit-platform-engine-1.9.2.jar:1.9.2]
	at org.junit.platform.engine.support.hierarchical.NodeTestTask.lambda$executeRecursively$6(NodeTestTask.java:155) ~[junit-platform-engine-1.9.2.jar:1.9.2]
	at org.junit.platform.engine.support.hierarchical.ThrowableCollector.execute(ThrowableCollector.java:73) ~[junit-platform-engine-1.9.2.jar:1.9.2]
	at org.junit.platform.engine.support.hierarchical.NodeTestTask.lambda$executeRecursively$8(NodeTestTask.java:141) ~[junit-platform-engine-1.9.2.jar:1.9.2]
	at org.junit.platform.engine.support.hierarchical.Node.around(Node.java:137) ~[junit-platform-engine-1.9.2.jar:1.9.2]
	at org.junit.platform.engine.support.hierarchical.NodeTestTask.lambda$executeRecursively$9(NodeTestTask.java:139) ~[junit-platform-engine-1.9.2.jar:1.9.2]
	at org.junit.platform.engine.support.hierarchical.ThrowableCollector.execute(ThrowableCollector.java:73) ~[junit-platform-engine-1.9.2.jar:1.9.2]
	at org.junit.platform.engine.support.hierarchical.NodeTestTask.executeRecursively(NodeTestTask.java:138) ~[junit-platform-engine-1.9.2.jar:1.9.2]
	at org.junit.platform.engine.support.hierarchical.NodeTestTask.execute(NodeTestTask.java:95) ~[junit-platform-engine-1.9.2.jar:1.9.2]
	at org.junit.platform.engine.support.hierarchical.SameThreadHierarchicalTestExecutorService.submit(SameThreadHierarchicalTestExecutorService.java:35) ~[junit-platform-engine-1.9.2.jar:1.9.2]
	at org.junit.platform.engine.support.hierarchical.HierarchicalTestExecutor.execute(HierarchicalTestExecutor.java:57) ~[junit-platform-engine-1.9.2.jar:1.9.2]
	at org.junit.platform.engine.support.hierarchical.HierarchicalTestEngine.execute(HierarchicalTestEngine.java:54) ~[junit-platform-engine-1.9.2.jar:1.9.2]
	at org.junit.platform.launcher.core.EngineExecutionOrchestrator.execute(EngineExecutionOrchestrator.java:147) ~[junit-platform-launcher-1.9.2.jar:1.9.2]
	at org.junit.platform.launcher.core.EngineExecutionOrchestrator.execute(EngineExecutionOrchestrator.java:127) ~[junit-platform-launcher-1.9.2.jar:1.9.2]
	at org.junit.platform.launcher.core.EngineExecutionOrchestrator.execute(EngineExecutionOrchestrator.java:90) ~[junit-platform-launcher-1.9.2.jar:1.9.2]
	at org.junit.platform.launcher.core.EngineExecutionOrchestrator.lambda$execute$0(EngineExecutionOrchestrator.java:55) ~[junit-platform-launcher-1.9.2.jar:1.9.2]
	at org.junit.platform.launcher.core.EngineExecutionOrchestrator.withInterceptedStreams(EngineExecutionOrchestrator.java:102) [junit-platform-launcher-1.9.2.jar:1.9.2]
	at org.junit.platform.launcher.core.EngineExecutionOrchestrator.execute(EngineExecutionOrchestrator.java:54) [junit-platform-launcher-1.9.2.jar:1.9.2]
	at org.junit.platform.launcher.core.DefaultLauncher.execute(DefaultLauncher.java:114) [junit-platform-launcher-1.9.2.jar:1.9.2]
	at org.junit.platform.launcher.core.DefaultLauncher.execute(DefaultLauncher.java:86) [junit-platform-launcher-1.9.2.jar:1.9.2]
	at org.junit.platform.launcher.core.DefaultLauncherSession$DelegatingLauncher.execute(DefaultLauncherSession.java:86) [junit-platform-launcher-1.9.2.jar:1.9.2]
	at org.junit.platform.launcher.core.SessionPerRequestLauncher.execute(SessionPerRequestLauncher.java:53) [junit-platform-launcher-1.9.2.jar:1.9.2]
	at com.intellij.junit5.JUnit5IdeaTestRunner.startRunnerWithArgs(JUnit5IdeaTestRunner.java:57) [junit5-rt.jar:?]
	at com.intellij.rt.junit.IdeaTestRunner$Repeater$1.execute(IdeaTestRunner.java:38) [junit-rt.jar:?]
	at com.intellij.rt.execution.junit.TestsRepeater.repeat(TestsRepeater.java:11) [idea_rt.jar:?]
	at com.intellij.rt.junit.IdeaTestRunner$Repeater.startRunnerWithArgs(IdeaTestRunner.java:35) [junit-rt.jar:?]
	at com.intellij.rt.junit.JUnitStarter.prepareStreamsAndStart(JUnitStarter.java:232) [junit-rt.jar:?]
	at com.intellij.rt.junit.JUnitStarter.main(JUnitStarter.java:55) [junit-rt.jar:?]
2023-12-09 13:58:59.911 [main] org.example.back.DateToString:15 INFO  org.example.back.DateToString - Date to string: invalid-date -- 3
2023-12-09 13:58:59.912 [main] org.example.back.DateToString:26 ERROR org.example.back.DateToString - Error converting date: Text 'invalid-date' could not be parsed at index 0
2023-12-09 13:59:01.156 [main] org.example.back.DateToString:15 INFO  org.example.back.DateToString - Date to string: 2022-01-15 -- 3
2023-12-09 13:59:01.157 [main] org.example.back.DateToString:22 INFO  org.example.back.DateToString - DateConvertion result: 2022-04-15
2023-12-09 13:59:01.165 [main] org.example.back.JsonProcessing:66 ERROR org.example.back.JsonProcessing - bad\path\to\nowhere (The system cannot find the path specified)
2023-12-09 13:59:02.594 [main] org.example.back.JsonProcessing:63 INFO  org.example.back.JsonProcessing - All data from D:\Java Programing\Lab8\target\classes\data\users.json was saved to userList
2023-12-09 13:59:02.595 [main] org.example.back.JsonProcessing:77 INFO  org.example.back.JsonProcessing - All data from D:\Java Programing\Lab8\target\classes\data\banks.json was read to bankList
2023-12-09 13:59:02.604 [main] org.example.back.JsonProcessing:63 INFO  org.example.back.JsonProcessing - All data from D:\Java Programing\Lab8\target\classes\data\users.json was saved to userList
2023-12-09 13:59:02.605 [main] org.example.back.JsonProcessing:77 INFO  org.example.back.JsonProcessing - All data from D:\Java Programing\Lab8\target\classes\data\banks.json was read to bankList
2023-12-09 14:01:51.962 [main] org.example.back.JsonProcessing:63 INFO  org.example.back.JsonProcessing - All data from src/main/resources/dataForLoginTest/users.json was saved to userList
2023-12-09 14:01:51.967 [main] org.example.back.JsonProcessing:77 INFO  org.example.back.JsonProcessing - All data from src/main/resources/dataForLoginTest/banks.json was read to bankList
2023-12-09 14:01:51.968 [main] org.example.back.Login:28 INFO  org.example.back.Login - Logging, please provide username and password: 
2023-12-09 14:01:51.968 [main] org.example.back.Login:31 INFO  org.example.back.Login - Enter username
2023-12-09 14:01:51.969 [main] org.example.back.Login:35 INFO  org.example.back.Login - Enter password
2023-12-09 14:01:51.991 [main] org.example.back.JsonProcessing:126 WARN  org.example.back.JsonProcessing - Password is incorrect for user: Bohdan
2023-12-09 14:01:51.991 [main] org.example.back.JsonProcessing:127 WARN  org.example.back.JsonProcessing - Method returned null value when ended
2023-12-09 14:01:51.991 [main] org.example.back.Login:48 INFO  org.example.back.Login - User Bohdan not logged in, proceeding to registration
2023-12-09 14:01:52.015 [main] org.example.back.JsonProcessing:63 INFO  org.example.back.JsonProcessing - All data from src/main/resources/dataForLoginTest/users.json was saved to userList
2023-12-09 14:01:52.017 [main] org.example.back.JsonProcessing:77 INFO  org.example.back.JsonProcessing - All data from src/main/resources/dataForLoginTest/banks.json was read to bankList
2023-12-09 14:01:52.017 [main] org.example.back.Login:28 INFO  org.example.back.Login - Logging, please provide username and password: 
2023-12-09 14:01:52.017 [main] org.example.back.Login:31 INFO  org.example.back.Login - Enter username
2023-12-09 14:01:52.017 [main] org.example.back.Login:35 INFO  org.example.back.Login - Enter password
2023-12-09 14:01:52.018 [main] org.example.back.JsonProcessing:132 WARN  org.example.back.JsonProcessing - Username is not found: BadLoginName
2023-12-09 14:01:52.018 [main] org.example.back.JsonProcessing:133 WARN  org.example.back.JsonProcessing - Method returned null value when ended
2023-12-09 14:01:52.019 [main] org.example.back.Login:48 INFO  org.example.back.Login - User BadLoginName not logged in, proceeding to registration
2023-12-09 14:01:52.023 [main] org.example.back.JsonProcessing:63 INFO  org.example.back.JsonProcessing - All data from src/main/resources/dataForLoginTest/users.json was saved to userList
2023-12-09 14:01:52.024 [main] org.example.back.JsonProcessing:77 INFO  org.example.back.JsonProcessing - All data from src/main/resources/dataForLoginTest/banks.json was read to bankList
2023-12-09 14:01:52.024 [main] org.example.back.Login:28 INFO  org.example.back.Login - Logging, please provide username and password: 
2023-12-09 14:01:52.025 [main] org.example.back.Login:31 INFO  org.example.back.Login - Enter username
2023-12-09 14:01:52.025 [main] org.example.back.Login:35 INFO  org.example.back.Login - Enter password
2023-12-09 14:01:52.026 [main] org.example.back.JsonProcessing:122 INFO  org.example.back.JsonProcessing - User Bohdan logged in successfully
2023-12-09 14:01:52.026 [main] org.example.back.Login:45 INFO  org.example.back.Login - User Bohdan successfully logged in
2023-12-09 14:01:52.030 [main] org.example.money.Loan:22 INFO  org.example.money.Loan - Creating Loan instance: Loan A -- This is a loan for a car -- 12 months -- 6 pays -- 5.5%
2023-12-09 14:01:52.030 [main] org.example.money.Loan:22 INFO  org.example.money.Loan - Creating Loan instance: Loan B -- Home improvement loan -- 6 months -- 6 pays -- 4.8%
2023-12-09 14:01:52.030 [main] org.example.money.Loan:22 INFO  org.example.money.Loan - Creating Loan instance: Loan C -- Education loan -- 36 months -- 2 pays -- 6.2%
2023-12-09 14:01:52.031 [main] org.example.money.Loan:22 INFO  org.example.money.Loan - Creating Loan instance: Loan X -- Personal loan -- 24 months -- 8 pays -- 4.0%
2023-12-09 14:01:52.031 [main] org.example.money.Loan:22 INFO  org.example.money.Loan - Creating Loan instance: Loan Y -- Home mortgage -- 12 months -- 4 pays -- 5.2%
2023-12-09 14:01:52.031 [main] org.example.money.Loan:22 INFO  org.example.money.Loan - Creating Loan instance: Loan Z -- Small business loan -- 6 months -- 3 pays -- 3.8%
2023-12-09 14:01:52.034 [main] org.example.pattern.FindBestLoan:21 INFO  org.example.pattern.FindBestLoan - Creating FindBestLoan instance.
2023-12-09 14:01:52.035 [main] org.example.pattern.FindBestLoan:34 INFO  org.example.pattern.FindBestLoan - Executing FindBestLoan command.
2023-12-09 14:01:52.040 [main] org.example.pattern.FindBestLoan:41 INFO  org.example.pattern.FindBestLoan - Checking loan: Bank=Monobank, Loan=Loan A This is a loan for a car -- 5.5%, Interval=12
2023-12-09 14:01:52.040 [main] org.example.money.Loan:42 INFO  org.example.money.Loan - Calculating bank profit for Loan: Loan A -- This is a loan for a car -- 12 months -- 6 pays -- 5.5%
2023-12-09 14:01:52.040 [main] org.example.money.Loan:64 INFO  org.example.money.Loan - Bank profit calculated: 3.3
2023-12-09 14:01:52.040 [main] org.example.management.Top:26 INFO  org.example.management.Top - Inserting or ignoring entry in Top.
2023-12-09 14:01:52.040 [main] org.example.management.Top:46 INFO  org.example.management.Top - Entry inserted or ignored: Bank=Monobank, Loan=Loan A This is a loan for a car -- 5.5%, BankProfit=3.3
2023-12-09 14:01:52.041 [main] org.example.pattern.FindBestLoan:41 INFO  org.example.pattern.FindBestLoan - Checking loan: Bank=Monobank, Loan=Loan B Home improvement loan -- 4.8%, Interval=6
2023-12-09 14:01:52.041 [main] org.example.money.Loan:42 INFO  org.example.money.Loan - Calculating bank profit for Loan: Loan B -- Home improvement loan -- 6 months -- 6 pays -- 4.8%
2023-12-09 14:01:52.041 [main] org.example.money.Loan:64 INFO  org.example.money.Loan - Bank profit calculated: 1.68
2023-12-09 14:01:52.041 [main] org.example.management.Top:26 INFO  org.example.management.Top - Inserting or ignoring entry in Top.
2023-12-09 14:01:52.041 [main] org.example.management.Top:46 INFO  org.example.management.Top - Entry inserted or ignored: Bank=Monobank, Loan=Loan B Home improvement loan -- 4.8%, BankProfit=1.68
2023-12-09 14:01:52.041 [main] org.example.pattern.FindBestLoan:41 INFO  org.example.pattern.FindBestLoan - Checking loan: Bank=Monobank, Loan=Loan C Education loan -- 6.2%, Interval=36
2023-12-09 14:01:52.041 [main] org.example.money.Loan:42 INFO  org.example.money.Loan - Calculating bank profit for Loan: Loan C -- Education loan -- 36 months -- 2 pays -- 6.2%
2023-12-09 14:01:52.041 [main] org.example.money.Loan:64 INFO  org.example.money.Loan - Bank profit calculated: 11.47
2023-12-09 14:01:52.042 [main] org.example.management.Top:26 INFO  org.example.management.Top - Inserting or ignoring entry in Top.
2023-12-09 14:01:52.042 [main] org.example.management.Top:46 INFO  org.example.management.Top - Entry inserted or ignored: Bank=Monobank, Loan=Loan C Education loan -- 6.2%, BankProfit=11.47
2023-12-09 14:01:52.042 [main] org.example.pattern.FindBestLoan:41 INFO  org.example.pattern.FindBestLoan - Checking loan: Bank=Bank XYZ, Loan=Loan X Personal loan -- 4.0%, Interval=24
2023-12-09 14:01:52.042 [main] org.example.money.Loan:42 INFO  org.example.money.Loan - Calculating bank profit for Loan: Loan X -- Personal loan -- 24 months -- 8 pays -- 4.0%
2023-12-09 14:01:52.042 [main] org.example.money.Loan:64 INFO  org.example.money.Loan - Bank profit calculated: 4.6
2023-12-09 14:01:52.042 [main] org.example.management.Top:26 INFO  org.example.management.Top - Inserting or ignoring entry in Top.
2023-12-09 14:01:52.042 [main] org.example.management.Top:46 INFO  org.example.management.Top - Entry inserted or ignored: Bank=Bank XYZ, Loan=Loan X Personal loan -- 4.0%, BankProfit=4.6
2023-12-09 14:01:52.042 [main] org.example.pattern.FindBestLoan:41 INFO  org.example.pattern.FindBestLoan - Checking loan: Bank=Bank XYZ, Loan=Loan Y Home mortgage -- 5.2%, Interval=12
2023-12-09 14:01:52.042 [main] org.example.money.Loan:42 INFO  org.example.money.Loan - Calculating bank profit for Loan: Loan Y -- Home mortgage -- 12 months -- 4 pays -- 5.2%
2023-12-09 14:01:52.043 [main] org.example.money.Loan:64 INFO  org.example.money.Loan - Bank profit calculated: 3.509999999999999
2023-12-09 14:01:52.043 [main] org.example.management.Top:26 INFO  org.example.management.Top - Inserting or ignoring entry in Top.
2023-12-09 14:01:52.043 [main] org.example.management.Top:46 INFO  org.example.management.Top - Entry inserted or ignored: Bank=Bank XYZ, Loan=Loan Y Home mortgage -- 5.2%, BankProfit=3.509999999999999
2023-12-09 14:01:52.043 [main] org.example.pattern.FindBestLoan:41 INFO  org.example.pattern.FindBestLoan - Checking loan: Bank=Bank XYZ, Loan=Loan Z Small business loan -- 3.8%, Interval=6
2023-12-09 14:01:52.043 [main] org.example.money.Loan:42 INFO  org.example.money.Loan - Calculating bank profit for Loan: Loan Z -- Small business loan -- 6 months -- 3 pays -- 3.8%
2023-12-09 14:01:52.043 [main] org.example.money.Loan:64 INFO  org.example.money.Loan - Bank profit calculated: 1.3933333333333333
2023-12-09 14:01:52.043 [main] org.example.management.Top:26 INFO  org.example.management.Top - Inserting or ignoring entry in Top.
2023-12-09 14:01:52.043 [main] org.example.management.Top:46 INFO  org.example.management.Top - Entry inserted or ignored: Bank=Bank XYZ, Loan=Loan Z Small business loan -- 3.8%, BankProfit=1.3933333333333333
2023-12-09 14:01:52.044 [main] org.example.management.Top:50 INFO  org.example.management.Top - Converting Top to String.
2023-12-09 14:01:52.715 [main] org.example.back.JsonProcessing:63 INFO  org.example.back.JsonProcessing - All data from D:\Java Programing\Lab8\target\classes\data\users.json was saved to userList
2023-12-09 14:01:52.716 [main] org.example.back.JsonProcessing:77 INFO  org.example.back.JsonProcessing - All data from D:\Java Programing\Lab8\target\classes\data\banks.json was read to bankList
2023-12-09 14:01:52.719 [main] org.example.back.JsonProcessing:63 INFO  org.example.back.JsonProcessing - All data from D:\Java Programing\Lab8\target\classes\data\users.json was saved to userList
2023-12-09 14:01:52.720 [main] org.example.back.JsonProcessing:77 INFO  org.example.back.JsonProcessing - All data from D:\Java Programing\Lab8\target\classes\data\banks.json was read to bankList
2023-12-09 14:01:52.720 [main] org.example.back.Login:28 INFO  org.example.back.Login - Logging, please provide username and password: 
2023-12-09 14:01:52.720 [main] org.example.back.Login:31 INFO  org.example.back.Login - Enter username
2023-12-09 14:01:52.720 [main] org.example.Main:35 ERROR org.example.Main - An error occurred during the app work
java.util.NoSuchElementException: No line found
	at java.base/java.util.Scanner.nextLine(Scanner.java:1660) ~[?:?]
	at org.example.back.Login.execute(Login.java:32) ~[classes/:?]
	at org.example.back.Login.<init>(Login.java:19) ~[classes/:?]
	at org.example.back.Menu.<init>(Menu.java:28) ~[classes/:?]
	at org.example.Main.main(Main.java:20) ~[classes/:?]
	at org.example.MainTest.lambda$testMainMethod$0(MainTest.java:22) ~[test-classes/:?]
	at org.junit.jupiter.api.AssertDoesNotThrow.assertDoesNotThrow(AssertDoesNotThrow.java:49) ~[junit-jupiter-api-5.9.2.jar:5.9.2]
	at org.junit.jupiter.api.AssertDoesNotThrow.assertDoesNotThrow(AssertDoesNotThrow.java:36) ~[junit-jupiter-api-5.9.2.jar:5.9.2]
	at org.junit.jupiter.api.Assertions.assertDoesNotThrow(Assertions.java:3136) ~[junit-jupiter-api-5.9.2.jar:5.9.2]
	at org.example.MainTest.testMainMethod(MainTest.java:22) ~[test-classes/:?]
	at java.base/jdk.internal.reflect.DirectMethodHandleAccessor.invoke(DirectMethodHandleAccessor.java:103) ~[?:?]
	at java.base/java.lang.reflect.Method.invoke(Method.java:580) ~[?:?]
	at org.junit.platform.commons.util.ReflectionUtils.invokeMethod(ReflectionUtils.java:727) ~[junit-platform-commons-1.9.2.jar:1.9.2]
	at org.junit.jupiter.engine.execution.MethodInvocation.proceed(MethodInvocation.java:60) ~[junit-jupiter-engine-5.9.2.jar:5.9.2]
	at org.junit.jupiter.engine.execution.InvocationInterceptorChain$ValidatingInvocation.proceed(InvocationInterceptorChain.java:131) ~[junit-jupiter-engine-5.9.2.jar:5.9.2]
	at org.junit.jupiter.engine.extension.TimeoutExtension.intercept(TimeoutExtension.java:156) ~[junit-jupiter-engine-5.9.2.jar:5.9.2]
	at org.junit.jupiter.engine.extension.TimeoutExtension.interceptTestableMethod(TimeoutExtension.java:147) ~[junit-jupiter-engine-5.9.2.jar:5.9.2]
	at org.junit.jupiter.engine.extension.TimeoutExtension.interceptTestMethod(TimeoutExtension.java:86) ~[junit-jupiter-engine-5.9.2.jar:5.9.2]
	at org.junit.jupiter.engine.execution.InterceptingExecutableInvoker$ReflectiveInterceptorCall.lambda$ofVoidMethod$0(InterceptingExecutableInvoker.java:103) ~[junit-jupiter-engine-5.9.2.jar:5.9.2]
	at org.junit.jupiter.engine.execution.InterceptingExecutableInvoker.lambda$invoke$0(InterceptingExecutableInvoker.java:93) ~[junit-jupiter-engine-5.9.2.jar:5.9.2]
	at org.junit.jupiter.engine.execution.InvocationInterceptorChain$InterceptedInvocation.proceed(InvocationInterceptorChain.java:106) ~[junit-jupiter-engine-5.9.2.jar:5.9.2]
	at org.junit.jupiter.engine.execution.InvocationInterceptorChain.proceed(InvocationInterceptorChain.java:64) ~[junit-jupiter-engine-5.9.2.jar:5.9.2]
	at org.junit.jupiter.engine.execution.InvocationInterceptorChain.chainAndInvoke(InvocationInterceptorChain.java:45) ~[junit-jupiter-engine-5.9.2.jar:5.9.2]
	at org.junit.jupiter.engine.execution.InvocationInterceptorChain.invoke(InvocationInterceptorChain.java:37) ~[junit-jupiter-engine-5.9.2.jar:5.9.2]
	at org.junit.jupiter.engine.execution.InterceptingExecutableInvoker.invoke(InterceptingExecutableInvoker.java:92) ~[junit-jupiter-engine-5.9.2.jar:5.9.2]
	at org.junit.jupiter.engine.execution.InterceptingExecutableInvoker.invoke(InterceptingExecutableInvoker.java:86) ~[junit-jupiter-engine-5.9.2.jar:5.9.2]
	at org.junit.jupiter.engine.descriptor.TestMethodTestDescriptor.lambda$invokeTestMethod$7(TestMethodTestDescriptor.java:217) ~[junit-jupiter-engine-5.9.2.jar:5.9.2]
	at org.junit.platform.engine.support.hierarchical.ThrowableCollector.execute(ThrowableCollector.java:73) ~[junit-platform-engine-1.9.2.jar:1.9.2]
	at org.junit.jupiter.engine.descriptor.TestMethodTestDescriptor.invokeTestMethod(TestMethodTestDescriptor.java:213) ~[junit-jupiter-engine-5.9.2.jar:5.9.2]
	at org.junit.jupiter.engine.descriptor.TestMethodTestDescriptor.execute(TestMethodTestDescriptor.java:138) ~[junit-jupiter-engine-5.9.2.jar:5.9.2]
	at org.junit.jupiter.engine.descriptor.TestMethodTestDescriptor.execute(TestMethodTestDescriptor.java:68) ~[junit-jupiter-engine-5.9.2.jar:5.9.2]
	at org.junit.platform.engine.support.hierarchical.NodeTestTask.lambda$executeRecursively$6(NodeTestTask.java:151) ~[junit-platform-engine-1.9.2.jar:1.9.2]
	at org.junit.platform.engine.support.hierarchical.ThrowableCollector.execute(ThrowableCollector.java:73) ~[junit-platform-engine-1.9.2.jar:1.9.2]
	at org.junit.platform.engine.support.hierarchical.NodeTestTask.lambda$executeRecursively$8(NodeTestTask.java:141) ~[junit-platform-engine-1.9.2.jar:1.9.2]
	at org.junit.platform.engine.support.hierarchical.Node.around(Node.java:137) ~[junit-platform-engine-1.9.2.jar:1.9.2]
	at org.junit.platform.engine.support.hierarchical.NodeTestTask.lambda$executeRecursively$9(NodeTestTask.java:139) ~[junit-platform-engine-1.9.2.jar:1.9.2]
	at org.junit.platform.engine.support.hierarchical.ThrowableCollector.execute(ThrowableCollector.java:73) ~[junit-platform-engine-1.9.2.jar:1.9.2]
	at org.junit.platform.engine.support.hierarchical.NodeTestTask.executeRecursively(NodeTestTask.java:138) ~[junit-platform-engine-1.9.2.jar:1.9.2]
	at org.junit.platform.engine.support.hierarchical.NodeTestTask.execute(NodeTestTask.java:95) ~[junit-platform-engine-1.9.2.jar:1.9.2]
	at java.base/java.util.ArrayList.forEach(ArrayList.java:1596) ~[?:?]
	at org.junit.platform.engine.support.hierarchical.SameThreadHierarchicalTestExecutorService.invokeAll(SameThreadHierarchicalTestExecutorService.java:41) ~[junit-platform-engine-1.9.2.jar:1.9.2]
	at org.junit.platform.engine.support.hierarchical.NodeTestTask.lambda$executeRecursively$6(NodeTestTask.java:155) ~[junit-platform-engine-1.9.2.jar:1.9.2]
	at org.junit.platform.engine.support.hierarchical.ThrowableCollector.execute(ThrowableCollector.java:73) ~[junit-platform-engine-1.9.2.jar:1.9.2]
	at org.junit.platform.engine.support.hierarchical.NodeTestTask.lambda$executeRecursively$8(NodeTestTask.java:141) ~[junit-platform-engine-1.9.2.jar:1.9.2]
	at org.junit.platform.engine.support.hierarchical.Node.around(Node.java:137) ~[junit-platform-engine-1.9.2.jar:1.9.2]
	at org.junit.platform.engine.support.hierarchical.NodeTestTask.lambda$executeRecursively$9(NodeTestTask.java:139) ~[junit-platform-engine-1.9.2.jar:1.9.2]
	at org.junit.platform.engine.support.hierarchical.ThrowableCollector.execute(ThrowableCollector.java:73) ~[junit-platform-engine-1.9.2.jar:1.9.2]
	at org.junit.platform.engine.support.hierarchical.NodeTestTask.executeRecursively(NodeTestTask.java:138) ~[junit-platform-engine-1.9.2.jar:1.9.2]
	at org.junit.platform.engine.support.hierarchical.NodeTestTask.execute(NodeTestTask.java:95) ~[junit-platform-engine-1.9.2.jar:1.9.2]
	at java.base/java.util.ArrayList.forEach(ArrayList.java:1596) ~[?:?]
	at org.junit.platform.engine.support.hierarchical.SameThreadHierarchicalTestExecutorService.invokeAll(SameThreadHierarchicalTestExecutorService.java:41) ~[junit-platform-engine-1.9.2.jar:1.9.2]
	at org.junit.platform.engine.support.hierarchical.NodeTestTask.lambda$executeRecursively$6(NodeTestTask.java:155) ~[junit-platform-engine-1.9.2.jar:1.9.2]
	at org.junit.platform.engine.support.hierarchical.ThrowableCollector.execute(ThrowableCollector.java:73) ~[junit-platform-engine-1.9.2.jar:1.9.2]
	at org.junit.platform.engine.support.hierarchical.NodeTestTask.lambda$executeRecursively$8(NodeTestTask.java:141) ~[junit-platform-engine-1.9.2.jar:1.9.2]
	at org.junit.platform.engine.support.hierarchical.Node.around(Node.java:137) ~[junit-platform-engine-1.9.2.jar:1.9.2]
	at org.junit.platform.engine.support.hierarchical.NodeTestTask.lambda$executeRecursively$9(NodeTestTask.java:139) ~[junit-platform-engine-1.9.2.jar:1.9.2]
	at org.junit.platform.engine.support.hierarchical.ThrowableCollector.execute(ThrowableCollector.java:73) ~[junit-platform-engine-1.9.2.jar:1.9.2]
	at org.junit.platform.engine.support.hierarchical.NodeTestTask.executeRecursively(NodeTestTask.java:138) ~[junit-platform-engine-1.9.2.jar:1.9.2]
	at org.junit.platform.engine.support.hierarchical.NodeTestTask.execute(NodeTestTask.java:95) ~[junit-platform-engine-1.9.2.jar:1.9.2]
	at org.junit.platform.engine.support.hierarchical.SameThreadHierarchicalTestExecutorService.submit(SameThreadHierarchicalTestExecutorService.java:35) ~[junit-platform-engine-1.9.2.jar:1.9.2]
	at org.junit.platform.engine.support.hierarchical.HierarchicalTestExecutor.execute(HierarchicalTestExecutor.java:57) ~[junit-platform-engine-1.9.2.jar:1.9.2]
	at org.junit.platform.engine.support.hierarchical.HierarchicalTestEngine.execute(HierarchicalTestEngine.java:54) ~[junit-platform-engine-1.9.2.jar:1.9.2]
	at org.junit.platform.launcher.core.EngineExecutionOrchestrator.execute(EngineExecutionOrchestrator.java:147) ~[junit-platform-launcher-1.9.2.jar:1.9.2]
	at org.junit.platform.launcher.core.EngineExecutionOrchestrator.execute(EngineExecutionOrchestrator.java:127) ~[junit-platform-launcher-1.9.2.jar:1.9.2]
	at org.junit.platform.launcher.core.EngineExecutionOrchestrator.execute(EngineExecutionOrchestrator.java:90) ~[junit-platform-launcher-1.9.2.jar:1.9.2]
	at org.junit.platform.launcher.core.EngineExecutionOrchestrator.lambda$execute$0(EngineExecutionOrchestrator.java:55) ~[junit-platform-launcher-1.9.2.jar:1.9.2]
	at org.junit.platform.launcher.core.EngineExecutionOrchestrator.withInterceptedStreams(EngineExecutionOrchestrator.java:102) [junit-platform-launcher-1.9.2.jar:1.9.2]
	at org.junit.platform.launcher.core.EngineExecutionOrchestrator.execute(EngineExecutionOrchestrator.java:54) [junit-platform-launcher-1.9.2.jar:1.9.2]
	at org.junit.platform.launcher.core.DefaultLauncher.execute(DefaultLauncher.java:114) [junit-platform-launcher-1.9.2.jar:1.9.2]
	at org.junit.platform.launcher.core.DefaultLauncher.execute(DefaultLauncher.java:86) [junit-platform-launcher-1.9.2.jar:1.9.2]
	at org.junit.platform.launcher.core.DefaultLauncherSession$DelegatingLauncher.execute(DefaultLauncherSession.java:86) [junit-platform-launcher-1.9.2.jar:1.9.2]
	at org.junit.platform.launcher.core.SessionPerRequestLauncher.execute(SessionPerRequestLauncher.java:53) [junit-platform-launcher-1.9.2.jar:1.9.2]
	at com.intellij.junit5.JUnit5IdeaTestRunner.startRunnerWithArgs(JUnit5IdeaTestRunner.java:57) [junit5-rt.jar:?]
	at com.intellij.rt.junit.IdeaTestRunner$Repeater$1.execute(IdeaTestRunner.java:38) [junit-rt.jar:?]
	at com.intellij.rt.execution.junit.TestsRepeater.repeat(TestsRepeater.java:11) [idea_rt.jar:?]
	at com.intellij.rt.junit.IdeaTestRunner$Repeater.startRunnerWithArgs(IdeaTestRunner.java:35) [junit-rt.jar:?]
	at com.intellij.rt.junit.JUnitStarter.prepareStreamsAndStart(JUnitStarter.java:232) [junit-rt.jar:?]
	at com.intellij.rt.junit.JUnitStarter.main(JUnitStarter.java:55) [junit-rt.jar:?]
2023-12-09 14:01:54.307 [main] org.example.back.DateToString:15 INFO  org.example.back.DateToString - Date to string: invalid-date -- 3
2023-12-09 14:01:54.308 [main] org.example.back.DateToString:26 ERROR org.example.back.DateToString - Error converting date: Text 'invalid-date' could not be parsed at index 0
2023-12-09 14:01:55.637 [main] org.example.back.DateToString:15 INFO  org.example.back.DateToString - Date to string: 2022-01-15 -- 3
2023-12-09 14:01:55.638 [main] org.example.back.DateToString:22 INFO  org.example.back.DateToString - DateConvertion result: 2022-04-15
2023-12-09 14:01:55.645 [main] org.example.back.JsonProcessing:66 ERROR org.example.back.JsonProcessing - bad\path\to\nowhere (The system cannot find the path specified)
2023-12-09 14:01:57.176 [main] org.example.back.JsonProcessing:63 INFO  org.example.back.JsonProcessing - All data from D:\Java Programing\Lab8\target\classes\data\users.json was saved to userList
2023-12-09 14:01:57.177 [main] org.example.back.JsonProcessing:77 INFO  org.example.back.JsonProcessing - All data from D:\Java Programing\Lab8\target\classes\data\banks.json was read to bankList
2023-12-09 14:01:57.185 [main] org.example.back.JsonProcessing:63 INFO  org.example.back.JsonProcessing - All data from D:\Java Programing\Lab8\target\classes\data\users.json was saved to userList
2023-12-09 14:01:57.186 [main] org.example.back.JsonProcessing:77 INFO  org.example.back.JsonProcessing - All data from D:\Java Programing\Lab8\target\classes\data\banks.json was read to bankList
2023-12-09 14:07:52.097 [main] org.example.back.JsonProcessing:63 INFO  org.example.back.JsonProcessing - All data from src/main/resources/dataForLoginTest/users.json was saved to userList
2023-12-09 14:07:52.100 [main] org.example.back.JsonProcessing:77 INFO  org.example.back.JsonProcessing - All data from src/main/resources/dataForLoginTest/banks.json was read to bankList
2023-12-09 14:07:52.100 [main] org.example.back.Login:27 INFO  org.example.back.Login - Logging, please provide username and password: 
2023-12-09 14:07:52.100 [main] org.example.back.Login:30 INFO  org.example.back.Login - Enter username
2023-12-09 14:07:52.101 [main] org.example.back.Login:34 INFO  org.example.back.Login - Enter password
2023-12-09 14:07:52.123 [main] org.example.back.JsonProcessing:126 WARN  org.example.back.JsonProcessing - Password is incorrect for user: Bohdan
2023-12-09 14:07:52.124 [main] org.example.back.JsonProcessing:127 WARN  org.example.back.JsonProcessing - Method returned null value when ended
2023-12-09 14:07:52.124 [main] org.example.back.Login:47 INFO  org.example.back.Login - User Bohdan not logged in, proceeding to registration
2023-12-09 14:07:52.146 [main] org.example.back.JsonProcessing:63 INFO  org.example.back.JsonProcessing - All data from src/main/resources/dataForLoginTest/users.json was saved to userList
2023-12-09 14:07:52.148 [main] org.example.back.JsonProcessing:77 INFO  org.example.back.JsonProcessing - All data from src/main/resources/dataForLoginTest/banks.json was read to bankList
2023-12-09 14:07:52.149 [main] org.example.back.Login:27 INFO  org.example.back.Login - Logging, please provide username and password: 
2023-12-09 14:07:52.149 [main] org.example.back.Login:30 INFO  org.example.back.Login - Enter username
2023-12-09 14:07:52.149 [main] org.example.back.Login:34 INFO  org.example.back.Login - Enter password
2023-12-09 14:07:52.150 [main] org.example.back.JsonProcessing:132 WARN  org.example.back.JsonProcessing - Username is not found: BadLoginName
2023-12-09 14:07:52.150 [main] org.example.back.JsonProcessing:133 WARN  org.example.back.JsonProcessing - Method returned null value when ended
2023-12-09 14:07:52.150 [main] org.example.back.Login:47 INFO  org.example.back.Login - User BadLoginName not logged in, proceeding to registration
2023-12-09 14:07:52.154 [main] org.example.back.JsonProcessing:63 INFO  org.example.back.JsonProcessing - All data from src/main/resources/dataForLoginTest/users.json was saved to userList
2023-12-09 14:07:52.155 [main] org.example.back.JsonProcessing:77 INFO  org.example.back.JsonProcessing - All data from src/main/resources/dataForLoginTest/banks.json was read to bankList
2023-12-09 14:07:52.155 [main] org.example.back.Login:27 INFO  org.example.back.Login - Logging, please provide username and password: 
2023-12-09 14:07:52.155 [main] org.example.back.Login:30 INFO  org.example.back.Login - Enter username
2023-12-09 14:07:52.155 [main] org.example.back.Login:34 INFO  org.example.back.Login - Enter password
2023-12-09 14:07:52.156 [main] org.example.back.JsonProcessing:122 INFO  org.example.back.JsonProcessing - User Bohdan logged in successfully
2023-12-09 14:07:52.156 [main] org.example.back.Login:44 INFO  org.example.back.Login - User Bohdan successfully logged in
2023-12-09 14:07:52.162 [main] org.example.money.Loan:22 INFO  org.example.money.Loan - Creating Loan instance: Loan A -- This is a loan for a car -- 12 months -- 6 pays -- 5.5%
2023-12-09 14:07:52.162 [main] org.example.money.Loan:22 INFO  org.example.money.Loan - Creating Loan instance: Loan B -- Home improvement loan -- 6 months -- 6 pays -- 4.8%
2023-12-09 14:07:52.163 [main] org.example.money.Loan:22 INFO  org.example.money.Loan - Creating Loan instance: Loan C -- Education loan -- 36 months -- 2 pays -- 6.2%
2023-12-09 14:07:52.163 [main] org.example.money.Loan:22 INFO  org.example.money.Loan - Creating Loan instance: Loan X -- Personal loan -- 24 months -- 8 pays -- 4.0%
2023-12-09 14:07:52.163 [main] org.example.money.Loan:22 INFO  org.example.money.Loan - Creating Loan instance: Loan Y -- Home mortgage -- 12 months -- 4 pays -- 5.2%
2023-12-09 14:07:52.163 [main] org.example.money.Loan:22 INFO  org.example.money.Loan - Creating Loan instance: Loan Z -- Small business loan -- 6 months -- 3 pays -- 3.8%
2023-12-09 14:07:52.166 [main] org.example.pattern.FindBestLoan:21 INFO  org.example.pattern.FindBestLoan - Creating FindBestLoan instance.
2023-12-09 14:07:52.167 [main] org.example.pattern.FindBestLoan:34 INFO  org.example.pattern.FindBestLoan - Executing FindBestLoan command.
2023-12-09 14:07:52.173 [main] org.example.pattern.FindBestLoan:41 INFO  org.example.pattern.FindBestLoan - Checking loan: Bank=Monobank, Loan=Loan A This is a loan for a car -- 5.5%, Interval=12
2023-12-09 14:07:52.173 [main] org.example.money.Loan:42 INFO  org.example.money.Loan - Calculating bank profit for Loan: Loan A -- This is a loan for a car -- 12 months -- 6 pays -- 5.5%
2023-12-09 14:07:52.174 [main] org.example.money.Loan:64 INFO  org.example.money.Loan - Bank profit calculated: 3.3
2023-12-09 14:07:52.174 [main] org.example.management.Top:26 INFO  org.example.management.Top - Inserting or ignoring entry in Top.
2023-12-09 14:07:52.174 [main] org.example.management.Top:46 INFO  org.example.management.Top - Entry inserted or ignored: Bank=Monobank, Loan=Loan A This is a loan for a car -- 5.5%, BankProfit=3.3
2023-12-09 14:07:52.174 [main] org.example.pattern.FindBestLoan:41 INFO  org.example.pattern.FindBestLoan - Checking loan: Bank=Monobank, Loan=Loan B Home improvement loan -- 4.8%, Interval=6
2023-12-09 14:07:52.174 [main] org.example.money.Loan:42 INFO  org.example.money.Loan - Calculating bank profit for Loan: Loan B -- Home improvement loan -- 6 months -- 6 pays -- 4.8%
2023-12-09 14:07:52.174 [main] org.example.money.Loan:64 INFO  org.example.money.Loan - Bank profit calculated: 1.68
2023-12-09 14:07:52.174 [main] org.example.management.Top:26 INFO  org.example.management.Top - Inserting or ignoring entry in Top.
2023-12-09 14:07:52.175 [main] org.example.management.Top:46 INFO  org.example.management.Top - Entry inserted or ignored: Bank=Monobank, Loan=Loan B Home improvement loan -- 4.8%, BankProfit=1.68
2023-12-09 14:07:52.175 [main] org.example.pattern.FindBestLoan:41 INFO  org.example.pattern.FindBestLoan - Checking loan: Bank=Monobank, Loan=Loan C Education loan -- 6.2%, Interval=36
2023-12-09 14:07:52.175 [main] org.example.money.Loan:42 INFO  org.example.money.Loan - Calculating bank profit for Loan: Loan C -- Education loan -- 36 months -- 2 pays -- 6.2%
2023-12-09 14:07:52.175 [main] org.example.money.Loan:64 INFO  org.example.money.Loan - Bank profit calculated: 11.47
2023-12-09 14:07:52.175 [main] org.example.management.Top:26 INFO  org.example.management.Top - Inserting or ignoring entry in Top.
2023-12-09 14:07:52.175 [main] org.example.management.Top:46 INFO  org.example.management.Top - Entry inserted or ignored: Bank=Monobank, Loan=Loan C Education loan -- 6.2%, BankProfit=11.47
2023-12-09 14:07:52.175 [main] org.example.pattern.FindBestLoan:41 INFO  org.example.pattern.FindBestLoan - Checking loan: Bank=Bank XYZ, Loan=Loan X Personal loan -- 4.0%, Interval=24
2023-12-09 14:07:52.175 [main] org.example.money.Loan:42 INFO  org.example.money.Loan - Calculating bank profit for Loan: Loan X -- Personal loan -- 24 months -- 8 pays -- 4.0%
2023-12-09 14:07:52.175 [main] org.example.money.Loan:64 INFO  org.example.money.Loan - Bank profit calculated: 4.6
2023-12-09 14:07:52.176 [main] org.example.management.Top:26 INFO  org.example.management.Top - Inserting or ignoring entry in Top.
2023-12-09 14:07:52.176 [main] org.example.management.Top:46 INFO  org.example.management.Top - Entry inserted or ignored: Bank=Bank XYZ, Loan=Loan X Personal loan -- 4.0%, BankProfit=4.6
2023-12-09 14:07:52.176 [main] org.example.pattern.FindBestLoan:41 INFO  org.example.pattern.FindBestLoan - Checking loan: Bank=Bank XYZ, Loan=Loan Y Home mortgage -- 5.2%, Interval=12
2023-12-09 14:07:52.176 [main] org.example.money.Loan:42 INFO  org.example.money.Loan - Calculating bank profit for Loan: Loan Y -- Home mortgage -- 12 months -- 4 pays -- 5.2%
2023-12-09 14:07:52.176 [main] org.example.money.Loan:64 INFO  org.example.money.Loan - Bank profit calculated: 3.509999999999999
2023-12-09 14:07:52.176 [main] org.example.management.Top:26 INFO  org.example.management.Top - Inserting or ignoring entry in Top.
2023-12-09 14:07:52.176 [main] org.example.management.Top:46 INFO  org.example.management.Top - Entry inserted or ignored: Bank=Bank XYZ, Loan=Loan Y Home mortgage -- 5.2%, BankProfit=3.509999999999999
2023-12-09 14:07:52.177 [main] org.example.pattern.FindBestLoan:41 INFO  org.example.pattern.FindBestLoan - Checking loan: Bank=Bank XYZ, Loan=Loan Z Small business loan -- 3.8%, Interval=6
2023-12-09 14:07:52.177 [main] org.example.money.Loan:42 INFO  org.example.money.Loan - Calculating bank profit for Loan: Loan Z -- Small business loan -- 6 months -- 3 pays -- 3.8%
2023-12-09 14:07:52.177 [main] org.example.money.Loan:64 INFO  org.example.money.Loan - Bank profit calculated: 1.3933333333333333
2023-12-09 14:07:52.177 [main] org.example.management.Top:26 INFO  org.example.management.Top - Inserting or ignoring entry in Top.
2023-12-09 14:07:52.177 [main] org.example.management.Top:46 INFO  org.example.management.Top - Entry inserted or ignored: Bank=Bank XYZ, Loan=Loan Z Small business loan -- 3.8%, BankProfit=1.3933333333333333
2023-12-09 14:07:52.177 [main] org.example.management.Top:50 INFO  org.example.management.Top - Converting Top to String.
2023-12-09 14:07:52.852 [main] org.example.back.JsonProcessing:63 INFO  org.example.back.JsonProcessing - All data from D:\Java Programing\Lab8\target\classes\data\users.json was saved to userList
2023-12-09 14:07:52.853 [main] org.example.back.JsonProcessing:77 INFO  org.example.back.JsonProcessing - All data from D:\Java Programing\Lab8\target\classes\data\banks.json was read to bankList
2023-12-09 14:07:52.855 [main] org.example.back.JsonProcessing:63 INFO  org.example.back.JsonProcessing - All data from D:\Java Programing\Lab8\target\classes\data\users.json was saved to userList
2023-12-09 14:07:52.856 [main] org.example.back.JsonProcessing:77 INFO  org.example.back.JsonProcessing - All data from D:\Java Programing\Lab8\target\classes\data\banks.json was read to bankList
2023-12-09 14:07:52.856 [main] org.example.back.Login:27 INFO  org.example.back.Login - Logging, please provide username and password: 
2023-12-09 14:07:52.856 [main] org.example.back.Login:30 INFO  org.example.back.Login - Enter username
2023-12-09 14:07:52.857 [main] org.example.Main:35 ERROR org.example.Main - An error occurred during the app work
java.util.NoSuchElementException: No line found
	at java.base/java.util.Scanner.nextLine(Scanner.java:1660) ~[?:?]
	at org.example.back.Login.execute(Login.java:31) ~[classes/:?]
	at org.example.back.Login.<init>(Login.java:18) ~[classes/:?]
	at org.example.back.Menu.<init>(Menu.java:28) ~[classes/:?]
	at org.example.Main.main(Main.java:20) ~[classes/:?]
	at org.example.MainTest.lambda$testMainMethod$0(MainTest.java:22) ~[test-classes/:?]
	at org.junit.jupiter.api.AssertDoesNotThrow.assertDoesNotThrow(AssertDoesNotThrow.java:49) ~[junit-jupiter-api-5.9.2.jar:5.9.2]
	at org.junit.jupiter.api.AssertDoesNotThrow.assertDoesNotThrow(AssertDoesNotThrow.java:36) ~[junit-jupiter-api-5.9.2.jar:5.9.2]
	at org.junit.jupiter.api.Assertions.assertDoesNotThrow(Assertions.java:3136) ~[junit-jupiter-api-5.9.2.jar:5.9.2]
	at org.example.MainTest.testMainMethod(MainTest.java:22) ~[test-classes/:?]
	at java.base/jdk.internal.reflect.DirectMethodHandleAccessor.invoke(DirectMethodHandleAccessor.java:103) ~[?:?]
	at java.base/java.lang.reflect.Method.invoke(Method.java:580) ~[?:?]
	at org.junit.platform.commons.util.ReflectionUtils.invokeMethod(ReflectionUtils.java:727) ~[junit-platform-commons-1.9.2.jar:1.9.2]
	at org.junit.jupiter.engine.execution.MethodInvocation.proceed(MethodInvocation.java:60) ~[junit-jupiter-engine-5.9.2.jar:5.9.2]
	at org.junit.jupiter.engine.execution.InvocationInterceptorChain$ValidatingInvocation.proceed(InvocationInterceptorChain.java:131) ~[junit-jupiter-engine-5.9.2.jar:5.9.2]
	at org.junit.jupiter.engine.extension.TimeoutExtension.intercept(TimeoutExtension.java:156) ~[junit-jupiter-engine-5.9.2.jar:5.9.2]
	at org.junit.jupiter.engine.extension.TimeoutExtension.interceptTestableMethod(TimeoutExtension.java:147) ~[junit-jupiter-engine-5.9.2.jar:5.9.2]
	at org.junit.jupiter.engine.extension.TimeoutExtension.interceptTestMethod(TimeoutExtension.java:86) ~[junit-jupiter-engine-5.9.2.jar:5.9.2]
	at org.junit.jupiter.engine.execution.InterceptingExecutableInvoker$ReflectiveInterceptorCall.lambda$ofVoidMethod$0(InterceptingExecutableInvoker.java:103) ~[junit-jupiter-engine-5.9.2.jar:5.9.2]
	at org.junit.jupiter.engine.execution.InterceptingExecutableInvoker.lambda$invoke$0(InterceptingExecutableInvoker.java:93) ~[junit-jupiter-engine-5.9.2.jar:5.9.2]
	at org.junit.jupiter.engine.execution.InvocationInterceptorChain$InterceptedInvocation.proceed(InvocationInterceptorChain.java:106) ~[junit-jupiter-engine-5.9.2.jar:5.9.2]
	at org.junit.jupiter.engine.execution.InvocationInterceptorChain.proceed(InvocationInterceptorChain.java:64) ~[junit-jupiter-engine-5.9.2.jar:5.9.2]
	at org.junit.jupiter.engine.execution.InvocationInterceptorChain.chainAndInvoke(InvocationInterceptorChain.java:45) ~[junit-jupiter-engine-5.9.2.jar:5.9.2]
	at org.junit.jupiter.engine.execution.InvocationInterceptorChain.invoke(InvocationInterceptorChain.java:37) ~[junit-jupiter-engine-5.9.2.jar:5.9.2]
	at org.junit.jupiter.engine.execution.InterceptingExecutableInvoker.invoke(InterceptingExecutableInvoker.java:92) ~[junit-jupiter-engine-5.9.2.jar:5.9.2]
	at org.junit.jupiter.engine.execution.InterceptingExecutableInvoker.invoke(InterceptingExecutableInvoker.java:86) ~[junit-jupiter-engine-5.9.2.jar:5.9.2]
	at org.junit.jupiter.engine.descriptor.TestMethodTestDescriptor.lambda$invokeTestMethod$7(TestMethodTestDescriptor.java:217) ~[junit-jupiter-engine-5.9.2.jar:5.9.2]
	at org.junit.platform.engine.support.hierarchical.ThrowableCollector.execute(ThrowableCollector.java:73) ~[junit-platform-engine-1.9.2.jar:1.9.2]
	at org.junit.jupiter.engine.descriptor.TestMethodTestDescriptor.invokeTestMethod(TestMethodTestDescriptor.java:213) ~[junit-jupiter-engine-5.9.2.jar:5.9.2]
	at org.junit.jupiter.engine.descriptor.TestMethodTestDescriptor.execute(TestMethodTestDescriptor.java:138) ~[junit-jupiter-engine-5.9.2.jar:5.9.2]
	at org.junit.jupiter.engine.descriptor.TestMethodTestDescriptor.execute(TestMethodTestDescriptor.java:68) ~[junit-jupiter-engine-5.9.2.jar:5.9.2]
	at org.junit.platform.engine.support.hierarchical.NodeTestTask.lambda$executeRecursively$6(NodeTestTask.java:151) ~[junit-platform-engine-1.9.2.jar:1.9.2]
	at org.junit.platform.engine.support.hierarchical.ThrowableCollector.execute(ThrowableCollector.java:73) ~[junit-platform-engine-1.9.2.jar:1.9.2]
	at org.junit.platform.engine.support.hierarchical.NodeTestTask.lambda$executeRecursively$8(NodeTestTask.java:141) ~[junit-platform-engine-1.9.2.jar:1.9.2]
	at org.junit.platform.engine.support.hierarchical.Node.around(Node.java:137) ~[junit-platform-engine-1.9.2.jar:1.9.2]
	at org.junit.platform.engine.support.hierarchical.NodeTestTask.lambda$executeRecursively$9(NodeTestTask.java:139) ~[junit-platform-engine-1.9.2.jar:1.9.2]
	at org.junit.platform.engine.support.hierarchical.ThrowableCollector.execute(ThrowableCollector.java:73) ~[junit-platform-engine-1.9.2.jar:1.9.2]
	at org.junit.platform.engine.support.hierarchical.NodeTestTask.executeRecursively(NodeTestTask.java:138) ~[junit-platform-engine-1.9.2.jar:1.9.2]
	at org.junit.platform.engine.support.hierarchical.NodeTestTask.execute(NodeTestTask.java:95) ~[junit-platform-engine-1.9.2.jar:1.9.2]
	at java.base/java.util.ArrayList.forEach(ArrayList.java:1596) ~[?:?]
	at org.junit.platform.engine.support.hierarchical.SameThreadHierarchicalTestExecutorService.invokeAll(SameThreadHierarchicalTestExecutorService.java:41) ~[junit-platform-engine-1.9.2.jar:1.9.2]
	at org.junit.platform.engine.support.hierarchical.NodeTestTask.lambda$executeRecursively$6(NodeTestTask.java:155) ~[junit-platform-engine-1.9.2.jar:1.9.2]
	at org.junit.platform.engine.support.hierarchical.ThrowableCollector.execute(ThrowableCollector.java:73) ~[junit-platform-engine-1.9.2.jar:1.9.2]
	at org.junit.platform.engine.support.hierarchical.NodeTestTask.lambda$executeRecursively$8(NodeTestTask.java:141) ~[junit-platform-engine-1.9.2.jar:1.9.2]
	at org.junit.platform.engine.support.hierarchical.Node.around(Node.java:137) ~[junit-platform-engine-1.9.2.jar:1.9.2]
	at org.junit.platform.engine.support.hierarchical.NodeTestTask.lambda$executeRecursively$9(NodeTestTask.java:139) ~[junit-platform-engine-1.9.2.jar:1.9.2]
	at org.junit.platform.engine.support.hierarchical.ThrowableCollector.execute(ThrowableCollector.java:73) ~[junit-platform-engine-1.9.2.jar:1.9.2]
	at org.junit.platform.engine.support.hierarchical.NodeTestTask.executeRecursively(NodeTestTask.java:138) ~[junit-platform-engine-1.9.2.jar:1.9.2]
	at org.junit.platform.engine.support.hierarchical.NodeTestTask.execute(NodeTestTask.java:95) ~[junit-platform-engine-1.9.2.jar:1.9.2]
	at java.base/java.util.ArrayList.forEach(ArrayList.java:1596) ~[?:?]
	at org.junit.platform.engine.support.hierarchical.SameThreadHierarchicalTestExecutorService.invokeAll(SameThreadHierarchicalTestExecutorService.java:41) ~[junit-platform-engine-1.9.2.jar:1.9.2]
	at org.junit.platform.engine.support.hierarchical.NodeTestTask.lambda$executeRecursively$6(NodeTestTask.java:155) ~[junit-platform-engine-1.9.2.jar:1.9.2]
	at org.junit.platform.engine.support.hierarchical.ThrowableCollector.execute(ThrowableCollector.java:73) ~[junit-platform-engine-1.9.2.jar:1.9.2]
	at org.junit.platform.engine.support.hierarchical.NodeTestTask.lambda$executeRecursively$8(NodeTestTask.java:141) ~[junit-platform-engine-1.9.2.jar:1.9.2]
	at org.junit.platform.engine.support.hierarchical.Node.around(Node.java:137) ~[junit-platform-engine-1.9.2.jar:1.9.2]
	at org.junit.platform.engine.support.hierarchical.NodeTestTask.lambda$executeRecursively$9(NodeTestTask.java:139) ~[junit-platform-engine-1.9.2.jar:1.9.2]
	at org.junit.platform.engine.support.hierarchical.ThrowableCollector.execute(ThrowableCollector.java:73) ~[junit-platform-engine-1.9.2.jar:1.9.2]
	at org.junit.platform.engine.support.hierarchical.NodeTestTask.executeRecursively(NodeTestTask.java:138) ~[junit-platform-engine-1.9.2.jar:1.9.2]
	at org.junit.platform.engine.support.hierarchical.NodeTestTask.execute(NodeTestTask.java:95) ~[junit-platform-engine-1.9.2.jar:1.9.2]
	at org.junit.platform.engine.support.hierarchical.SameThreadHierarchicalTestExecutorService.submit(SameThreadHierarchicalTestExecutorService.java:35) ~[junit-platform-engine-1.9.2.jar:1.9.2]
	at org.junit.platform.engine.support.hierarchical.HierarchicalTestExecutor.execute(HierarchicalTestExecutor.java:57) ~[junit-platform-engine-1.9.2.jar:1.9.2]
	at org.junit.platform.engine.support.hierarchical.HierarchicalTestEngine.execute(HierarchicalTestEngine.java:54) ~[junit-platform-engine-1.9.2.jar:1.9.2]
	at org.junit.platform.launcher.core.EngineExecutionOrchestrator.execute(EngineExecutionOrchestrator.java:147) ~[junit-platform-launcher-1.9.2.jar:1.9.2]
	at org.junit.platform.launcher.core.EngineExecutionOrchestrator.execute(EngineExecutionOrchestrator.java:127) ~[junit-platform-launcher-1.9.2.jar:1.9.2]
	at org.junit.platform.launcher.core.EngineExecutionOrchestrator.execute(EngineExecutionOrchestrator.java:90) ~[junit-platform-launcher-1.9.2.jar:1.9.2]
	at org.junit.platform.launcher.core.EngineExecutionOrchestrator.lambda$execute$0(EngineExecutionOrchestrator.java:55) ~[junit-platform-launcher-1.9.2.jar:1.9.2]
	at org.junit.platform.launcher.core.EngineExecutionOrchestrator.withInterceptedStreams(EngineExecutionOrchestrator.java:102) [junit-platform-launcher-1.9.2.jar:1.9.2]
	at org.junit.platform.launcher.core.EngineExecutionOrchestrator.execute(EngineExecutionOrchestrator.java:54) [junit-platform-launcher-1.9.2.jar:1.9.2]
	at org.junit.platform.launcher.core.DefaultLauncher.execute(DefaultLauncher.java:114) [junit-platform-launcher-1.9.2.jar:1.9.2]
	at org.junit.platform.launcher.core.DefaultLauncher.execute(DefaultLauncher.java:86) [junit-platform-launcher-1.9.2.jar:1.9.2]
	at org.junit.platform.launcher.core.DefaultLauncherSession$DelegatingLauncher.execute(DefaultLauncherSession.java:86) [junit-platform-launcher-1.9.2.jar:1.9.2]
	at org.junit.platform.launcher.core.SessionPerRequestLauncher.execute(SessionPerRequestLauncher.java:53) [junit-platform-launcher-1.9.2.jar:1.9.2]
	at com.intellij.junit5.JUnit5IdeaTestRunner.startRunnerWithArgs(JUnit5IdeaTestRunner.java:57) [junit5-rt.jar:?]
	at com.intellij.rt.junit.IdeaTestRunner$Repeater$1.execute(IdeaTestRunner.java:38) [junit-rt.jar:?]
	at com.intellij.rt.execution.junit.TestsRepeater.repeat(TestsRepeater.java:11) [idea_rt.jar:?]
	at com.intellij.rt.junit.IdeaTestRunner$Repeater.startRunnerWithArgs(IdeaTestRunner.java:35) [junit-rt.jar:?]
	at com.intellij.rt.junit.JUnitStarter.prepareStreamsAndStart(JUnitStarter.java:232) [junit-rt.jar:?]
	at com.intellij.rt.junit.JUnitStarter.main(JUnitStarter.java:55) [junit-rt.jar:?]
2023-12-09 14:07:54.524 [main] org.example.back.DateToString:15 INFO  org.example.back.DateToString - Date to string: invalid-date -- 3
2023-12-09 14:07:54.527 [main] org.example.back.DateToString:26 ERROR org.example.back.DateToString - Error converting date: Text 'invalid-date' could not be parsed at index 0
2023-12-09 14:07:55.918 [main] org.example.back.DateToString:15 INFO  org.example.back.DateToString - Date to string: 2022-01-15 -- 3
2023-12-09 14:07:55.918 [main] org.example.back.DateToString:22 INFO  org.example.back.DateToString - DateConvertion result: 2022-04-15
2023-12-09 14:07:55.924 [main] org.example.back.JsonProcessing:66 ERROR org.example.back.JsonProcessing - bad\path\to\nowhere (The system cannot find the path specified)
2023-12-09 14:07:57.109 [main] org.example.back.JsonProcessing:63 INFO  org.example.back.JsonProcessing - All data from D:\Java Programing\Lab8\target\classes\data\users.json was saved to userList
2023-12-09 14:07:57.109 [main] org.example.back.JsonProcessing:77 INFO  org.example.back.JsonProcessing - All data from D:\Java Programing\Lab8\target\classes\data\banks.json was read to bankList
2023-12-09 14:07:57.116 [main] org.example.back.JsonProcessing:63 INFO  org.example.back.JsonProcessing - All data from D:\Java Programing\Lab8\target\classes\data\users.json was saved to userList
2023-12-09 14:07:57.116 [main] org.example.back.JsonProcessing:77 INFO  org.example.back.JsonProcessing - All data from D:\Java Programing\Lab8\target\classes\data\banks.json was read to bankList
2023-12-09 14:12:48.034 [main] org.example.back.JsonProcessing:63 INFO  org.example.back.JsonProcessing - All data from src/main/resources/dataForLoginTest/users.json was saved to userList
2023-12-09 14:12:48.038 [main] org.example.back.JsonProcessing:77 INFO  org.example.back.JsonProcessing - All data from src/main/resources/dataForLoginTest/banks.json was read to bankList
2023-12-09 14:12:50.695 [main] org.example.pattern.AllLoans:17 INFO  org.example.pattern.AllLoans - Creating AllLoans instance.
2023-12-09 14:12:51.999 [main] org.example.pattern.AllLoans:22 INFO  org.example.pattern.AllLoans - Executing AllLoans command.
2023-12-09 14:13:44.435 [main] org.example.back.JsonProcessing:63 INFO  org.example.back.JsonProcessing - All data from src/main/resources/dataForLoginTest/users.json was saved to userList
2023-12-09 14:13:44.438 [main] org.example.back.JsonProcessing:77 INFO  org.example.back.JsonProcessing - All data from src/main/resources/dataForLoginTest/banks.json was read to bankList
2023-12-09 14:13:44.438 [main] org.example.pattern.AllLoans:17 INFO  org.example.pattern.AllLoans - Creating AllLoans instance.
2023-12-09 14:13:44.439 [main] org.example.pattern.AllLoans:22 INFO  org.example.pattern.AllLoans - Executing AllLoans command.
2023-12-09 14:14:04.290 [main] org.example.back.JsonProcessing:63 INFO  org.example.back.JsonProcessing - All data from src/main/resources/dataForLoginTest/users.json was saved to userList
2023-12-09 14:14:04.294 [main] org.example.back.JsonProcessing:77 INFO  org.example.back.JsonProcessing - All data from src/main/resources/dataForLoginTest/banks.json was read to bankList
2023-12-09 14:14:04.295 [main] org.example.pattern.AllLoans:17 INFO  org.example.pattern.AllLoans - Creating AllLoans instance.
2023-12-09 14:14:04.295 [main] org.example.pattern.AllLoans:22 INFO  org.example.pattern.AllLoans - Executing AllLoans command.
2023-12-09 14:14:28.572 [main] org.example.back.JsonProcessing:63 INFO  org.example.back.JsonProcessing - All data from src/main/resources/dataForLoginTest/users.json was saved to userList
2023-12-09 14:14:28.577 [main] org.example.back.JsonProcessing:77 INFO  org.example.back.JsonProcessing - All data from src/main/resources/dataForLoginTest/banks.json was read to bankList
2023-12-09 14:14:28.579 [main] org.example.pattern.AllLoans:17 INFO  org.example.pattern.AllLoans - Creating AllLoans instance.
2023-12-09 14:14:28.579 [main] org.example.pattern.AllLoans:22 INFO  org.example.pattern.AllLoans - Executing AllLoans command.
2023-12-09 14:15:06.660 [main] org.example.back.JsonProcessing:63 INFO  org.example.back.JsonProcessing - All data from src/main/resources/dataForLoginTest/users.json was saved to userList
2023-12-09 14:15:06.664 [main] org.example.back.JsonProcessing:77 INFO  org.example.back.JsonProcessing - All data from src/main/resources/dataForLoginTest/banks.json was read to bankList
2023-12-09 14:15:06.666 [main] org.example.pattern.AllLoans:17 INFO  org.example.pattern.AllLoans - Creating AllLoans instance.
2023-12-09 14:15:06.666 [main] org.example.pattern.AllLoans:22 INFO  org.example.pattern.AllLoans - Executing AllLoans command.
2023-12-09 14:17:59.467 [main] org.example.back.JsonProcessing:63 INFO  org.example.back.JsonProcessing - All data from src/main/resources/dataForLoginTest/users.json was saved to userList
2023-12-09 14:17:59.471 [main] org.example.back.JsonProcessing:77 INFO  org.example.back.JsonProcessing - All data from src/main/resources/dataForLoginTest/banks.json was read to bankList
2023-12-09 14:17:59.472 [main] org.example.pattern.AllLoans:17 INFO  org.example.pattern.AllLoans - Creating AllLoans instance.
2023-12-09 14:17:59.472 [main] org.example.pattern.AllLoans:22 INFO  org.example.pattern.AllLoans - Executing AllLoans command.
2023-12-09 14:18:16.279 [main] org.example.back.JsonProcessing:63 INFO  org.example.back.JsonProcessing - All data from src/main/resources/dataForLoginTest/users.json was saved to userList
2023-12-09 14:18:16.284 [main] org.example.back.JsonProcessing:77 INFO  org.example.back.JsonProcessing - All data from src/main/resources/dataForLoginTest/banks.json was read to bankList
2023-12-09 14:18:16.285 [main] org.example.pattern.AllLoans:17 INFO  org.example.pattern.AllLoans - Creating AllLoans instance.
2023-12-09 14:18:16.285 [main] org.example.pattern.AllLoans:22 INFO  org.example.pattern.AllLoans - Executing AllLoans command.
2023-12-09 14:18:16.319 [main] org.example.back.JsonProcessing:63 INFO  org.example.back.JsonProcessing - All data from src/main/resources/dataForLoginTest/users.json was saved to userList
2023-12-09 14:18:16.320 [main] org.example.back.JsonProcessing:77 INFO  org.example.back.JsonProcessing - All data from src/main/resources/dataForLoginTest/banks.json was read to bankList
2023-12-09 14:18:16.321 [main] org.example.back.Login:27 INFO  org.example.back.Login - Logging, please provide username and password: 
2023-12-09 14:18:16.321 [main] org.example.back.Login:30 INFO  org.example.back.Login - Enter username
2023-12-09 14:18:16.322 [main] org.example.back.Login:34 INFO  org.example.back.Login - Enter password
2023-12-09 14:18:16.342 [main] org.example.back.JsonProcessing:126 WARN  org.example.back.JsonProcessing - Password is incorrect for user: Bohdan
2023-12-09 14:18:16.342 [main] org.example.back.JsonProcessing:127 WARN  org.example.back.JsonProcessing - Method returned null value when ended
2023-12-09 14:18:16.342 [main] org.example.back.Login:47 INFO  org.example.back.Login - User Bohdan not logged in, proceeding to registration
2023-12-09 14:18:16.346 [main] org.example.back.JsonProcessing:63 INFO  org.example.back.JsonProcessing - All data from src/main/resources/dataForLoginTest/users.json was saved to userList
2023-12-09 14:18:16.347 [main] org.example.back.JsonProcessing:77 INFO  org.example.back.JsonProcessing - All data from src/main/resources/dataForLoginTest/banks.json was read to bankList
2023-12-09 14:18:16.347 [main] org.example.back.Login:27 INFO  org.example.back.Login - Logging, please provide username and password: 
2023-12-09 14:18:16.347 [main] org.example.back.Login:30 INFO  org.example.back.Login - Enter username
2023-12-09 14:18:16.347 [main] org.example.back.Login:34 INFO  org.example.back.Login - Enter password
2023-12-09 14:18:16.348 [main] org.example.back.JsonProcessing:132 WARN  org.example.back.JsonProcessing - Username is not found: BadLoginName
2023-12-09 14:18:16.348 [main] org.example.back.JsonProcessing:133 WARN  org.example.back.JsonProcessing - Method returned null value when ended
2023-12-09 14:18:16.348 [main] org.example.back.Login:47 INFO  org.example.back.Login - User BadLoginName not logged in, proceeding to registration
2023-12-09 14:18:16.352 [main] org.example.back.JsonProcessing:63 INFO  org.example.back.JsonProcessing - All data from src/main/resources/dataForLoginTest/users.json was saved to userList
2023-12-09 14:18:16.353 [main] org.example.back.JsonProcessing:77 INFO  org.example.back.JsonProcessing - All data from src/main/resources/dataForLoginTest/banks.json was read to bankList
2023-12-09 14:18:16.353 [main] org.example.back.Login:27 INFO  org.example.back.Login - Logging, please provide username and password: 
2023-12-09 14:18:16.353 [main] org.example.back.Login:30 INFO  org.example.back.Login - Enter username
2023-12-09 14:18:16.353 [main] org.example.back.Login:34 INFO  org.example.back.Login - Enter password
2023-12-09 14:18:16.355 [main] org.example.back.JsonProcessing:122 INFO  org.example.back.JsonProcessing - User Bohdan logged in successfully
2023-12-09 14:18:16.355 [main] org.example.back.Login:44 INFO  org.example.back.Login - User Bohdan successfully logged in
2023-12-09 14:18:16.358 [main] org.example.money.Loan:22 INFO  org.example.money.Loan - Creating Loan instance: Loan A -- This is a loan for a car -- 12 months -- 6 pays -- 5.5%
2023-12-09 14:18:16.358 [main] org.example.money.Loan:22 INFO  org.example.money.Loan - Creating Loan instance: Loan B -- Home improvement loan -- 6 months -- 6 pays -- 4.8%
2023-12-09 14:18:16.358 [main] org.example.money.Loan:22 INFO  org.example.money.Loan - Creating Loan instance: Loan C -- Education loan -- 36 months -- 2 pays -- 6.2%
2023-12-09 14:18:16.358 [main] org.example.money.Loan:22 INFO  org.example.money.Loan - Creating Loan instance: Loan X -- Personal loan -- 24 months -- 8 pays -- 4.0%
2023-12-09 14:18:16.358 [main] org.example.money.Loan:22 INFO  org.example.money.Loan - Creating Loan instance: Loan Y -- Home mortgage -- 12 months -- 4 pays -- 5.2%
2023-12-09 14:18:16.358 [main] org.example.money.Loan:22 INFO  org.example.money.Loan - Creating Loan instance: Loan Z -- Small business loan -- 6 months -- 3 pays -- 3.8%
2023-12-09 14:18:16.360 [main] org.example.pattern.FindBestLoan:21 INFO  org.example.pattern.FindBestLoan - Creating FindBestLoan instance.
2023-12-09 14:18:16.360 [main] org.example.pattern.FindBestLoan:34 INFO  org.example.pattern.FindBestLoan - Executing FindBestLoan command.
2023-12-09 14:18:16.362 [main] org.example.pattern.FindBestLoan:41 INFO  org.example.pattern.FindBestLoan - Checking loan: Bank=Monobank, Loan=Loan A This is a loan for a car -- 5.5%, Interval=12
2023-12-09 14:18:16.362 [main] org.example.money.Loan:42 INFO  org.example.money.Loan - Calculating bank profit for Loan: Loan A -- This is a loan for a car -- 12 months -- 6 pays -- 5.5%
2023-12-09 14:18:16.362 [main] org.example.money.Loan:64 INFO  org.example.money.Loan - Bank profit calculated: 3.3
2023-12-09 14:18:16.362 [main] org.example.management.Top:26 INFO  org.example.management.Top - Inserting or ignoring entry in Top.
2023-12-09 14:18:16.362 [main] org.example.management.Top:46 INFO  org.example.management.Top - Entry inserted or ignored: Bank=Monobank, Loan=Loan A This is a loan for a car -- 5.5%, BankProfit=3.3
2023-12-09 14:18:16.362 [main] org.example.pattern.FindBestLoan:41 INFO  org.example.pattern.FindBestLoan - Checking loan: Bank=Monobank, Loan=Loan B Home improvement loan -- 4.8%, Interval=6
2023-12-09 14:18:16.363 [main] org.example.money.Loan:42 INFO  org.example.money.Loan - Calculating bank profit for Loan: Loan B -- Home improvement loan -- 6 months -- 6 pays -- 4.8%
2023-12-09 14:18:16.363 [main] org.example.money.Loan:64 INFO  org.example.money.Loan - Bank profit calculated: 1.68
2023-12-09 14:18:16.363 [main] org.example.management.Top:26 INFO  org.example.management.Top - Inserting or ignoring entry in Top.
2023-12-09 14:18:16.363 [main] org.example.management.Top:46 INFO  org.example.management.Top - Entry inserted or ignored: Bank=Monobank, Loan=Loan B Home improvement loan -- 4.8%, BankProfit=1.68
2023-12-09 14:18:16.363 [main] org.example.pattern.FindBestLoan:41 INFO  org.example.pattern.FindBestLoan - Checking loan: Bank=Monobank, Loan=Loan C Education loan -- 6.2%, Interval=36
2023-12-09 14:18:16.363 [main] org.example.money.Loan:42 INFO  org.example.money.Loan - Calculating bank profit for Loan: Loan C -- Education loan -- 36 months -- 2 pays -- 6.2%
2023-12-09 14:18:16.363 [main] org.example.money.Loan:64 INFO  org.example.money.Loan - Bank profit calculated: 11.47
2023-12-09 14:18:16.363 [main] org.example.management.Top:26 INFO  org.example.management.Top - Inserting or ignoring entry in Top.
2023-12-09 14:18:16.363 [main] org.example.management.Top:46 INFO  org.example.management.Top - Entry inserted or ignored: Bank=Monobank, Loan=Loan C Education loan -- 6.2%, BankProfit=11.47
2023-12-09 14:18:16.363 [main] org.example.pattern.FindBestLoan:41 INFO  org.example.pattern.FindBestLoan - Checking loan: Bank=Bank XYZ, Loan=Loan X Personal loan -- 4.0%, Interval=24
2023-12-09 14:18:16.364 [main] org.example.money.Loan:42 INFO  org.example.money.Loan - Calculating bank profit for Loan: Loan X -- Personal loan -- 24 months -- 8 pays -- 4.0%
2023-12-09 14:18:16.364 [main] org.example.money.Loan:64 INFO  org.example.money.Loan - Bank profit calculated: 4.6
2023-12-09 14:18:16.364 [main] org.example.management.Top:26 INFO  org.example.management.Top - Inserting or ignoring entry in Top.
2023-12-09 14:18:16.364 [main] org.example.management.Top:46 INFO  org.example.management.Top - Entry inserted or ignored: Bank=Bank XYZ, Loan=Loan X Personal loan -- 4.0%, BankProfit=4.6
2023-12-09 14:18:16.364 [main] org.example.pattern.FindBestLoan:41 INFO  org.example.pattern.FindBestLoan - Checking loan: Bank=Bank XYZ, Loan=Loan Y Home mortgage -- 5.2%, Interval=12
2023-12-09 14:18:16.364 [main] org.example.money.Loan:42 INFO  org.example.money.Loan - Calculating bank profit for Loan: Loan Y -- Home mortgage -- 12 months -- 4 pays -- 5.2%
2023-12-09 14:18:16.364 [main] org.example.money.Loan:64 INFO  org.example.money.Loan - Bank profit calculated: 3.509999999999999
2023-12-09 14:18:16.364 [main] org.example.management.Top:26 INFO  org.example.management.Top - Inserting or ignoring entry in Top.
2023-12-09 14:18:16.365 [main] org.example.management.Top:46 INFO  org.example.management.Top - Entry inserted or ignored: Bank=Bank XYZ, Loan=Loan Y Home mortgage -- 5.2%, BankProfit=3.509999999999999
2023-12-09 14:18:16.365 [main] org.example.pattern.FindBestLoan:41 INFO  org.example.pattern.FindBestLoan - Checking loan: Bank=Bank XYZ, Loan=Loan Z Small business loan -- 3.8%, Interval=6
2023-12-09 14:18:16.365 [main] org.example.money.Loan:42 INFO  org.example.money.Loan - Calculating bank profit for Loan: Loan Z -- Small business loan -- 6 months -- 3 pays -- 3.8%
2023-12-09 14:18:16.365 [main] org.example.money.Loan:64 INFO  org.example.money.Loan - Bank profit calculated: 1.3933333333333333
2023-12-09 14:18:16.365 [main] org.example.management.Top:26 INFO  org.example.management.Top - Inserting or ignoring entry in Top.
2023-12-09 14:18:16.365 [main] org.example.management.Top:46 INFO  org.example.management.Top - Entry inserted or ignored: Bank=Bank XYZ, Loan=Loan Z Small business loan -- 3.8%, BankProfit=1.3933333333333333
2023-12-09 14:18:16.365 [main] org.example.management.Top:50 INFO  org.example.management.Top - Converting Top to String.
2023-12-09 14:18:17.003 [main] org.example.back.JsonProcessing:63 INFO  org.example.back.JsonProcessing - All data from D:\Java Programing\Lab8\target\classes\data\users.json was saved to userList
2023-12-09 14:18:17.003 [main] org.example.back.JsonProcessing:77 INFO  org.example.back.JsonProcessing - All data from D:\Java Programing\Lab8\target\classes\data\banks.json was read to bankList
2023-12-09 14:18:17.004 [main] org.example.back.JsonProcessing:63 INFO  org.example.back.JsonProcessing - All data from D:\Java Programing\Lab8\target\classes\data\users.json was saved to userList
2023-12-09 14:18:17.005 [main] org.example.back.JsonProcessing:77 INFO  org.example.back.JsonProcessing - All data from D:\Java Programing\Lab8\target\classes\data\banks.json was read to bankList
2023-12-09 14:18:17.005 [main] org.example.back.Login:27 INFO  org.example.back.Login - Logging, please provide username and password: 
2023-12-09 14:18:17.005 [main] org.example.back.Login:30 INFO  org.example.back.Login - Enter username
2023-12-09 14:18:17.006 [main] org.example.Main:35 ERROR org.example.Main - An error occurred during the app work
java.util.NoSuchElementException: No line found
	at java.base/java.util.Scanner.nextLine(Scanner.java:1660) ~[?:?]
	at org.example.back.Login.execute(Login.java:31) ~[classes/:?]
	at org.example.back.Login.<init>(Login.java:18) ~[classes/:?]
	at org.example.back.Menu.<init>(Menu.java:28) ~[classes/:?]
	at org.example.Main.main(Main.java:20) ~[classes/:?]
	at org.example.MainTest.lambda$testMainMethod$0(MainTest.java:22) ~[test-classes/:?]
	at org.junit.jupiter.api.AssertDoesNotThrow.assertDoesNotThrow(AssertDoesNotThrow.java:49) ~[junit-jupiter-api-5.9.2.jar:5.9.2]
	at org.junit.jupiter.api.AssertDoesNotThrow.assertDoesNotThrow(AssertDoesNotThrow.java:36) ~[junit-jupiter-api-5.9.2.jar:5.9.2]
	at org.junit.jupiter.api.Assertions.assertDoesNotThrow(Assertions.java:3136) ~[junit-jupiter-api-5.9.2.jar:5.9.2]
	at org.example.MainTest.testMainMethod(MainTest.java:22) ~[test-classes/:?]
	at java.base/jdk.internal.reflect.DirectMethodHandleAccessor.invoke(DirectMethodHandleAccessor.java:103) ~[?:?]
	at java.base/java.lang.reflect.Method.invoke(Method.java:580) ~[?:?]
	at org.junit.platform.commons.util.ReflectionUtils.invokeMethod(ReflectionUtils.java:727) ~[junit-platform-commons-1.9.2.jar:1.9.2]
	at org.junit.jupiter.engine.execution.MethodInvocation.proceed(MethodInvocation.java:60) ~[junit-jupiter-engine-5.9.2.jar:5.9.2]
	at org.junit.jupiter.engine.execution.InvocationInterceptorChain$ValidatingInvocation.proceed(InvocationInterceptorChain.java:131) ~[junit-jupiter-engine-5.9.2.jar:5.9.2]
	at org.junit.jupiter.engine.extension.TimeoutExtension.intercept(TimeoutExtension.java:156) ~[junit-jupiter-engine-5.9.2.jar:5.9.2]
	at org.junit.jupiter.engine.extension.TimeoutExtension.interceptTestableMethod(TimeoutExtension.java:147) ~[junit-jupiter-engine-5.9.2.jar:5.9.2]
	at org.junit.jupiter.engine.extension.TimeoutExtension.interceptTestMethod(TimeoutExtension.java:86) ~[junit-jupiter-engine-5.9.2.jar:5.9.2]
	at org.junit.jupiter.engine.execution.InterceptingExecutableInvoker$ReflectiveInterceptorCall.lambda$ofVoidMethod$0(InterceptingExecutableInvoker.java:103) ~[junit-jupiter-engine-5.9.2.jar:5.9.2]
	at org.junit.jupiter.engine.execution.InterceptingExecutableInvoker.lambda$invoke$0(InterceptingExecutableInvoker.java:93) ~[junit-jupiter-engine-5.9.2.jar:5.9.2]
	at org.junit.jupiter.engine.execution.InvocationInterceptorChain$InterceptedInvocation.proceed(InvocationInterceptorChain.java:106) ~[junit-jupiter-engine-5.9.2.jar:5.9.2]
	at org.junit.jupiter.engine.execution.InvocationInterceptorChain.proceed(InvocationInterceptorChain.java:64) ~[junit-jupiter-engine-5.9.2.jar:5.9.2]
	at org.junit.jupiter.engine.execution.InvocationInterceptorChain.chainAndInvoke(InvocationInterceptorChain.java:45) ~[junit-jupiter-engine-5.9.2.jar:5.9.2]
	at org.junit.jupiter.engine.execution.InvocationInterceptorChain.invoke(InvocationInterceptorChain.java:37) ~[junit-jupiter-engine-5.9.2.jar:5.9.2]
	at org.junit.jupiter.engine.execution.InterceptingExecutableInvoker.invoke(InterceptingExecutableInvoker.java:92) ~[junit-jupiter-engine-5.9.2.jar:5.9.2]
	at org.junit.jupiter.engine.execution.InterceptingExecutableInvoker.invoke(InterceptingExecutableInvoker.java:86) ~[junit-jupiter-engine-5.9.2.jar:5.9.2]
	at org.junit.jupiter.engine.descriptor.TestMethodTestDescriptor.lambda$invokeTestMethod$7(TestMethodTestDescriptor.java:217) ~[junit-jupiter-engine-5.9.2.jar:5.9.2]
	at org.junit.platform.engine.support.hierarchical.ThrowableCollector.execute(ThrowableCollector.java:73) ~[junit-platform-engine-1.9.2.jar:1.9.2]
	at org.junit.jupiter.engine.descriptor.TestMethodTestDescriptor.invokeTestMethod(TestMethodTestDescriptor.java:213) ~[junit-jupiter-engine-5.9.2.jar:5.9.2]
	at org.junit.jupiter.engine.descriptor.TestMethodTestDescriptor.execute(TestMethodTestDescriptor.java:138) ~[junit-jupiter-engine-5.9.2.jar:5.9.2]
	at org.junit.jupiter.engine.descriptor.TestMethodTestDescriptor.execute(TestMethodTestDescriptor.java:68) ~[junit-jupiter-engine-5.9.2.jar:5.9.2]
	at org.junit.platform.engine.support.hierarchical.NodeTestTask.lambda$executeRecursively$6(NodeTestTask.java:151) ~[junit-platform-engine-1.9.2.jar:1.9.2]
	at org.junit.platform.engine.support.hierarchical.ThrowableCollector.execute(ThrowableCollector.java:73) ~[junit-platform-engine-1.9.2.jar:1.9.2]
	at org.junit.platform.engine.support.hierarchical.NodeTestTask.lambda$executeRecursively$8(NodeTestTask.java:141) ~[junit-platform-engine-1.9.2.jar:1.9.2]
	at org.junit.platform.engine.support.hierarchical.Node.around(Node.java:137) ~[junit-platform-engine-1.9.2.jar:1.9.2]
	at org.junit.platform.engine.support.hierarchical.NodeTestTask.lambda$executeRecursively$9(NodeTestTask.java:139) ~[junit-platform-engine-1.9.2.jar:1.9.2]
	at org.junit.platform.engine.support.hierarchical.ThrowableCollector.execute(ThrowableCollector.java:73) ~[junit-platform-engine-1.9.2.jar:1.9.2]
	at org.junit.platform.engine.support.hierarchical.NodeTestTask.executeRecursively(NodeTestTask.java:138) ~[junit-platform-engine-1.9.2.jar:1.9.2]
	at org.junit.platform.engine.support.hierarchical.NodeTestTask.execute(NodeTestTask.java:95) ~[junit-platform-engine-1.9.2.jar:1.9.2]
	at java.base/java.util.ArrayList.forEach(ArrayList.java:1596) ~[?:?]
	at org.junit.platform.engine.support.hierarchical.SameThreadHierarchicalTestExecutorService.invokeAll(SameThreadHierarchicalTestExecutorService.java:41) ~[junit-platform-engine-1.9.2.jar:1.9.2]
	at org.junit.platform.engine.support.hierarchical.NodeTestTask.lambda$executeRecursively$6(NodeTestTask.java:155) ~[junit-platform-engine-1.9.2.jar:1.9.2]
	at org.junit.platform.engine.support.hierarchical.ThrowableCollector.execute(ThrowableCollector.java:73) ~[junit-platform-engine-1.9.2.jar:1.9.2]
	at org.junit.platform.engine.support.hierarchical.NodeTestTask.lambda$executeRecursively$8(NodeTestTask.java:141) ~[junit-platform-engine-1.9.2.jar:1.9.2]
	at org.junit.platform.engine.support.hierarchical.Node.around(Node.java:137) ~[junit-platform-engine-1.9.2.jar:1.9.2]
	at org.junit.platform.engine.support.hierarchical.NodeTestTask.lambda$executeRecursively$9(NodeTestTask.java:139) ~[junit-platform-engine-1.9.2.jar:1.9.2]
	at org.junit.platform.engine.support.hierarchical.ThrowableCollector.execute(ThrowableCollector.java:73) ~[junit-platform-engine-1.9.2.jar:1.9.2]
	at org.junit.platform.engine.support.hierarchical.NodeTestTask.executeRecursively(NodeTestTask.java:138) ~[junit-platform-engine-1.9.2.jar:1.9.2]
	at org.junit.platform.engine.support.hierarchical.NodeTestTask.execute(NodeTestTask.java:95) ~[junit-platform-engine-1.9.2.jar:1.9.2]
	at java.base/java.util.ArrayList.forEach(ArrayList.java:1596) ~[?:?]
	at org.junit.platform.engine.support.hierarchical.SameThreadHierarchicalTestExecutorService.invokeAll(SameThreadHierarchicalTestExecutorService.java:41) ~[junit-platform-engine-1.9.2.jar:1.9.2]
	at org.junit.platform.engine.support.hierarchical.NodeTestTask.lambda$executeRecursively$6(NodeTestTask.java:155) ~[junit-platform-engine-1.9.2.jar:1.9.2]
	at org.junit.platform.engine.support.hierarchical.ThrowableCollector.execute(ThrowableCollector.java:73) ~[junit-platform-engine-1.9.2.jar:1.9.2]
	at org.junit.platform.engine.support.hierarchical.NodeTestTask.lambda$executeRecursively$8(NodeTestTask.java:141) ~[junit-platform-engine-1.9.2.jar:1.9.2]
	at org.junit.platform.engine.support.hierarchical.Node.around(Node.java:137) ~[junit-platform-engine-1.9.2.jar:1.9.2]
	at org.junit.platform.engine.support.hierarchical.NodeTestTask.lambda$executeRecursively$9(NodeTestTask.java:139) ~[junit-platform-engine-1.9.2.jar:1.9.2]
	at org.junit.platform.engine.support.hierarchical.ThrowableCollector.execute(ThrowableCollector.java:73) ~[junit-platform-engine-1.9.2.jar:1.9.2]
	at org.junit.platform.engine.support.hierarchical.NodeTestTask.executeRecursively(NodeTestTask.java:138) ~[junit-platform-engine-1.9.2.jar:1.9.2]
	at org.junit.platform.engine.support.hierarchical.NodeTestTask.execute(NodeTestTask.java:95) ~[junit-platform-engine-1.9.2.jar:1.9.2]
	at org.junit.platform.engine.support.hierarchical.SameThreadHierarchicalTestExecutorService.submit(SameThreadHierarchicalTestExecutorService.java:35) ~[junit-platform-engine-1.9.2.jar:1.9.2]
	at org.junit.platform.engine.support.hierarchical.HierarchicalTestExecutor.execute(HierarchicalTestExecutor.java:57) ~[junit-platform-engine-1.9.2.jar:1.9.2]
	at org.junit.platform.engine.support.hierarchical.HierarchicalTestEngine.execute(HierarchicalTestEngine.java:54) ~[junit-platform-engine-1.9.2.jar:1.9.2]
	at org.junit.platform.launcher.core.EngineExecutionOrchestrator.execute(EngineExecutionOrchestrator.java:147) ~[junit-platform-launcher-1.9.2.jar:1.9.2]
	at org.junit.platform.launcher.core.EngineExecutionOrchestrator.execute(EngineExecutionOrchestrator.java:127) ~[junit-platform-launcher-1.9.2.jar:1.9.2]
	at org.junit.platform.launcher.core.EngineExecutionOrchestrator.execute(EngineExecutionOrchestrator.java:90) ~[junit-platform-launcher-1.9.2.jar:1.9.2]
	at org.junit.platform.launcher.core.EngineExecutionOrchestrator.lambda$execute$0(EngineExecutionOrchestrator.java:55) ~[junit-platform-launcher-1.9.2.jar:1.9.2]
	at org.junit.platform.launcher.core.EngineExecutionOrchestrator.withInterceptedStreams(EngineExecutionOrchestrator.java:102) [junit-platform-launcher-1.9.2.jar:1.9.2]
	at org.junit.platform.launcher.core.EngineExecutionOrchestrator.execute(EngineExecutionOrchestrator.java:54) [junit-platform-launcher-1.9.2.jar:1.9.2]
	at org.junit.platform.launcher.core.DefaultLauncher.execute(DefaultLauncher.java:114) [junit-platform-launcher-1.9.2.jar:1.9.2]
	at org.junit.platform.launcher.core.DefaultLauncher.execute(DefaultLauncher.java:86) [junit-platform-launcher-1.9.2.jar:1.9.2]
	at org.junit.platform.launcher.core.DefaultLauncherSession$DelegatingLauncher.execute(DefaultLauncherSession.java:86) [junit-platform-launcher-1.9.2.jar:1.9.2]
	at org.junit.platform.launcher.core.SessionPerRequestLauncher.execute(SessionPerRequestLauncher.java:53) [junit-platform-launcher-1.9.2.jar:1.9.2]
	at com.intellij.junit5.JUnit5IdeaTestRunner.startRunnerWithArgs(JUnit5IdeaTestRunner.java:57) [junit5-rt.jar:?]
	at com.intellij.rt.junit.IdeaTestRunner$Repeater$1.execute(IdeaTestRunner.java:38) [junit-rt.jar:?]
	at com.intellij.rt.execution.junit.TestsRepeater.repeat(TestsRepeater.java:11) [idea_rt.jar:?]
	at com.intellij.rt.junit.IdeaTestRunner$Repeater.startRunnerWithArgs(IdeaTestRunner.java:35) [junit-rt.jar:?]
	at com.intellij.rt.junit.JUnitStarter.prepareStreamsAndStart(JUnitStarter.java:232) [junit-rt.jar:?]
	at com.intellij.rt.junit.JUnitStarter.main(JUnitStarter.java:55) [junit-rt.jar:?]
2023-12-09 14:18:18.634 [main] org.example.back.DateToString:15 INFO  org.example.back.DateToString - Date to string: invalid-date -- 3
2023-12-09 14:18:18.636 [main] org.example.back.DateToString:26 ERROR org.example.back.DateToString - Error converting date: Text 'invalid-date' could not be parsed at index 0
2023-12-09 14:18:20.161 [main] org.example.back.DateToString:15 INFO  org.example.back.DateToString - Date to string: 2022-01-15 -- 3
2023-12-09 14:18:20.162 [main] org.example.back.DateToString:22 INFO  org.example.back.DateToString - DateConvertion result: 2022-04-15
2023-12-09 14:18:20.167 [main] org.example.back.JsonProcessing:66 ERROR org.example.back.JsonProcessing - bad\path\to\nowhere (The system cannot find the path specified)
2023-12-09 14:18:21.515 [main] org.example.back.JsonProcessing:63 INFO  org.example.back.JsonProcessing - All data from D:\Java Programing\Lab8\target\classes\data\users.json was saved to userList
2023-12-09 14:18:21.515 [main] org.example.back.JsonProcessing:77 INFO  org.example.back.JsonProcessing - All data from D:\Java Programing\Lab8\target\classes\data\banks.json was read to bankList
2023-12-09 14:18:21.521 [main] org.example.back.JsonProcessing:63 INFO  org.example.back.JsonProcessing - All data from D:\Java Programing\Lab8\target\classes\data\users.json was saved to userList
2023-12-09 14:18:21.522 [main] org.example.back.JsonProcessing:77 INFO  org.example.back.JsonProcessing - All data from D:\Java Programing\Lab8\target\classes\data\banks.json was read to bankList
2023-12-09 14:22:51.319 [main] org.example.back.JsonProcessing:63 INFO  org.example.back.JsonProcessing - All data from src/main/resources/dataForLoginTest/users.json was saved to userList
2023-12-09 14:22:51.323 [main] org.example.back.JsonProcessing:77 INFO  org.example.back.JsonProcessing - All data from src/main/resources/dataForLoginTest/banks.json was read to bankList
2023-12-09 14:22:51.325 [main] org.example.pattern.TakeLoan:24 INFO  org.example.pattern.TakeLoan - Executing TakeLoan command.
2023-12-09 14:22:51.325 [main] org.example.pattern.TakeLoan:27 INFO  org.example.pattern.TakeLoan - Taking a loan? Great!
2023-12-09 14:22:51.340 [main] org.example.pattern.TakeLoan:49 INFO  org.example.pattern.TakeLoan - Loan details: Bank=Monobank, Loan=Loan A This is a loan for a car -- 5.5%, LoanSum=1000.0
2023-12-09 14:22:51.341 [main] org.example.login.LoanUser:57 INFO  org.example.login.LoanUser - User Bohdan is taking a loan.
2023-12-09 14:22:51.343 [main] org.example.money.Loan:42 INFO  org.example.money.Loan - Calculating bank profit for Loan: Loan A -- This is a loan for a car -- 12 months -- 6 pays -- 5.5%
2023-12-09 14:22:51.343 [main] org.example.money.Loan:64 INFO  org.example.money.Loan - Bank profit calculated: 330.0000000000001
2023-12-09 14:22:51.343 [main] org.example.money.TakenLoan:28 INFO  org.example.money.TakenLoan - Creating TakenLoan instance: Bank=Monobank, Loan=Loan A This is a loan for a car -- 5.5%, TotalAmount=1000.0, TakenDate=2023-12-09
2023-12-09 14:22:51.352 [main] org.example.login.LoanUser:63 INFO  org.example.login.LoanUser - Loan taken: Bank: Monobank
Loan A This is a loan for a car -- 5.5%
Sum of the loan: 1330 -- Date of the loan: 2023-12-09

2023-12-09 14:22:51.359 [main] org.example.back.JsonProcessing:103 INFO  org.example.back.JsonProcessing - UserList was converted to JSON format string
2023-12-09 14:22:51.360 [main] org.example.back.JsonProcessing:105 INFO  org.example.back.JsonProcessing - JSON format string was saved to file
2023-12-09 14:22:51.361 [main] org.example.pattern.TakeLoan:56 INFO  org.example.pattern.TakeLoan - Loan successfully taken.
2023-12-09 14:23:29.062 [main] org.example.back.JsonProcessing:63 INFO  org.example.back.JsonProcessing - All data from src/main/resources/dataForLoginTest/users.json was saved to userList
2023-12-09 14:23:29.064 [main] org.example.back.JsonProcessing:77 INFO  org.example.back.JsonProcessing - All data from src/main/resources/dataForLoginTest/banks.json was read to bankList
2023-12-09 14:23:29.065 [main] org.example.pattern.TakeLoan:24 INFO  org.example.pattern.TakeLoan - Executing TakeLoan command.
2023-12-09 14:23:29.065 [main] org.example.pattern.TakeLoan:27 INFO  org.example.pattern.TakeLoan - Taking a loan? Great!
2023-12-09 14:23:29.076 [main] org.example.pattern.TakeLoan:49 INFO  org.example.pattern.TakeLoan - Loan details: Bank=Monobank, Loan=Loan A This is a loan for a car -- 5.5%, LoanSum=1000.0
2023-12-09 14:23:29.077 [main] org.example.login.LoanUser:57 INFO  org.example.login.LoanUser - User Bohdan is taking a loan.
2023-12-09 14:23:29.078 [main] org.example.money.Loan:42 INFO  org.example.money.Loan - Calculating bank profit for Loan: Loan A -- This is a loan for a car -- 12 months -- 6 pays -- 5.5%
2023-12-09 14:23:29.078 [main] org.example.money.Loan:64 INFO  org.example.money.Loan - Bank profit calculated: 330.0000000000001
2023-12-09 14:23:29.078 [main] org.example.money.TakenLoan:28 INFO  org.example.money.TakenLoan - Creating TakenLoan instance: Bank=Monobank, Loan=Loan A This is a loan for a car -- 5.5%, TotalAmount=1000.0, TakenDate=2023-12-09
2023-12-09 14:23:29.079 [main] org.example.login.LoanUser:63 INFO  org.example.login.LoanUser - Loan taken: Bank: Monobank
Loan A This is a loan for a car -- 5.5%
Sum of the loan: 1330 -- Date of the loan: 2023-12-09

2023-12-09 14:23:29.083 [main] org.example.back.JsonProcessing:103 INFO  org.example.back.JsonProcessing - UserList was converted to JSON format string
2023-12-09 14:23:29.084 [main] org.example.back.JsonProcessing:105 INFO  org.example.back.JsonProcessing - JSON format string was saved to file
2023-12-09 14:23:29.084 [main] org.example.pattern.TakeLoan:56 INFO  org.example.pattern.TakeLoan - Loan successfully taken.
2023-12-09 14:23:49.239 [main] org.example.back.JsonProcessing:63 INFO  org.example.back.JsonProcessing - All data from src/main/resources/dataForLoginTest/users.json was saved to userList
2023-12-09 14:23:49.242 [main] org.example.back.JsonProcessing:77 INFO  org.example.back.JsonProcessing - All data from src/main/resources/dataForLoginTest/banks.json was read to bankList
2023-12-09 14:23:49.243 [main] org.example.pattern.TakeLoan:24 INFO  org.example.pattern.TakeLoan - Executing TakeLoan command.
2023-12-09 14:23:49.244 [main] org.example.pattern.TakeLoan:27 INFO  org.example.pattern.TakeLoan - Taking a loan? Great!
2023-12-09 14:23:49.250 [main] org.example.pattern.TakeLoan:49 INFO  org.example.pattern.TakeLoan - Loan details: Bank=Monobank, Loan=Loan A This is a loan for a car -- 5.5%, LoanSum=1000.0
2023-12-09 14:23:49.251 [main] org.example.login.LoanUser:57 INFO  org.example.login.LoanUser - User Bohdan is taking a loan.
2023-12-09 14:23:49.251 [main] org.example.money.Loan:42 INFO  org.example.money.Loan - Calculating bank profit for Loan: Loan A -- This is a loan for a car -- 12 months -- 6 pays -- 5.5%
2023-12-09 14:23:49.252 [main] org.example.money.Loan:64 INFO  org.example.money.Loan - Bank profit calculated: 330.0000000000001
2023-12-09 14:23:49.252 [main] org.example.money.TakenLoan:28 INFO  org.example.money.TakenLoan - Creating TakenLoan instance: Bank=Monobank, Loan=Loan A This is a loan for a car -- 5.5%, TotalAmount=1000.0, TakenDate=2023-12-09
2023-12-09 14:23:49.253 [main] org.example.login.LoanUser:63 INFO  org.example.login.LoanUser - Loan taken: Bank: Monobank
Loan A This is a loan for a car -- 5.5%
Sum of the loan: 1330 -- Date of the loan: 2023-12-09

2023-12-09 14:23:49.256 [main] org.example.back.JsonProcessing:103 INFO  org.example.back.JsonProcessing - UserList was converted to JSON format string
2023-12-09 14:23:49.256 [main] org.example.back.JsonProcessing:105 INFO  org.example.back.JsonProcessing - JSON format string was saved to file
2023-12-09 14:23:49.257 [main] org.example.pattern.TakeLoan:56 INFO  org.example.pattern.TakeLoan - Loan successfully taken.
2023-12-09 14:24:11.746 [main] org.example.back.JsonProcessing:63 INFO  org.example.back.JsonProcessing - All data from src/main/resources/dataForLoginTest/users.json was saved to userList
2023-12-09 14:24:11.750 [main] org.example.back.JsonProcessing:77 INFO  org.example.back.JsonProcessing - All data from src/main/resources/dataForLoginTest/banks.json was read to bankList
2023-12-09 14:24:11.751 [main] org.example.pattern.TakeLoan:24 INFO  org.example.pattern.TakeLoan - Executing TakeLoan command.
2023-12-09 14:24:11.752 [main] org.example.pattern.TakeLoan:27 INFO  org.example.pattern.TakeLoan - Taking a loan? Great!
2023-12-09 14:24:11.762 [main] org.example.pattern.TakeLoan:49 INFO  org.example.pattern.TakeLoan - Loan details: Bank=Monobank, Loan=Loan A This is a loan for a car -- 5.5%, LoanSum=1000.0
2023-12-09 14:24:11.762 [main] org.example.login.LoanUser:57 INFO  org.example.login.LoanUser - User Bohdan is taking a loan.
2023-12-09 14:24:11.764 [main] org.example.money.Loan:42 INFO  org.example.money.Loan - Calculating bank profit for Loan: Loan A -- This is a loan for a car -- 12 months -- 6 pays -- 5.5%
2023-12-09 14:24:11.764 [main] org.example.money.Loan:64 INFO  org.example.money.Loan - Bank profit calculated: 330.0000000000001
2023-12-09 14:24:11.764 [main] org.example.money.TakenLoan:28 INFO  org.example.money.TakenLoan - Creating TakenLoan instance: Bank=Monobank, Loan=Loan A This is a loan for a car -- 5.5%, TotalAmount=1000.0, TakenDate=2023-12-09
2023-12-09 14:24:11.765 [main] org.example.login.LoanUser:63 INFO  org.example.login.LoanUser - Loan taken: Bank: Monobank
Loan A This is a loan for a car -- 5.5%
Sum of the loan: 1330 -- Date of the loan: 2023-12-09

2023-12-09 14:24:11.770 [main] org.example.back.JsonProcessing:103 INFO  org.example.back.JsonProcessing - UserList was converted to JSON format string
2023-12-09 14:24:11.770 [main] org.example.back.JsonProcessing:105 INFO  org.example.back.JsonProcessing - JSON format string was saved to file
2023-12-09 14:24:11.771 [main] org.example.pattern.TakeLoan:56 INFO  org.example.pattern.TakeLoan - Loan successfully taken.
2023-12-09 14:24:20.613 [main] org.example.back.JsonProcessing:63 INFO  org.example.back.JsonProcessing - All data from src/main/resources/dataForLoginTest/users.json was saved to userList
2023-12-09 14:24:20.618 [main] org.example.back.JsonProcessing:77 INFO  org.example.back.JsonProcessing - All data from src/main/resources/dataForLoginTest/banks.json was read to bankList
2023-12-09 14:24:20.621 [main] org.example.pattern.AllLoans:17 INFO  org.example.pattern.AllLoans - Creating AllLoans instance.
2023-12-09 14:24:20.621 [main] org.example.pattern.AllLoans:22 INFO  org.example.pattern.AllLoans - Executing AllLoans command.
2023-12-09 14:24:20.688 [main] org.example.back.JsonProcessing:63 INFO  org.example.back.JsonProcessing - All data from src/main/resources/dataForLoginTest/users.json was saved to userList
2023-12-09 14:24:20.690 [main] org.example.back.JsonProcessing:77 INFO  org.example.back.JsonProcessing - All data from src/main/resources/dataForLoginTest/banks.json was read to bankList
2023-12-09 14:24:20.691 [main] org.example.back.Login:27 INFO  org.example.back.Login - Logging, please provide username and password: 
2023-12-09 14:24:20.691 [main] org.example.back.Login:30 INFO  org.example.back.Login - Enter username
2023-12-09 14:24:20.692 [main] org.example.back.Login:34 INFO  org.example.back.Login - Enter password
2023-12-09 14:24:20.721 [main] org.example.back.JsonProcessing:126 WARN  org.example.back.JsonProcessing - Password is incorrect for user: Bohdan
2023-12-09 14:24:20.722 [main] org.example.back.JsonProcessing:127 WARN  org.example.back.JsonProcessing - Method returned null value when ended
2023-12-09 14:24:20.722 [main] org.example.back.Login:47 INFO  org.example.back.Login - User Bohdan not logged in, proceeding to registration
2023-12-09 14:24:20.726 [main] org.example.back.JsonProcessing:63 INFO  org.example.back.JsonProcessing - All data from src/main/resources/dataForLoginTest/users.json was saved to userList
2023-12-09 14:24:20.727 [main] org.example.back.JsonProcessing:77 INFO  org.example.back.JsonProcessing - All data from src/main/resources/dataForLoginTest/banks.json was read to bankList
2023-12-09 14:24:20.727 [main] org.example.back.Login:27 INFO  org.example.back.Login - Logging, please provide username and password: 
2023-12-09 14:24:20.728 [main] org.example.back.Login:30 INFO  org.example.back.Login - Enter username
2023-12-09 14:24:20.728 [main] org.example.back.Login:34 INFO  org.example.back.Login - Enter password
2023-12-09 14:24:20.728 [main] org.example.back.JsonProcessing:132 WARN  org.example.back.JsonProcessing - Username is not found: BadLoginName
2023-12-09 14:24:20.728 [main] org.example.back.JsonProcessing:133 WARN  org.example.back.JsonProcessing - Method returned null value when ended
2023-12-09 14:24:20.728 [main] org.example.back.Login:47 INFO  org.example.back.Login - User BadLoginName not logged in, proceeding to registration
2023-12-09 14:24:20.733 [main] org.example.back.JsonProcessing:63 INFO  org.example.back.JsonProcessing - All data from src/main/resources/dataForLoginTest/users.json was saved to userList
2023-12-09 14:24:20.735 [main] org.example.back.JsonProcessing:77 INFO  org.example.back.JsonProcessing - All data from src/main/resources/dataForLoginTest/banks.json was read to bankList
2023-12-09 14:24:20.736 [main] org.example.back.Login:27 INFO  org.example.back.Login - Logging, please provide username and password: 
2023-12-09 14:24:20.736 [main] org.example.back.Login:30 INFO  org.example.back.Login - Enter username
2023-12-09 14:24:20.736 [main] org.example.back.Login:34 INFO  org.example.back.Login - Enter password
2023-12-09 14:24:20.738 [main] org.example.back.JsonProcessing:122 INFO  org.example.back.JsonProcessing - User Bohdan logged in successfully
2023-12-09 14:24:20.738 [main] org.example.back.Login:44 INFO  org.example.back.Login - User Bohdan successfully logged in
2023-12-09 14:24:20.740 [main] org.example.money.Loan:22 INFO  org.example.money.Loan - Creating Loan instance: Loan A -- This is a loan for a car -- 12 months -- 6 pays -- 5.5%
2023-12-09 14:24:20.741 [main] org.example.money.Loan:22 INFO  org.example.money.Loan - Creating Loan instance: Loan B -- Home improvement loan -- 6 months -- 6 pays -- 4.8%
2023-12-09 14:24:20.741 [main] org.example.money.Loan:22 INFO  org.example.money.Loan - Creating Loan instance: Loan C -- Education loan -- 36 months -- 2 pays -- 6.2%
2023-12-09 14:24:20.741 [main] org.example.money.Loan:22 INFO  org.example.money.Loan - Creating Loan instance: Loan X -- Personal loan -- 24 months -- 8 pays -- 4.0%
2023-12-09 14:24:20.741 [main] org.example.money.Loan:22 INFO  org.example.money.Loan - Creating Loan instance: Loan Y -- Home mortgage -- 12 months -- 4 pays -- 5.2%
2023-12-09 14:24:20.741 [main] org.example.money.Loan:22 INFO  org.example.money.Loan - Creating Loan instance: Loan Z -- Small business loan -- 6 months -- 3 pays -- 3.8%
2023-12-09 14:24:20.743 [main] org.example.pattern.FindBestLoan:21 INFO  org.example.pattern.FindBestLoan - Creating FindBestLoan instance.
2023-12-09 14:24:20.745 [main] org.example.pattern.FindBestLoan:34 INFO  org.example.pattern.FindBestLoan - Executing FindBestLoan command.
2023-12-09 14:24:20.746 [main] org.example.pattern.FindBestLoan:41 INFO  org.example.pattern.FindBestLoan - Checking loan: Bank=Monobank, Loan=Loan A This is a loan for a car -- 5.5%, Interval=12
2023-12-09 14:24:20.747 [main] org.example.money.Loan:42 INFO  org.example.money.Loan - Calculating bank profit for Loan: Loan A -- This is a loan for a car -- 12 months -- 6 pays -- 5.5%
2023-12-09 14:24:20.747 [main] org.example.money.Loan:64 INFO  org.example.money.Loan - Bank profit calculated: 3.3
2023-12-09 14:24:20.747 [main] org.example.management.Top:26 INFO  org.example.management.Top - Inserting or ignoring entry in Top.
2023-12-09 14:24:20.747 [main] org.example.management.Top:46 INFO  org.example.management.Top - Entry inserted or ignored: Bank=Monobank, Loan=Loan A This is a loan for a car -- 5.5%, BankProfit=3.3
2023-12-09 14:24:20.747 [main] org.example.pattern.FindBestLoan:41 INFO  org.example.pattern.FindBestLoan - Checking loan: Bank=Monobank, Loan=Loan B Home improvement loan -- 4.8%, Interval=6
2023-12-09 14:24:20.747 [main] org.example.money.Loan:42 INFO  org.example.money.Loan - Calculating bank profit for Loan: Loan B -- Home improvement loan -- 6 months -- 6 pays -- 4.8%
2023-12-09 14:24:20.747 [main] org.example.money.Loan:64 INFO  org.example.money.Loan - Bank profit calculated: 1.68
2023-12-09 14:24:20.748 [main] org.example.management.Top:26 INFO  org.example.management.Top - Inserting or ignoring entry in Top.
2023-12-09 14:24:20.748 [main] org.example.management.Top:46 INFO  org.example.management.Top - Entry inserted or ignored: Bank=Monobank, Loan=Loan B Home improvement loan -- 4.8%, BankProfit=1.68
2023-12-09 14:24:20.748 [main] org.example.pattern.FindBestLoan:41 INFO  org.example.pattern.FindBestLoan - Checking loan: Bank=Monobank, Loan=Loan C Education loan -- 6.2%, Interval=36
2023-12-09 14:24:20.749 [main] org.example.money.Loan:42 INFO  org.example.money.Loan - Calculating bank profit for Loan: Loan C -- Education loan -- 36 months -- 2 pays -- 6.2%
2023-12-09 14:24:20.749 [main] org.example.money.Loan:64 INFO  org.example.money.Loan - Bank profit calculated: 11.47
2023-12-09 14:24:20.749 [main] org.example.management.Top:26 INFO  org.example.management.Top - Inserting or ignoring entry in Top.
2023-12-09 14:24:20.749 [main] org.example.management.Top:46 INFO  org.example.management.Top - Entry inserted or ignored: Bank=Monobank, Loan=Loan C Education loan -- 6.2%, BankProfit=11.47
2023-12-09 14:24:20.749 [main] org.example.pattern.FindBestLoan:41 INFO  org.example.pattern.FindBestLoan - Checking loan: Bank=Bank XYZ, Loan=Loan X Personal loan -- 4.0%, Interval=24
2023-12-09 14:24:20.749 [main] org.example.money.Loan:42 INFO  org.example.money.Loan - Calculating bank profit for Loan: Loan X -- Personal loan -- 24 months -- 8 pays -- 4.0%
2023-12-09 14:24:20.749 [main] org.example.money.Loan:64 INFO  org.example.money.Loan - Bank profit calculated: 4.6
2023-12-09 14:24:20.749 [main] org.example.management.Top:26 INFO  org.example.management.Top - Inserting or ignoring entry in Top.
2023-12-09 14:24:20.750 [main] org.example.management.Top:46 INFO  org.example.management.Top - Entry inserted or ignored: Bank=Bank XYZ, Loan=Loan X Personal loan -- 4.0%, BankProfit=4.6
2023-12-09 14:24:20.750 [main] org.example.pattern.FindBestLoan:41 INFO  org.example.pattern.FindBestLoan - Checking loan: Bank=Bank XYZ, Loan=Loan Y Home mortgage -- 5.2%, Interval=12
2023-12-09 14:24:20.750 [main] org.example.money.Loan:42 INFO  org.example.money.Loan - Calculating bank profit for Loan: Loan Y -- Home mortgage -- 12 months -- 4 pays -- 5.2%
2023-12-09 14:24:20.750 [main] org.example.money.Loan:64 INFO  org.example.money.Loan - Bank profit calculated: 3.509999999999999
2023-12-09 14:24:20.750 [main] org.example.management.Top:26 INFO  org.example.management.Top - Inserting or ignoring entry in Top.
2023-12-09 14:24:20.750 [main] org.example.management.Top:46 INFO  org.example.management.Top - Entry inserted or ignored: Bank=Bank XYZ, Loan=Loan Y Home mortgage -- 5.2%, BankProfit=3.509999999999999
2023-12-09 14:24:20.750 [main] org.example.pattern.FindBestLoan:41 INFO  org.example.pattern.FindBestLoan - Checking loan: Bank=Bank XYZ, Loan=Loan Z Small business loan -- 3.8%, Interval=6
2023-12-09 14:24:20.751 [main] org.example.money.Loan:42 INFO  org.example.money.Loan - Calculating bank profit for Loan: Loan Z -- Small business loan -- 6 months -- 3 pays -- 3.8%
2023-12-09 14:24:20.751 [main] org.example.money.Loan:64 INFO  org.example.money.Loan - Bank profit calculated: 1.3933333333333333
2023-12-09 14:24:20.751 [main] org.example.management.Top:26 INFO  org.example.management.Top - Inserting or ignoring entry in Top.
2023-12-09 14:24:20.751 [main] org.example.management.Top:46 INFO  org.example.management.Top - Entry inserted or ignored: Bank=Bank XYZ, Loan=Loan Z Small business loan -- 3.8%, BankProfit=1.3933333333333333
2023-12-09 14:24:20.751 [main] org.example.management.Top:50 INFO  org.example.management.Top - Converting Top to String.
2023-12-09 14:24:21.457 [main] org.example.back.JsonProcessing:63 INFO  org.example.back.JsonProcessing - All data from D:\Java Programing\Lab8\target\classes\data\users.json was saved to userList
2023-12-09 14:24:21.458 [main] org.example.back.JsonProcessing:77 INFO  org.example.back.JsonProcessing - All data from D:\Java Programing\Lab8\target\classes\data\banks.json was read to bankList
2023-12-09 14:24:21.459 [main] org.example.back.JsonProcessing:63 INFO  org.example.back.JsonProcessing - All data from D:\Java Programing\Lab8\target\classes\data\users.json was saved to userList
2023-12-09 14:24:21.460 [main] org.example.back.JsonProcessing:77 INFO  org.example.back.JsonProcessing - All data from D:\Java Programing\Lab8\target\classes\data\banks.json was read to bankList
2023-12-09 14:24:21.460 [main] org.example.back.Login:27 INFO  org.example.back.Login - Logging, please provide username and password: 
2023-12-09 14:24:21.460 [main] org.example.back.Login:30 INFO  org.example.back.Login - Enter username
2023-12-09 14:24:21.460 [main] org.example.Main:35 ERROR org.example.Main - An error occurred during the app work
java.util.NoSuchElementException: No line found
	at java.base/java.util.Scanner.nextLine(Scanner.java:1660) ~[?:?]
	at org.example.back.Login.execute(Login.java:31) ~[classes/:?]
	at org.example.back.Login.<init>(Login.java:18) ~[classes/:?]
	at org.example.back.Menu.<init>(Menu.java:28) ~[classes/:?]
	at org.example.Main.main(Main.java:20) ~[classes/:?]
	at org.example.MainTest.lambda$testMainMethod$0(MainTest.java:22) ~[test-classes/:?]
	at org.junit.jupiter.api.AssertDoesNotThrow.assertDoesNotThrow(AssertDoesNotThrow.java:49) ~[junit-jupiter-api-5.9.2.jar:5.9.2]
	at org.junit.jupiter.api.AssertDoesNotThrow.assertDoesNotThrow(AssertDoesNotThrow.java:36) ~[junit-jupiter-api-5.9.2.jar:5.9.2]
	at org.junit.jupiter.api.Assertions.assertDoesNotThrow(Assertions.java:3136) ~[junit-jupiter-api-5.9.2.jar:5.9.2]
	at org.example.MainTest.testMainMethod(MainTest.java:22) ~[test-classes/:?]
	at java.base/jdk.internal.reflect.DirectMethodHandleAccessor.invoke(DirectMethodHandleAccessor.java:103) ~[?:?]
	at java.base/java.lang.reflect.Method.invoke(Method.java:580) ~[?:?]
	at org.junit.platform.commons.util.ReflectionUtils.invokeMethod(ReflectionUtils.java:727) ~[junit-platform-commons-1.9.2.jar:1.9.2]
	at org.junit.jupiter.engine.execution.MethodInvocation.proceed(MethodInvocation.java:60) ~[junit-jupiter-engine-5.9.2.jar:5.9.2]
	at org.junit.jupiter.engine.execution.InvocationInterceptorChain$ValidatingInvocation.proceed(InvocationInterceptorChain.java:131) ~[junit-jupiter-engine-5.9.2.jar:5.9.2]
	at org.junit.jupiter.engine.extension.TimeoutExtension.intercept(TimeoutExtension.java:156) ~[junit-jupiter-engine-5.9.2.jar:5.9.2]
	at org.junit.jupiter.engine.extension.TimeoutExtension.interceptTestableMethod(TimeoutExtension.java:147) ~[junit-jupiter-engine-5.9.2.jar:5.9.2]
	at org.junit.jupiter.engine.extension.TimeoutExtension.interceptTestMethod(TimeoutExtension.java:86) ~[junit-jupiter-engine-5.9.2.jar:5.9.2]
	at org.junit.jupiter.engine.execution.InterceptingExecutableInvoker$ReflectiveInterceptorCall.lambda$ofVoidMethod$0(InterceptingExecutableInvoker.java:103) ~[junit-jupiter-engine-5.9.2.jar:5.9.2]
	at org.junit.jupiter.engine.execution.InterceptingExecutableInvoker.lambda$invoke$0(InterceptingExecutableInvoker.java:93) ~[junit-jupiter-engine-5.9.2.jar:5.9.2]
	at org.junit.jupiter.engine.execution.InvocationInterceptorChain$InterceptedInvocation.proceed(InvocationInterceptorChain.java:106) ~[junit-jupiter-engine-5.9.2.jar:5.9.2]
	at org.junit.jupiter.engine.execution.InvocationInterceptorChain.proceed(InvocationInterceptorChain.java:64) ~[junit-jupiter-engine-5.9.2.jar:5.9.2]
	at org.junit.jupiter.engine.execution.InvocationInterceptorChain.chainAndInvoke(InvocationInterceptorChain.java:45) ~[junit-jupiter-engine-5.9.2.jar:5.9.2]
	at org.junit.jupiter.engine.execution.InvocationInterceptorChain.invoke(InvocationInterceptorChain.java:37) ~[junit-jupiter-engine-5.9.2.jar:5.9.2]
	at org.junit.jupiter.engine.execution.InterceptingExecutableInvoker.invoke(InterceptingExecutableInvoker.java:92) ~[junit-jupiter-engine-5.9.2.jar:5.9.2]
	at org.junit.jupiter.engine.execution.InterceptingExecutableInvoker.invoke(InterceptingExecutableInvoker.java:86) ~[junit-jupiter-engine-5.9.2.jar:5.9.2]
	at org.junit.jupiter.engine.descriptor.TestMethodTestDescriptor.lambda$invokeTestMethod$7(TestMethodTestDescriptor.java:217) ~[junit-jupiter-engine-5.9.2.jar:5.9.2]
	at org.junit.platform.engine.support.hierarchical.ThrowableCollector.execute(ThrowableCollector.java:73) ~[junit-platform-engine-1.9.2.jar:1.9.2]
	at org.junit.jupiter.engine.descriptor.TestMethodTestDescriptor.invokeTestMethod(TestMethodTestDescriptor.java:213) ~[junit-jupiter-engine-5.9.2.jar:5.9.2]
	at org.junit.jupiter.engine.descriptor.TestMethodTestDescriptor.execute(TestMethodTestDescriptor.java:138) ~[junit-jupiter-engine-5.9.2.jar:5.9.2]
	at org.junit.jupiter.engine.descriptor.TestMethodTestDescriptor.execute(TestMethodTestDescriptor.java:68) ~[junit-jupiter-engine-5.9.2.jar:5.9.2]
	at org.junit.platform.engine.support.hierarchical.NodeTestTask.lambda$executeRecursively$6(NodeTestTask.java:151) ~[junit-platform-engine-1.9.2.jar:1.9.2]
	at org.junit.platform.engine.support.hierarchical.ThrowableCollector.execute(ThrowableCollector.java:73) ~[junit-platform-engine-1.9.2.jar:1.9.2]
	at org.junit.platform.engine.support.hierarchical.NodeTestTask.lambda$executeRecursively$8(NodeTestTask.java:141) ~[junit-platform-engine-1.9.2.jar:1.9.2]
	at org.junit.platform.engine.support.hierarchical.Node.around(Node.java:137) ~[junit-platform-engine-1.9.2.jar:1.9.2]
	at org.junit.platform.engine.support.hierarchical.NodeTestTask.lambda$executeRecursively$9(NodeTestTask.java:139) ~[junit-platform-engine-1.9.2.jar:1.9.2]
	at org.junit.platform.engine.support.hierarchical.ThrowableCollector.execute(ThrowableCollector.java:73) ~[junit-platform-engine-1.9.2.jar:1.9.2]
	at org.junit.platform.engine.support.hierarchical.NodeTestTask.executeRecursively(NodeTestTask.java:138) ~[junit-platform-engine-1.9.2.jar:1.9.2]
	at org.junit.platform.engine.support.hierarchical.NodeTestTask.execute(NodeTestTask.java:95) ~[junit-platform-engine-1.9.2.jar:1.9.2]
	at java.base/java.util.ArrayList.forEach(ArrayList.java:1596) ~[?:?]
	at org.junit.platform.engine.support.hierarchical.SameThreadHierarchicalTestExecutorService.invokeAll(SameThreadHierarchicalTestExecutorService.java:41) ~[junit-platform-engine-1.9.2.jar:1.9.2]
	at org.junit.platform.engine.support.hierarchical.NodeTestTask.lambda$executeRecursively$6(NodeTestTask.java:155) ~[junit-platform-engine-1.9.2.jar:1.9.2]
	at org.junit.platform.engine.support.hierarchical.ThrowableCollector.execute(ThrowableCollector.java:73) ~[junit-platform-engine-1.9.2.jar:1.9.2]
	at org.junit.platform.engine.support.hierarchical.NodeTestTask.lambda$executeRecursively$8(NodeTestTask.java:141) ~[junit-platform-engine-1.9.2.jar:1.9.2]
	at org.junit.platform.engine.support.hierarchical.Node.around(Node.java:137) ~[junit-platform-engine-1.9.2.jar:1.9.2]
	at org.junit.platform.engine.support.hierarchical.NodeTestTask.lambda$executeRecursively$9(NodeTestTask.java:139) ~[junit-platform-engine-1.9.2.jar:1.9.2]
	at org.junit.platform.engine.support.hierarchical.ThrowableCollector.execute(ThrowableCollector.java:73) ~[junit-platform-engine-1.9.2.jar:1.9.2]
	at org.junit.platform.engine.support.hierarchical.NodeTestTask.executeRecursively(NodeTestTask.java:138) ~[junit-platform-engine-1.9.2.jar:1.9.2]
	at org.junit.platform.engine.support.hierarchical.NodeTestTask.execute(NodeTestTask.java:95) ~[junit-platform-engine-1.9.2.jar:1.9.2]
	at java.base/java.util.ArrayList.forEach(ArrayList.java:1596) ~[?:?]
	at org.junit.platform.engine.support.hierarchical.SameThreadHierarchicalTestExecutorService.invokeAll(SameThreadHierarchicalTestExecutorService.java:41) ~[junit-platform-engine-1.9.2.jar:1.9.2]
	at org.junit.platform.engine.support.hierarchical.NodeTestTask.lambda$executeRecursively$6(NodeTestTask.java:155) ~[junit-platform-engine-1.9.2.jar:1.9.2]
	at org.junit.platform.engine.support.hierarchical.ThrowableCollector.execute(ThrowableCollector.java:73) ~[junit-platform-engine-1.9.2.jar:1.9.2]
	at org.junit.platform.engine.support.hierarchical.NodeTestTask.lambda$executeRecursively$8(NodeTestTask.java:141) ~[junit-platform-engine-1.9.2.jar:1.9.2]
	at org.junit.platform.engine.support.hierarchical.Node.around(Node.java:137) ~[junit-platform-engine-1.9.2.jar:1.9.2]
	at org.junit.platform.engine.support.hierarchical.NodeTestTask.lambda$executeRecursively$9(NodeTestTask.java:139) ~[junit-platform-engine-1.9.2.jar:1.9.2]
	at org.junit.platform.engine.support.hierarchical.ThrowableCollector.execute(ThrowableCollector.java:73) ~[junit-platform-engine-1.9.2.jar:1.9.2]
	at org.junit.platform.engine.support.hierarchical.NodeTestTask.executeRecursively(NodeTestTask.java:138) ~[junit-platform-engine-1.9.2.jar:1.9.2]
	at org.junit.platform.engine.support.hierarchical.NodeTestTask.execute(NodeTestTask.java:95) ~[junit-platform-engine-1.9.2.jar:1.9.2]
	at org.junit.platform.engine.support.hierarchical.SameThreadHierarchicalTestExecutorService.submit(SameThreadHierarchicalTestExecutorService.java:35) ~[junit-platform-engine-1.9.2.jar:1.9.2]
	at org.junit.platform.engine.support.hierarchical.HierarchicalTestExecutor.execute(HierarchicalTestExecutor.java:57) ~[junit-platform-engine-1.9.2.jar:1.9.2]
	at org.junit.platform.engine.support.hierarchical.HierarchicalTestEngine.execute(HierarchicalTestEngine.java:54) ~[junit-platform-engine-1.9.2.jar:1.9.2]
	at org.junit.platform.launcher.core.EngineExecutionOrchestrator.execute(EngineExecutionOrchestrator.java:147) ~[junit-platform-launcher-1.9.2.jar:1.9.2]
	at org.junit.platform.launcher.core.EngineExecutionOrchestrator.execute(EngineExecutionOrchestrator.java:127) ~[junit-platform-launcher-1.9.2.jar:1.9.2]
	at org.junit.platform.launcher.core.EngineExecutionOrchestrator.execute(EngineExecutionOrchestrator.java:90) ~[junit-platform-launcher-1.9.2.jar:1.9.2]
	at org.junit.platform.launcher.core.EngineExecutionOrchestrator.lambda$execute$0(EngineExecutionOrchestrator.java:55) ~[junit-platform-launcher-1.9.2.jar:1.9.2]
	at org.junit.platform.launcher.core.EngineExecutionOrchestrator.withInterceptedStreams(EngineExecutionOrchestrator.java:102) [junit-platform-launcher-1.9.2.jar:1.9.2]
	at org.junit.platform.launcher.core.EngineExecutionOrchestrator.execute(EngineExecutionOrchestrator.java:54) [junit-platform-launcher-1.9.2.jar:1.9.2]
	at org.junit.platform.launcher.core.DefaultLauncher.execute(DefaultLauncher.java:114) [junit-platform-launcher-1.9.2.jar:1.9.2]
	at org.junit.platform.launcher.core.DefaultLauncher.execute(DefaultLauncher.java:86) [junit-platform-launcher-1.9.2.jar:1.9.2]
	at org.junit.platform.launcher.core.DefaultLauncherSession$DelegatingLauncher.execute(DefaultLauncherSession.java:86) [junit-platform-launcher-1.9.2.jar:1.9.2]
	at org.junit.platform.launcher.core.SessionPerRequestLauncher.execute(SessionPerRequestLauncher.java:53) [junit-platform-launcher-1.9.2.jar:1.9.2]
	at com.intellij.junit5.JUnit5IdeaTestRunner.startRunnerWithArgs(JUnit5IdeaTestRunner.java:57) [junit5-rt.jar:?]
	at com.intellij.rt.junit.IdeaTestRunner$Repeater$1.execute(IdeaTestRunner.java:38) [junit-rt.jar:?]
	at com.intellij.rt.execution.junit.TestsRepeater.repeat(TestsRepeater.java:11) [idea_rt.jar:?]
	at com.intellij.rt.junit.IdeaTestRunner$Repeater.startRunnerWithArgs(IdeaTestRunner.java:35) [junit-rt.jar:?]
	at com.intellij.rt.junit.JUnitStarter.prepareStreamsAndStart(JUnitStarter.java:232) [junit-rt.jar:?]
	at com.intellij.rt.junit.JUnitStarter.main(JUnitStarter.java:55) [junit-rt.jar:?]
2023-12-09 14:24:23.475 [main] org.example.back.DateToString:15 INFO  org.example.back.DateToString - Date to string: invalid-date -- 3
2023-12-09 14:24:23.476 [main] org.example.back.DateToString:26 ERROR org.example.back.DateToString - Error converting date: Text 'invalid-date' could not be parsed at index 0
2023-12-09 14:24:24.892 [main] org.example.back.DateToString:15 INFO  org.example.back.DateToString - Date to string: 2022-01-15 -- 3
2023-12-09 14:24:24.893 [main] org.example.back.DateToString:22 INFO  org.example.back.DateToString - DateConvertion result: 2022-04-15
2023-12-09 14:24:24.898 [main] org.example.back.JsonProcessing:66 ERROR org.example.back.JsonProcessing - bad\path\to\nowhere (The system cannot find the path specified)
2023-12-09 14:24:26.335 [main] org.example.back.JsonProcessing:63 INFO  org.example.back.JsonProcessing - All data from D:\Java Programing\Lab8\target\classes\data\users.json was saved to userList
2023-12-09 14:24:26.335 [main] org.example.back.JsonProcessing:77 INFO  org.example.back.JsonProcessing - All data from D:\Java Programing\Lab8\target\classes\data\banks.json was read to bankList
2023-12-09 14:24:26.343 [main] org.example.back.JsonProcessing:63 INFO  org.example.back.JsonProcessing - All data from D:\Java Programing\Lab8\target\classes\data\users.json was saved to userList
2023-12-09 14:24:26.343 [main] org.example.back.JsonProcessing:77 INFO  org.example.back.JsonProcessing - All data from D:\Java Programing\Lab8\target\classes\data\banks.json was read to bankList
2023-12-09 14:24:26.351 [main] org.example.back.JsonProcessing:63 INFO  org.example.back.JsonProcessing - All data from src/main/resources/dataForLoginTest/users.json was saved to userList
2023-12-09 14:24:26.351 [main] org.example.back.JsonProcessing:77 INFO  org.example.back.JsonProcessing - All data from src/main/resources/dataForLoginTest/banks.json was read to bankList
2023-12-09 14:24:26.352 [main] org.example.pattern.TakeLoan:24 INFO  org.example.pattern.TakeLoan - Executing TakeLoan command.
2023-12-09 14:24:26.352 [main] org.example.pattern.TakeLoan:27 INFO  org.example.pattern.TakeLoan - Taking a loan? Great!
2023-12-09 14:24:26.357 [main] org.example.pattern.TakeLoan:49 INFO  org.example.pattern.TakeLoan - Loan details: Bank=Monobank, Loan=Loan A This is a loan for a car -- 5.5%, LoanSum=1000.0
2023-12-09 14:24:26.357 [main] org.example.login.LoanUser:57 INFO  org.example.login.LoanUser - User Bohdan is taking a loan.
2023-12-09 14:24:26.357 [main] org.example.money.Loan:42 INFO  org.example.money.Loan - Calculating bank profit for Loan: Loan A -- This is a loan for a car -- 12 months -- 6 pays -- 5.5%
2023-12-09 14:24:26.358 [main] org.example.money.Loan:64 INFO  org.example.money.Loan - Bank profit calculated: 330.0000000000001
2023-12-09 14:24:26.358 [main] org.example.money.TakenLoan:28 INFO  org.example.money.TakenLoan - Creating TakenLoan instance: Bank=Monobank, Loan=Loan A This is a loan for a car -- 5.5%, TotalAmount=1000.0, TakenDate=2023-12-09
2023-12-09 14:24:26.359 [main] org.example.login.LoanUser:63 INFO  org.example.login.LoanUser - Loan taken: Bank: Monobank
Loan A This is a loan for a car -- 5.5%
Sum of the loan: 1330 -- Date of the loan: 2023-12-09

2023-12-09 14:24:26.366 [main] org.example.back.JsonProcessing:103 INFO  org.example.back.JsonProcessing - UserList was converted to JSON format string
2023-12-09 14:24:26.368 [main] org.example.back.JsonProcessing:105 INFO  org.example.back.JsonProcessing - JSON format string was saved to file
2023-12-09 14:24:26.369 [main] org.example.pattern.TakeLoan:56 INFO  org.example.pattern.TakeLoan - Loan successfully taken.
2023-12-09 14:26:31.703 [main] org.example.back.JsonProcessing:63 INFO  org.example.back.JsonProcessing - All data from D:\Java Programing\Lab8\target\classes\data\users.json was saved to userList
2023-12-09 14:26:31.705 [main] org.example.back.JsonProcessing:77 INFO  org.example.back.JsonProcessing - All data from D:\Java Programing\Lab8\target\classes\data\banks.json was read to bankList
2023-12-09 14:26:31.708 [main] org.example.back.JsonProcessing:63 INFO  org.example.back.JsonProcessing - All data from D:\Java Programing\Lab8\target\classes\data\users.json was saved to userList
2023-12-09 14:26:31.708 [main] org.example.back.JsonProcessing:77 INFO  org.example.back.JsonProcessing - All data from D:\Java Programing\Lab8\target\classes\data\banks.json was read to bankList
2023-12-09 14:26:31.709 [main] org.example.back.Login:27 INFO  org.example.back.Login - Logging, please provide username and password: 
2023-12-09 14:26:31.709 [main] org.example.back.Login:30 INFO  org.example.back.Login - Enter username
2023-12-09 14:26:37.308 [main] org.example.back.Login:34 INFO  org.example.back.Login - Enter password
2023-12-09 14:26:38.730 [main] org.example.back.JsonProcessing:122 INFO  org.example.back.JsonProcessing - User Bohdan logged in successfully
2023-12-09 14:26:38.730 [main] org.example.back.Login:44 INFO  org.example.back.Login - User Bohdan successfully logged in
2023-12-09 14:26:38.730 [main] org.example.Main:26 INFO  org.example.Main - Initializing menu...
2023-12-09 14:26:38.730 [main] org.example.back.Menu:35 INFO  org.example.back.Menu - Enter your command (see /help): 
2023-12-09 14:26:41.159 [main] org.example.back.Menu:48 INFO  org.example.back.Menu - /exit -- stop program execution
2023-12-09 14:26:41.160 [main] org.example.back.Menu:35 INFO  org.example.back.Menu - Enter your command (see /help): 
2023-12-09 14:26:45.513 [main] org.example.pattern.PrintUserLoans:14 INFO  org.example.pattern.PrintUserLoans - Creating PrintUserLoans instance.
2023-12-09 14:26:45.514 [main] org.example.pattern.PrintUserLoans:21 INFO  org.example.pattern.PrintUserLoans - Executing PrintUserLoans command.
2023-12-09 14:26:45.514 [main] org.example.pattern.PrintUserLoans:31 INFO  org.example.pattern.PrintUserLoans - Printing user loans.
2023-12-09 14:26:45.521 [main] org.example.pattern.PrintUserLoans:37 INFO  org.example.pattern.PrintUserLoans - Loan 1: Bank: Monobank
Loan A This is a loan for a car -- 5.5%
Sum of the loan: 30590 -- Date of the loan: 2023-12-08

2023-12-09 14:26:45.522 [main] org.example.pattern.PrintUserLoans:37 INFO  org.example.pattern.PrintUserLoans - Loan 2: Bank: Bank XYZ
Loan Y Home mortgage -- 5.2%
Sum of the loan: 16212 -- Date of the loan: 2023-12-08

2023-12-09 14:26:45.522 [main] org.example.back.Menu:35 INFO  org.example.back.Menu - Enter your command (see /help): 
2023-12-09 14:26:55.235 [main] org.example.pattern.FindBestLoan:21 INFO  org.example.pattern.FindBestLoan - Creating FindBestLoan instance.
2023-12-09 14:26:57.791 [main] org.example.pattern.FindBestLoan:34 INFO  org.example.pattern.FindBestLoan - Executing FindBestLoan command.
2023-12-09 14:26:57.794 [main] org.example.pattern.FindBestLoan:41 INFO  org.example.pattern.FindBestLoan - Checking loan: Bank=Monobank, Loan=Loan A This is a loan for a car -- 5.5%, Interval=12
2023-12-09 14:26:57.795 [main] org.example.money.Loan:42 INFO  org.example.money.Loan - Calculating bank profit for Loan: Loan A -- This is a loan for a car -- 12 months -- 6 pays -- 5.5%
2023-12-09 14:26:57.795 [main] org.example.money.Loan:64 INFO  org.example.money.Loan - Bank profit calculated: 3.3
2023-12-09 14:26:57.796 [main] org.example.management.Top:26 INFO  org.example.management.Top - Inserting or ignoring entry in Top.
2023-12-09 14:26:57.796 [main] org.example.management.Top:46 INFO  org.example.management.Top - Entry inserted or ignored: Bank=Monobank, Loan=Loan A This is a loan for a car -- 5.5%, BankProfit=3.3
2023-12-09 14:26:57.796 [main] org.example.pattern.FindBestLoan:41 INFO  org.example.pattern.FindBestLoan - Checking loan: Bank=Monobank, Loan=Loan B Home improvement loan -- 4.8%, Interval=6
2023-12-09 14:26:57.797 [main] org.example.money.Loan:42 INFO  org.example.money.Loan - Calculating bank profit for Loan: Loan B -- Home improvement loan -- 6 months -- 6 pays -- 4.8%
2023-12-09 14:26:57.797 [main] org.example.money.Loan:64 INFO  org.example.money.Loan - Bank profit calculated: 1.68
2023-12-09 14:26:57.797 [main] org.example.management.Top:26 INFO  org.example.management.Top - Inserting or ignoring entry in Top.
2023-12-09 14:26:57.797 [main] org.example.management.Top:46 INFO  org.example.management.Top - Entry inserted or ignored: Bank=Monobank, Loan=Loan B Home improvement loan -- 4.8%, BankProfit=1.68
2023-12-09 14:26:57.798 [main] org.example.pattern.FindBestLoan:41 INFO  org.example.pattern.FindBestLoan - Checking loan: Bank=Monobank, Loan=Loan C Education loan -- 6.2%, Interval=36
2023-12-09 14:26:57.798 [main] org.example.money.Loan:42 INFO  org.example.money.Loan - Calculating bank profit for Loan: Loan C -- Education loan -- 36 months -- 2 pays -- 6.2%
2023-12-09 14:26:57.798 [main] org.example.money.Loan:64 INFO  org.example.money.Loan - Bank profit calculated: 11.47
2023-12-09 14:26:57.799 [main] org.example.management.Top:26 INFO  org.example.management.Top - Inserting or ignoring entry in Top.
2023-12-09 14:26:57.799 [main] org.example.management.Top:46 INFO  org.example.management.Top - Entry inserted or ignored: Bank=Monobank, Loan=Loan C Education loan -- 6.2%, BankProfit=11.47
2023-12-09 14:26:57.799 [main] org.example.pattern.FindBestLoan:41 INFO  org.example.pattern.FindBestLoan - Checking loan: Bank=Bank XYZ, Loan=Loan X Personal loan -- 4.0%, Interval=24
2023-12-09 14:26:57.800 [main] org.example.money.Loan:42 INFO  org.example.money.Loan - Calculating bank profit for Loan: Loan X -- Personal loan -- 24 months -- 8 pays -- 4.0%
2023-12-09 14:26:57.800 [main] org.example.money.Loan:64 INFO  org.example.money.Loan - Bank profit calculated: 4.6
2023-12-09 14:26:57.800 [main] org.example.management.Top:26 INFO  org.example.management.Top - Inserting or ignoring entry in Top.
2023-12-09 14:26:57.801 [main] org.example.management.Top:46 INFO  org.example.management.Top - Entry inserted or ignored: Bank=Bank XYZ, Loan=Loan X Personal loan -- 4.0%, BankProfit=4.6
2023-12-09 14:26:57.801 [main] org.example.pattern.FindBestLoan:41 INFO  org.example.pattern.FindBestLoan - Checking loan: Bank=Bank XYZ, Loan=Loan Y Home mortgage -- 5.2%, Interval=12
2023-12-09 14:26:57.801 [main] org.example.money.Loan:42 INFO  org.example.money.Loan - Calculating bank profit for Loan: Loan Y -- Home mortgage -- 12 months -- 4 pays -- 5.2%
2023-12-09 14:26:57.802 [main] org.example.money.Loan:64 INFO  org.example.money.Loan - Bank profit calculated: 3.509999999999999
2023-12-09 14:26:57.802 [main] org.example.management.Top:26 INFO  org.example.management.Top - Inserting or ignoring entry in Top.
2023-12-09 14:26:57.802 [main] org.example.management.Top:46 INFO  org.example.management.Top - Entry inserted or ignored: Bank=Bank XYZ, Loan=Loan Y Home mortgage -- 5.2%, BankProfit=3.509999999999999
2023-12-09 14:26:57.802 [main] org.example.pattern.FindBestLoan:41 INFO  org.example.pattern.FindBestLoan - Checking loan: Bank=Bank XYZ, Loan=Loan Z Small business loan -- 3.8%, Interval=6
2023-12-09 14:26:57.802 [main] org.example.money.Loan:42 INFO  org.example.money.Loan - Calculating bank profit for Loan: Loan Z -- Small business loan -- 6 months -- 3 pays -- 3.8%
2023-12-09 14:26:57.802 [main] org.example.money.Loan:64 INFO  org.example.money.Loan - Bank profit calculated: 1.3933333333333333
2023-12-09 14:26:57.803 [main] org.example.management.Top:26 INFO  org.example.management.Top - Inserting or ignoring entry in Top.
2023-12-09 14:26:57.803 [main] org.example.management.Top:46 INFO  org.example.management.Top - Entry inserted or ignored: Bank=Bank XYZ, Loan=Loan Z Small business loan -- 3.8%, BankProfit=1.3933333333333333
2023-12-09 14:26:57.803 [main] org.example.pattern.FindBestLoan:41 INFO  org.example.pattern.FindBestLoan - Checking loan: Bank=Monobank, Loan=Loan A This is a loan for a car -- 5.5%, Interval=12
2023-12-09 14:26:57.803 [main] org.example.money.Loan:42 INFO  org.example.money.Loan - Calculating bank profit for Loan: Loan A -- This is a loan for a car -- 12 months -- 6 pays -- 5.5%
2023-12-09 14:26:57.803 [main] org.example.money.Loan:64 INFO  org.example.money.Loan - Bank profit calculated: 3.3
2023-12-09 14:26:57.803 [main] org.example.management.Top:26 INFO  org.example.management.Top - Inserting or ignoring entry in Top.
2023-12-09 14:26:57.804 [main] org.example.management.Top:46 INFO  org.example.management.Top - Entry inserted or ignored: Bank=Monobank, Loan=Loan A This is a loan for a car -- 5.5%, BankProfit=3.3
2023-12-09 14:26:57.804 [main] org.example.pattern.FindBestLoan:41 INFO  org.example.pattern.FindBestLoan - Checking loan: Bank=Monobank, Loan=Loan B Home improvement loan -- 4.8%, Interval=6
2023-12-09 14:26:57.804 [main] org.example.money.Loan:42 INFO  org.example.money.Loan - Calculating bank profit for Loan: Loan B -- Home improvement loan -- 6 months -- 6 pays -- 4.8%
2023-12-09 14:26:57.804 [main] org.example.money.Loan:64 INFO  org.example.money.Loan - Bank profit calculated: 1.68
2023-12-09 14:26:57.804 [main] org.example.management.Top:26 INFO  org.example.management.Top - Inserting or ignoring entry in Top.
2023-12-09 14:26:57.804 [main] org.example.management.Top:46 INFO  org.example.management.Top - Entry inserted or ignored: Bank=Monobank, Loan=Loan B Home improvement loan -- 4.8%, BankProfit=1.68
2023-12-09 14:26:57.804 [main] org.example.pattern.FindBestLoan:41 INFO  org.example.pattern.FindBestLoan - Checking loan: Bank=Monobank, Loan=Loan C Education loan -- 6.2%, Interval=36
2023-12-09 14:26:57.804 [main] org.example.money.Loan:42 INFO  org.example.money.Loan - Calculating bank profit for Loan: Loan C -- Education loan -- 36 months -- 2 pays -- 6.2%
2023-12-09 14:26:57.805 [main] org.example.money.Loan:64 INFO  org.example.money.Loan - Bank profit calculated: 11.47
2023-12-09 14:26:57.805 [main] org.example.management.Top:26 INFO  org.example.management.Top - Inserting or ignoring entry in Top.
2023-12-09 14:26:57.805 [main] org.example.management.Top:46 INFO  org.example.management.Top - Entry inserted or ignored: Bank=Monobank, Loan=Loan C Education loan -- 6.2%, BankProfit=11.47
2023-12-09 14:26:57.805 [main] org.example.pattern.FindBestLoan:41 INFO  org.example.pattern.FindBestLoan - Checking loan: Bank=Bank XYZ, Loan=Loan X Personal loan -- 4.0%, Interval=24
2023-12-09 14:26:57.805 [main] org.example.money.Loan:42 INFO  org.example.money.Loan - Calculating bank profit for Loan: Loan X -- Personal loan -- 24 months -- 8 pays -- 4.0%
2023-12-09 14:26:57.805 [main] org.example.money.Loan:64 INFO  org.example.money.Loan - Bank profit calculated: 4.6
2023-12-09 14:26:57.805 [main] org.example.management.Top:26 INFO  org.example.management.Top - Inserting or ignoring entry in Top.
2023-12-09 14:26:57.805 [main] org.example.management.Top:46 INFO  org.example.management.Top - Entry inserted or ignored: Bank=Bank XYZ, Loan=Loan X Personal loan -- 4.0%, BankProfit=4.6
2023-12-09 14:26:57.806 [main] org.example.pattern.FindBestLoan:41 INFO  org.example.pattern.FindBestLoan - Checking loan: Bank=Bank XYZ, Loan=Loan Y Home mortgage -- 5.2%, Interval=12
2023-12-09 14:26:57.806 [main] org.example.money.Loan:42 INFO  org.example.money.Loan - Calculating bank profit for Loan: Loan Y -- Home mortgage -- 12 months -- 4 pays -- 5.2%
2023-12-09 14:26:57.806 [main] org.example.money.Loan:64 INFO  org.example.money.Loan - Bank profit calculated: 3.509999999999999
2023-12-09 14:26:57.806 [main] org.example.management.Top:26 INFO  org.example.management.Top - Inserting or ignoring entry in Top.
2023-12-09 14:26:57.806 [main] org.example.management.Top:46 INFO  org.example.management.Top - Entry inserted or ignored: Bank=Bank XYZ, Loan=Loan Y Home mortgage -- 5.2%, BankProfit=3.509999999999999
2023-12-09 14:26:57.806 [main] org.example.pattern.FindBestLoan:41 INFO  org.example.pattern.FindBestLoan - Checking loan: Bank=Bank XYZ, Loan=Loan Z Small business loan -- 3.8%, Interval=6
2023-12-09 14:26:57.806 [main] org.example.money.Loan:42 INFO  org.example.money.Loan - Calculating bank profit for Loan: Loan Z -- Small business loan -- 6 months -- 3 pays -- 3.8%
2023-12-09 14:26:57.806 [main] org.example.money.Loan:64 INFO  org.example.money.Loan - Bank profit calculated: 1.3933333333333333
2023-12-09 14:26:57.806 [main] org.example.management.Top:26 INFO  org.example.management.Top - Inserting or ignoring entry in Top.
2023-12-09 14:26:57.807 [main] org.example.management.Top:46 INFO  org.example.management.Top - Entry inserted or ignored: Bank=Bank XYZ, Loan=Loan Z Small business loan -- 3.8%, BankProfit=1.3933333333333333
2023-12-09 14:26:57.807 [main] org.example.management.Top:50 INFO  org.example.management.Top - Converting Top to String.
2023-12-09 14:26:57.807 [main] org.example.back.Menu:35 INFO  org.example.back.Menu - Enter your command (see /help): 
2023-12-09 14:27:18.951 [main] org.example.pattern.TakeLoan:24 INFO  org.example.pattern.TakeLoan - Executing TakeLoan command.
2023-12-09 14:27:18.952 [main] org.example.pattern.TakeLoan:27 INFO  org.example.pattern.TakeLoan - Taking a loan? Great!
2023-12-09 14:27:23.818 [main] org.example.pattern.TakeLoan:49 INFO  org.example.pattern.TakeLoan - Loan details: Bank=Monobank, Loan=Loan A This is a loan for a car -- 5.5%, LoanSum=2000.0
2023-12-09 14:27:23.819 [main] org.example.login.LoanUser:57 INFO  org.example.login.LoanUser - User Bohdan is taking a loan.
2023-12-09 14:27:23.821 [main] org.example.money.Loan:42 INFO  org.example.money.Loan - Calculating bank profit for Loan: Loan A -- This is a loan for a car -- 12 months -- 6 pays -- 5.5%
2023-12-09 14:27:23.821 [main] org.example.money.Loan:64 INFO  org.example.money.Loan - Bank profit calculated: 660.0000000000002
2023-12-09 14:27:23.822 [main] org.example.money.TakenLoan:28 INFO  org.example.money.TakenLoan - Creating TakenLoan instance: Bank=Monobank, Loan=Loan A This is a loan for a car -- 5.5%, TotalAmount=2000.0, TakenDate=2023-12-09
2023-12-09 14:27:23.822 [main] org.example.login.LoanUser:63 INFO  org.example.login.LoanUser - Loan taken: Bank: Monobank
Loan A This is a loan for a car -- 5.5%
Sum of the loan: 2660 -- Date of the loan: 2023-12-09

2023-12-09 14:27:23.827 [main] org.example.back.JsonProcessing:103 INFO  org.example.back.JsonProcessing - UserList was converted to JSON format string
2023-12-09 14:27:23.828 [main] org.example.back.JsonProcessing:105 INFO  org.example.back.JsonProcessing - JSON format string was saved to file
2023-12-09 14:27:23.828 [main] org.example.pattern.TakeLoan:56 INFO  org.example.pattern.TakeLoan - Loan successfully taken.
2023-12-09 14:27:23.829 [main] org.example.back.Menu:35 INFO  org.example.back.Menu - Enter your command (see /help): 
2023-12-09 14:27:40.320 [main] org.example.pattern.PrintUserLoans:14 INFO  org.example.pattern.PrintUserLoans - Creating PrintUserLoans instance.
2023-12-09 14:27:40.320 [main] org.example.pattern.PrintUserLoans:21 INFO  org.example.pattern.PrintUserLoans - Executing PrintUserLoans command.
2023-12-09 14:27:40.320 [main] org.example.pattern.PrintUserLoans:31 INFO  org.example.pattern.PrintUserLoans - Printing user loans.
2023-12-09 14:27:40.321 [main] org.example.pattern.PrintUserLoans:37 INFO  org.example.pattern.PrintUserLoans - Loan 1: Bank: Monobank
Loan A This is a loan for a car -- 5.5%
Sum of the loan: 30590 -- Date of the loan: 2023-12-08

2023-12-09 14:27:40.322 [main] org.example.pattern.PrintUserLoans:37 INFO  org.example.pattern.PrintUserLoans - Loan 2: Bank: Bank XYZ
Loan Y Home mortgage -- 5.2%
Sum of the loan: 16212 -- Date of the loan: 2023-12-08

2023-12-09 14:27:40.323 [main] org.example.pattern.PrintUserLoans:37 INFO  org.example.pattern.PrintUserLoans - Loan 3: Bank: Monobank
Loan A This is a loan for a car -- 5.5%
Sum of the loan: 2660 -- Date of the loan: 2023-12-09

2023-12-09 14:27:40.323 [main] org.example.back.Menu:35 INFO  org.example.back.Menu - Enter your command (see /help): 
2023-12-09 14:27:58.203 [main] org.example.Main:31 ERROR org.example.Main - This is sample error to check how mailer and buffer logs work
2023-12-09 14:27:59.642 [main] org.example.Main:32 INFO  org.example.Main - Application completed successfully
